#
# A fatal error has been detected by the Java Runtime Environment:
#
#  SIGBUS (0xa) at pc=0x000000010ea1d4f0, pid=8258, tid=34827
#
# JRE version: OpenJDK Runtime Environment Corretto-17.0.4.9.1 (17.0.4.1+9) (build 17.0.4.1+9-LTS)
# Java VM: OpenJDK 64-Bit Server VM Corretto-17.0.4.9.1 (17.0.4.1+9-LTS, mixed mode, sharing, tiered, compressed oops, compressed class ptrs, g1 gc, bsd-aarch64)
# Problematic frame:
# v  ~StubRoutines::SafeFetchN
#
# No core dump will be written. Core dumps have been disabled. To enable core dumping, try "ulimit -c unlimited" before starting Java again
#
# If you would like to submit a bug report, please visit:
#   https://github.com/corretto/corretto-17/issues/
# The crash happened outside the Java Virtual Machine in native code.
# See problematic frame for where to report the bug.
#

---------------  S U M M A R Y ------------

Command Line: -javaagent:/Applications/IntelliJ IDEA.app/Contents/lib/idea_rt.jar=54707:/Applications/IntelliJ IDEA.app/Contents/bin -Dfile.encoding=UTF-8 --module-path=/Users/zijiandong/.m2/repository/org/openjfx/javafx-controls/17.0.1/javafx-controls-17.0.1-mac-aarch64.jar:/Users/zijiandong/Documents/GitHub/Project_2.2_02/target/classes:/Users/zijiandong/.m2/repository/org/openjfx/javafx-graphics/17.0.1/javafx-graphics-17.0.1-mac-aarch64.jar:/Users/zijiandong/.m2/repository/org/openjfx/javafx-fxml/17.0.1/javafx-fxml-17.0.1-mac-aarch64.jar:/Users/zijiandong/.m2/repository/org/openjfx/javafx-base/17.0.1/javafx-base-17.0.1-mac-aarch64.jar -Djdk.module.main=chatbot.project22 chatbot.project22/chatbot.project22.GUI.StartScreen

Host: "MacBookPro18,3" arm64, 8 cores, 16G, Darwin 21.6.0, macOS 12.6 (21G115)
Time: Wed Mar 22 12:07:54 2023 CET elapsed time: 2.749947 seconds (0d 0h 0m 2s)

---------------  T H R E A D  ---------------

Current thread (0x000000013b091200):  JavaThread "InvokeLaterDispatcher" daemon [_thread_in_native, id=34827, stack(0x000000016db50000,0x000000016dd53000)]

Stack: [0x000000016db50000,0x000000016dd53000],  sp=0x000000016dd52790,  free space=2057k
Native frames: (J=compiled Java code, j=interpreted, Vv=VM code, C=native code)
v  ~StubRoutines::SafeFetchN
V  [libjvm.dylib+0x7b8240]  _ZN10OopStorage7releaseEPKP7oopDesc+0x20
V  [libjvm.dylib+0x4c92e0]  jni_DeleteGlobalRef+0xd8
C  [libglass.dylib+0xab08]  -[GlassRunnable dealloc]+0x34
C  [Foundation+0x852b8]  -[_NSThreadPerformInfo dealloc]+0x30
C  [Foundation+0x51824]  -[NSObject(NSThreadPerformAdditions) performSelectorOnMainThread:withObject:waitUntilDone:]+0x88
C  0x237000010ea258ac
j  com.sun.glass.ui.mac.MacApplication.submitForLaterInvocation(Ljava/lang/Runnable;)V+2 javafx.graphics
j  com.sun.glass.ui.InvokeLaterDispatcher.run()V+82 javafx.graphics
v  ~StubRoutines::call_stub
V  [libjvm.dylib+0x46e49c]  _ZN9JavaCalls11call_helperEP9JavaValueRK12methodHandleP17JavaCallArgumentsP10JavaThread+0x390
V  [libjvm.dylib+0x46d508]  _ZN9JavaCalls12call_virtualEP9JavaValueP5KlassP6SymbolS5_P17JavaCallArgumentsP10JavaThread+0xf8
V  [libjvm.dylib+0x46d5d0]  _ZN9JavaCalls12call_virtualEP9JavaValue6HandleP5KlassP6SymbolS6_P10JavaThread+0x64
V  [libjvm.dylib+0x5227d4]  _ZL12thread_entryP10JavaThreadS0_+0xc4
V  [libjvm.dylib+0x9a3054]  _ZN10JavaThread17thread_main_innerEv+0x14c
V  [libjvm.dylib+0x9a16e0]  _ZN6Thread8call_runEv+0x128
V  [libjvm.dylib+0x7bf218]  _ZL19thread_native_entryP6Thread+0x158
C  [libsystem_pthread.dylib+0x726c]  _pthread_start+0x94

Java frames: (J=compiled Java code, j=interpreted, Vv=VM code)
j  com.sun.glass.ui.mac.MacApplication._submitForLaterInvocation(Ljava/lang/Runnable;)V+0 javafx.graphics
j  com.sun.glass.ui.mac.MacApplication.submitForLaterInvocation(Ljava/lang/Runnable;)V+2 javafx.graphics
j  com.sun.glass.ui.InvokeLaterDispatcher.run()V+82 javafx.graphics
v  ~StubRoutines::call_stub

siginfo: si_signo: 10 (SIGBUS), si_code: 1 (BUS_ADRALN), si_addr: 0x000000010ea1d4f0

Register to memory mapping:

 x0=0x000000013c00c048 is a global jni handle
 x1=0x0 is NULL
 x2=0x000000070ee96838 is an oop: com.sun.glass.ui.InvokeLaterDispatcher$Future 
{0x000000070ee96838} - klass: 'com/sun/glass/ui/InvokeLaterDispatcher$Future'
 - ---- fields (total size 3 words):
 - private 'done' 'Z' @12  true
 - private final 'runnable' 'Ljava/lang/Runnable;' @16  a 'com/sun/javafx/tk/quantum/QuantumToolkit$$Lambda$85+0x0000000800c397a0'{0x000000070e91d780} (e1d23af0)
 - final synthetic 'this$0' 'Lcom/sun/glass/ui/InvokeLaterDispatcher;' @20  a 'com/sun/glass/ui/InvokeLaterDispatcher'{0x000000070e82aad8} (e1d0555b)
 x3=0x0 is NULL
 x4=0x00000000000130a8 is an unknown value
 x5=0x0 is NULL
 x6=0x0 is NULL
 x7=0x0 is NULL
 x8=0x000000010ea1d4ec is at begin+0 in a stub
StubRoutines::SafeFetchN [0x000000010ea1d4ec, 0x000000010ea1d4f8] (12 bytes)
 x9=0x0 is NULL
x10=0x2010000030300000 is an unknown value
x11=0x0000000000000007 is an unknown value
x12=0x0000000000000005 is an unknown value
x13=0x0000600002c04140 points into unknown readable memory: 0xc41c0001295ea9e8 | e8 a9 5e 29 01 00 1c c4
x14=0x0000210000000000 is an unknown value
x15=0x0000000129625f98: OBJC_CLASS_$_GlassRunnable+0 in /Users/zijiandong/.openjfx/cache/17.0.1/libglass.dylib at 0x00000001295e0000
x16=0x000000019d7e30fc: pthread_getspecific+0 in /usr/lib/system/libsystem_pthread.dylib at 0x000000019d7e1000
x17=0x0000600002905650 points into unknown readable memory: 0xfffffffffffffffe | fe ff ff ff ff ff ff ff
x18=0x0 is NULL
x19=0x0000600002905340 points into unknown readable memory: 0x00006000000002e0 | e0 02 00 00 00 60 00 00
x20=0x000000013c00be40 points into unknown readable memory: 0xb46514398ff21f3e | 3e 1f f2 8f 39 14 65 b4
x21=0x000000013c00c048 is a global jni handle
x22=0x000000013b091200 is a thread
x23=0x0000000000000001 is an unknown value
x24=0x000000013c00c000 is a global jni handle
x25=0x0000000106bf0ae8: _ZN12StubRoutines17_safefetchN_entryE+0 in /Users/zijiandong/Library/Java/JavaVirtualMachines/corretto-17.0.4.1/Contents/Home/lib/server/libjvm.dylib at 0x0000000105f8c000
x26=0x00000001291189d8 is pointing into metadata
x27=0x0 is NULL
x28=0x000000013b091200 is a thread


Registers:
 x0=0x000000013c00c048  x1=0x0000000000000000  x2=0x000000070ee96838  x3=0x0000000000000000
 x4=0x00000000000130a8  x5=0x0000000000000000  x6=0x0000000000000000  x7=0x0000000000000000
 x8=0x000000010ea1d4ec  x9=0x0000000000000000 x10=0x2010000030300000 x11=0x0000000000000007
x12=0x0000000000000005 x13=0x0000600002c04140 x14=0x0000210000000000 x15=0x0000000129625f98
x16=0x000000019d7e30fc x17=0x0000600002905650 x18=0x0000000000000000 x19=0x0000600002905340
x20=0x000000013c00be40 x21=0x000000013c00c048 x22=0x000000013b091200 x23=0x0000000000000001
x24=0x000000013c00c000 x25=0x0000000106bf0ae8 x26=0x00000001291189d8 x27=0x0000000000000000
x28=0x000000013b091200  fp=0x000000016dd527d0  lr=0x000000010674301c  sp=0x000000016dd52790
pc=0x000000010ea1d4f0 cpsr=0x0000000060001000
Top of Stack: (sp=0x000000016dd52790)
0x000000016dd52790:   00000001291189d8 0000000000000001
0x000000016dd527a0:   000000013a867338 0000000000000000
0x000000016dd527b0:   000000013a8672a8 000000013c00c038
0x000000016dd527c0:   000000013c00c038 0000600002905340
0x000000016dd527d0:   000000016dd52810 0000000106744240
0x000000016dd527e0:   0000000000000001 000000013c00c038
0x000000016dd527f0:   000000013a8672a8 000000013c00c038
0x000000016dd52800:   0000000000000001 000000013a867000
0x000000016dd52810:   000000016dd52850 00000001064552e0
0x000000016dd52820:   000000016dd52998 0000600000018280
0x000000016dd52830:   00006000000181e0 00000001e7b25909
0x000000016dd52840:   0000000000000000 00006000000181e0
0x000000016dd52850:   000000016dd52880 00000001295eab08
0x000000016dd52860:   c5ed896b2b020092 0000000000000000
0x000000016dd52870:   0000000000000000 0000600001724b80
0x000000016dd52880:   000000016dd528c0 000000019e7b92b8
0x000000016dd52890:   000000016dd52998 0000600000018280
0x000000016dd528a0:   00006000000181e0 c5ed896b2b020092
0x000000016dd528b0:   0000000000000000 0000000000000000
0x000000016dd528c0:   000000016dd52900 c04a80019e785824
0x000000016dd528d0:   000000016dd52998 000000010ea247c0
0x000000016dd528e0:   0000000000000000 0000000106bf84a8
0x000000016dd528f0:   000000016dd52910 000000010ea23730
0x000000016dd52900:   000000016dd52970 237000010ea258ac
0x000000016dd52910:   000000016dd52978 0000000128dbebe0
0x000000016dd52920:   000000016dd52920 0000000000000000
0x000000016dd52930:   000000016dd52998 00000001291189d8
0x000000016dd52940:   000000070e821758 0000000000000000
0x000000016dd52950:   0000000000000000 00000001290f7e98
0x000000016dd52960:   0000000000000000 000000016dd52970
0x000000016dd52970:   000000016dd529f0 000000010ea21fc8
0x000000016dd52980:   0000000000000000 0000000000000000 

Instructions: (pc=0x000000010ea1d4f0)
0x000000010ea1d3f0:   f2a0d769 f2c00029 6d425935 1e640886
0x000000010ea1d400:   0c402d31 1e6408c7 1f5654d0 1e6c1017
0x000000010ea1d410:   1f5050d0 1f504cd0 1f5048d0 1e650af6
0x000000010ea1d420:   1f50d8f6 1f5694d6 1f5158f6 1e762880
0x000000010ea1d430:   36000501 1e614000 14000026 2e251ca5
0x000000010ea1d440:   d29a3009 f2a0d769 f2c00029 6d425d36
0x000000010ea1d450:   1e600806 0c402d32 1f5758c7 1e6c101a
0x000000010ea1d460:   1f4754c7 1e650805 1f4750c7 d2866668
0x000000010ea1d470:   f2a7fa68 1f474cc7 1e6608c0 1f4748c7
0x000000010ea1d480:   1e6e1019 eb08007f 540000ac 1f479400
0x000000010ea1d490:   1f460340 1e603b20 1400000e d2a7fd29
0x000000010ea1d4a0:   eb09007f 540000ac 51480069 d3607d29
0x000000010ea1d4b0:   9e670121 14000002 1e6a5001 1f679417
0x000000010ea1d4c0:   1f668742 1e613b23 1e773857 1e773860
0x000000010ea1d4d0:   a8c17ff3 910003bf a8c17bfd d65f03c0
0x000000010ea1d4e0:   b9400001 aa0103e0 d65f03c0 f9400001
0x000000010ea1d4f0:   aa0103e0 d65f03c0 00000000 00000000
0x000000010ea1d500:   00000000 00000000 00000000 00000000
0x000000010ea1d510:   00000000 00000000 00000000 00000000
0x000000010ea1d520:   00000000 00000000 00000000 00000000
0x000000010ea1d530:   00000000 00000000 00000000 00000000
0x000000010ea1d540:   00000000 00000000 00000000 00000000
0x000000010ea1d550:   00000000 00000000 00000000 00000000
0x000000010ea1d560:   00000000 00000000 00000000 00000000
0x000000010ea1d570:   00000000 00000000 00000000 00000000
0x000000010ea1d580:   00000000 00000000 00000000 00000000
0x000000010ea1d590:   00000000 00000000 00000000 00000000
0x000000010ea1d5a0:   00000000 00000000 00000000 00000000
0x000000010ea1d5b0:   00000000 00000000 00000000 00000000
0x000000010ea1d5c0:   00000000 00000000 00000000 00000000
0x000000010ea1d5d0:   00000000 00000000 00000000 00000000
0x000000010ea1d5e0:   00000000 00000000 00000000 00000000 


Stack slot to memory mapping:
stack at sp + 0 slots: 0x00000001291189d8 is pointing into metadata
stack at sp + 1 slots: 0x0000000000000001 is an unknown value
stack at sp + 2 slots: 0x000000013a867338 points into unknown readable memory: 0x8351a52e00000006 | 06 00 00 00 2e a5 51 83
stack at sp + 3 slots: 0x0 is NULL
stack at sp + 4 slots: 0x000000013a8672a8 points into unknown readable memory: 0x0000000106baa8d0 | d0 a8 ba 06 01 00 00 00
stack at sp + 5 slots: 0x000000013c00c038 is a global jni handle
stack at sp + 6 slots: 0x000000013c00c038 is a global jni handle
stack at sp + 7 slots: 0x0000600002905340 points into unknown readable memory: 0x00006000000002e0 | e0 02 00 00 00 60 00 00

StubRoutines::SafeFetchN [0x000000010ea1d4ec, 0x000000010ea1d4f8] (12 bytes)
[MachCode]
  0x000000010ea1d4ec: 0100 40f9 | e003 01aa | c003 5fd6 
[/MachCode]

---------------  P R O C E S S  ---------------

Threads class SMR info:
_java_thread_list=0x00006000002b9840, length=20, elements={
0x000000013b808600, 0x0000000129808200, 0x000000012980aa00, 0x000000012a008a00,
0x000000012a008200, 0x000000012a00b200, 0x000000012a00b800, 0x000000012a00be00,
0x000000013c81c800, 0x000000012a00ce00, 0x000000012a009600, 0x000000012a03d400,
0x000000013b8f9000, 0x000000013b091200, 0x000000013a867000, 0x0000000129866c00,
0x000000013ca18a00, 0x0000000129bac800, 0x0000000129bbe800, 0x000000013bb55a00
}

Java Threads: ( => current thread )
  0x000000013b808600 JavaThread "main" [_thread_blocked, id=5891, stack(0x000000016b148000,0x000000016b34b000)]
  0x0000000129808200 JavaThread "Reference Handler" daemon [_thread_blocked, id=15107, stack(0x000000016bf9c000,0x000000016c19f000)]
  0x000000012980aa00 JavaThread "Finalizer" daemon [_thread_blocked, id=16387, stack(0x000000016c1a8000,0x000000016c3ab000)]
  0x000000012a008a00 JavaThread "Signal Dispatcher" daemon [_thread_blocked, id=23299, stack(0x000000016c4cc000,0x000000016c6cf000)]
  0x000000012a008200 JavaThread "Service Thread" daemon [_thread_blocked, id=42499, stack(0x000000016c6d8000,0x000000016c8db000)]
  0x000000012a00b200 JavaThread "Monitor Deflation Thread" daemon [_thread_blocked, id=42243, stack(0x000000016c8e4000,0x000000016cae7000)]
  0x000000012a00b800 JavaThread "C2 CompilerThread0" daemon [_thread_blocked, id=41987, stack(0x000000016caf0000,0x000000016ccf3000)]
  0x000000012a00be00 JavaThread "C1 CompilerThread0" daemon [_thread_in_native, id=41475, stack(0x000000016ccfc000,0x000000016ceff000)]
  0x000000013c81c800 JavaThread "Sweeper thread" daemon [_thread_blocked, id=40963, stack(0x000000016cf08000,0x000000016d10b000)]
  0x000000012a00ce00 JavaThread "Common-Cleaner" daemon [_thread_blocked, id=40707, stack(0x000000016d114000,0x000000016d317000)]
  0x000000012a009600 JavaThread "Monitor Ctrl-Break" daemon [_thread_in_native, id=40451, stack(0x000000016d320000,0x000000016d523000)]
  0x000000012a03d400 JavaThread "Notification Thread" daemon [_thread_blocked, id=39939, stack(0x000000016d52c000,0x000000016d72f000)]
  0x000000013b8f9000 JavaThread "QuantumRenderer-0" daemon [_thread_blocked, id=24835, stack(0x000000016d944000,0x000000016db47000)]
=>0x000000013b091200 JavaThread "InvokeLaterDispatcher" daemon [_thread_in_native, id=34827, stack(0x000000016db50000,0x000000016dd53000)]
  0x000000013a867000 JavaThread "JavaFX Application Thread" [_thread_in_vm, id=259, stack(0x000000016a8c0000,0x000000016b0bc000)]
  0x0000000129866c00 JavaThread "JavaFX-Launcher" [_thread_blocked, id=75271, stack(0x000000016dff4000,0x000000016e1f7000)]
  0x000000013ca18a00 JavaThread "Prism Font Disposer" daemon [_thread_blocked, id=57607, stack(0x000000016ec3c000,0x000000016ee3f000)]
  0x0000000129bac800 JavaThread "Cleaner-0" daemon [_thread_blocked, id=64031, stack(0x000000016eed4000,0x000000016f0d7000)]
  0x0000000129bbe800 JavaThread "Attach Listener" daemon [_thread_blocked, id=1363, stack(0x000000016f0e0000,0x000000016f2e3000)]
  0x000000013bb55a00 JavaThread "PulseTimer-CVDisplayLink thread" daemon [_thread_in_native, id=55223, stack(0x000000016dde8000,0x000000016de6b000)]

Other Threads:
  0x000000013c1062c0 VMThread "VM Thread" [stack: 0x000000016bd90000,0x000000016bf93000] [id=14339]
  0x0000000105c09000 WatcherThread [stack: 0x000000016d738000,0x000000016d93b000] [id=39683]
  0x000000013c006c10 GCTaskThread "GC Thread#0" [stack: 0x000000016b354000,0x000000016b557000] [id=19459]
  0x000000013a728b30 GCTaskThread "GC Thread#1" [stack: 0x000000016e200000,0x000000016e403000] [id=55299]
  0x000000013c11bf50 GCTaskThread "GC Thread#2" [stack: 0x000000016e40c000,0x000000016e60f000] [id=74499]
  0x000000013c11c4e0 GCTaskThread "GC Thread#3" [stack: 0x000000016e618000,0x000000016e81b000] [id=55811]
  0x0000000105b10010 GCTaskThread "GC Thread#4" [stack: 0x000000016e824000,0x000000016ea27000] [id=73987]
  0x0000000105b10530 GCTaskThread "GC Thread#5" [stack: 0x000000016ea30000,0x000000016ec33000] [id=73475]
  0x000000013c0072c0 ConcurrentGCThread "G1 Main Marker" [stack: 0x000000016b560000,0x000000016b763000] [id=12035]
  0x000000013c007b40 ConcurrentGCThread "G1 Conc#0" [stack: 0x000000016b76c000,0x000000016b96f000] [id=12291]
  0x000000013c0099b0 ConcurrentGCThread "G1 Refine#0" [stack: 0x000000016b978000,0x000000016bb7b000] [id=12803]
  0x000000013c00a250 ConcurrentGCThread "G1 Service" [stack: 0x000000016bb84000,0x000000016bd87000] [id=13059]

Threads with active compile tasks:
C1 CompilerThread0     2761 2181       3       java.lang.invoke.AbstractValidatingLambdaMetafactory::validateMetafactoryArgs (607 bytes)

VM state: not at safepoint (normal execution)

VM Mutex/Monitor currently owned by a thread: None

Heap address: 0x0000000700000000, size: 4096 MB, Compressed Oops mode: Zero based, Oop shift amount: 3

CDS archive(s) mapped at: [0x0000000800000000-0x0000000800bd8000-0x0000000800bd8000), size 12419072, SharedBaseAddress: 0x0000000800000000, ArchiveRelocationMode: 0.
Compressed class space mapped at: 0x0000000800c00000-0x0000000840c00000, reserved size: 1073741824
Narrow klass base: 0x0000000800000000, Narrow klass shift: 0, Narrow klass range: 0x100000000

GC Precious Log:
 CPUs: 8 total, 8 available
 Memory: 16384M
 Large Page Support: Disabled
 NUMA Support: Disabled
 Compressed Oops: Enabled (Zero based)
 Heap Region Size: 2M
 Heap Min Capacity: 8M
 Heap Initial Capacity: 256M
 Heap Max Capacity: 4G
 Pre-touch: Disabled
 Parallel Workers: 8
 Concurrent Workers: 2
 Concurrent Refinement Workers: 8
 Periodic GC: Disabled

Heap:
 garbage-first heap   total 266240K, used 46178K [0x0000000700000000, 0x0000000800000000)
  region size 2048K, 20 young (40960K), 2 survivors (4096K)
 Metaspace       used 14458K, committed 14720K, reserved 1064960K
  class space    used 2183K, committed 2304K, reserved 1048576K

Heap Regions: E=young(eden), S=young(survivor), O=old, HS=humongous(starts), HC=humongous(continues), CS=collection set, F=free, OA=open archive, CA=closed archive, TAMS=top-at-mark-start (previous, next)
|   0|0x0000000700000000, 0x0000000700200000, 0x0000000700200000|100%|HS|  |TAMS 0x0000000700000000, 0x0000000700000000| Complete 
|   1|0x0000000700200000, 0x0000000700400000, 0x0000000700400000|100%|HS|  |TAMS 0x0000000700200000, 0x0000000700200000| Complete 
|   2|0x0000000700400000, 0x0000000700600000, 0x0000000700600000|100%|HS|  |TAMS 0x0000000700400000, 0x0000000700400000| Complete 
|   3|0x0000000700600000, 0x0000000700600000, 0x0000000700800000|  0%| F|  |TAMS 0x0000000700600000, 0x0000000700600000| Untracked 
|   4|0x0000000700800000, 0x0000000700800000, 0x0000000700a00000|  0%| F|  |TAMS 0x0000000700800000, 0x0000000700800000| Untracked 
|   5|0x0000000700a00000, 0x0000000700a00000, 0x0000000700c00000|  0%| F|  |TAMS 0x0000000700a00000, 0x0000000700a00000| Untracked 
|   6|0x0000000700c00000, 0x0000000700c00000, 0x0000000700e00000|  0%| F|  |TAMS 0x0000000700c00000, 0x0000000700c00000| Untracked 
|   7|0x0000000700e00000, 0x0000000700e00000, 0x0000000701000000|  0%| F|  |TAMS 0x0000000700e00000, 0x0000000700e00000| Untracked 
|   8|0x0000000701000000, 0x0000000701000000, 0x0000000701200000|  0%| F|  |TAMS 0x0000000701000000, 0x0000000701000000| Untracked 
|   9|0x0000000701200000, 0x0000000701200000, 0x0000000701400000|  0%| F|  |TAMS 0x0000000701200000, 0x0000000701200000| Untracked 
|  10|0x0000000701400000, 0x0000000701400000, 0x0000000701600000|  0%| F|  |TAMS 0x0000000701400000, 0x0000000701400000| Untracked 
|  11|0x0000000701600000, 0x0000000701600000, 0x0000000701800000|  0%| F|  |TAMS 0x0000000701600000, 0x0000000701600000| Untracked 
|  12|0x0000000701800000, 0x0000000701800000, 0x0000000701a00000|  0%| F|  |TAMS 0x0000000701800000, 0x0000000701800000| Untracked 
|  13|0x0000000701a00000, 0x0000000701a00000, 0x0000000701c00000|  0%| F|  |TAMS 0x0000000701a00000, 0x0000000701a00000| Untracked 
|  14|0x0000000701c00000, 0x0000000701c00000, 0x0000000701e00000|  0%| F|  |TAMS 0x0000000701c00000, 0x0000000701c00000| Untracked 
|  15|0x0000000701e00000, 0x0000000701e00000, 0x0000000702000000|  0%| F|  |TAMS 0x0000000701e00000, 0x0000000701e00000| Untracked 
|  16|0x0000000702000000, 0x0000000702000000, 0x0000000702200000|  0%| F|  |TAMS 0x0000000702000000, 0x0000000702000000| Untracked 
|  17|0x0000000702200000, 0x0000000702200000, 0x0000000702400000|  0%| F|  |TAMS 0x0000000702200000, 0x0000000702200000| Untracked 
|  18|0x0000000702400000, 0x0000000702400000, 0x0000000702600000|  0%| F|  |TAMS 0x0000000702400000, 0x0000000702400000| Untracked 
|  19|0x0000000702600000, 0x0000000702600000, 0x0000000702800000|  0%| F|  |TAMS 0x0000000702600000, 0x0000000702600000| Untracked 
|  20|0x0000000702800000, 0x0000000702800000, 0x0000000702a00000|  0%| F|  |TAMS 0x0000000702800000, 0x0000000702800000| Untracked 
|  21|0x0000000702a00000, 0x0000000702a00000, 0x0000000702c00000|  0%| F|  |TAMS 0x0000000702a00000, 0x0000000702a00000| Untracked 
|  22|0x0000000702c00000, 0x0000000702c00000, 0x0000000702e00000|  0%| F|  |TAMS 0x0000000702c00000, 0x0000000702c00000| Untracked 
|  23|0x0000000702e00000, 0x0000000702e00000, 0x0000000703000000|  0%| F|  |TAMS 0x0000000702e00000, 0x0000000702e00000| Untracked 
|  24|0x0000000703000000, 0x0000000703000000, 0x0000000703200000|  0%| F|  |TAMS 0x0000000703000000, 0x0000000703000000| Untracked 
|  25|0x0000000703200000, 0x0000000703200000, 0x0000000703400000|  0%| F|  |TAMS 0x0000000703200000, 0x0000000703200000| Untracked 
|  26|0x0000000703400000, 0x0000000703400000, 0x0000000703600000|  0%| F|  |TAMS 0x0000000703400000, 0x0000000703400000| Untracked 
|  27|0x0000000703600000, 0x0000000703600000, 0x0000000703800000|  0%| F|  |TAMS 0x0000000703600000, 0x0000000703600000| Untracked 
|  28|0x0000000703800000, 0x0000000703800000, 0x0000000703a00000|  0%| F|  |TAMS 0x0000000703800000, 0x0000000703800000| Untracked 
|  29|0x0000000703a00000, 0x0000000703a00000, 0x0000000703c00000|  0%| F|  |TAMS 0x0000000703a00000, 0x0000000703a00000| Untracked 
|  30|0x0000000703c00000, 0x0000000703c00000, 0x0000000703e00000|  0%| F|  |TAMS 0x0000000703c00000, 0x0000000703c00000| Untracked 
|  31|0x0000000703e00000, 0x0000000703e00000, 0x0000000704000000|  0%| F|  |TAMS 0x0000000703e00000, 0x0000000703e00000| Untracked 
|  32|0x0000000704000000, 0x0000000704000000, 0x0000000704200000|  0%| F|  |TAMS 0x0000000704000000, 0x0000000704000000| Untracked 
|  33|0x0000000704200000, 0x0000000704200000, 0x0000000704400000|  0%| F|  |TAMS 0x0000000704200000, 0x0000000704200000| Untracked 
|  34|0x0000000704400000, 0x0000000704400000, 0x0000000704600000|  0%| F|  |TAMS 0x0000000704400000, 0x0000000704400000| Untracked 
|  35|0x0000000704600000, 0x0000000704600000, 0x0000000704800000|  0%| F|  |TAMS 0x0000000704600000, 0x0000000704600000| Untracked 
|  36|0x0000000704800000, 0x0000000704800000, 0x0000000704a00000|  0%| F|  |TAMS 0x0000000704800000, 0x0000000704800000| Untracked 
|  37|0x0000000704a00000, 0x0000000704a00000, 0x0000000704c00000|  0%| F|  |TAMS 0x0000000704a00000, 0x0000000704a00000| Untracked 
|  38|0x0000000704c00000, 0x0000000704c00000, 0x0000000704e00000|  0%| F|  |TAMS 0x0000000704c00000, 0x0000000704c00000| Untracked 
|  39|0x0000000704e00000, 0x0000000704e00000, 0x0000000705000000|  0%| F|  |TAMS 0x0000000704e00000, 0x0000000704e00000| Untracked 
|  40|0x0000000705000000, 0x0000000705000000, 0x0000000705200000|  0%| F|  |TAMS 0x0000000705000000, 0x0000000705000000| Untracked 
|  41|0x0000000705200000, 0x0000000705200000, 0x0000000705400000|  0%| F|  |TAMS 0x0000000705200000, 0x0000000705200000| Untracked 
|  42|0x0000000705400000, 0x0000000705400000, 0x0000000705600000|  0%| F|  |TAMS 0x0000000705400000, 0x0000000705400000| Untracked 
|  43|0x0000000705600000, 0x0000000705600000, 0x0000000705800000|  0%| F|  |TAMS 0x0000000705600000, 0x0000000705600000| Untracked 
|  44|0x0000000705800000, 0x0000000705800000, 0x0000000705a00000|  0%| F|  |TAMS 0x0000000705800000, 0x0000000705800000| Untracked 
|  45|0x0000000705a00000, 0x0000000705a00000, 0x0000000705c00000|  0%| F|  |TAMS 0x0000000705a00000, 0x0000000705a00000| Untracked 
|  46|0x0000000705c00000, 0x0000000705c00000, 0x0000000705e00000|  0%| F|  |TAMS 0x0000000705c00000, 0x0000000705c00000| Untracked 
|  47|0x0000000705e00000, 0x0000000705e00000, 0x0000000706000000|  0%| F|  |TAMS 0x0000000705e00000, 0x0000000705e00000| Untracked 
|  48|0x0000000706000000, 0x0000000706000000, 0x0000000706200000|  0%| F|  |TAMS 0x0000000706000000, 0x0000000706000000| Untracked 
|  49|0x0000000706200000, 0x0000000706200000, 0x0000000706400000|  0%| F|  |TAMS 0x0000000706200000, 0x0000000706200000| Untracked 
|  50|0x0000000706400000, 0x0000000706400000, 0x0000000706600000|  0%| F|  |TAMS 0x0000000706400000, 0x0000000706400000| Untracked 
|  51|0x0000000706600000, 0x0000000706600000, 0x0000000706800000|  0%| F|  |TAMS 0x0000000706600000, 0x0000000706600000| Untracked 
|  52|0x0000000706800000, 0x0000000706800000, 0x0000000706a00000|  0%| F|  |TAMS 0x0000000706800000, 0x0000000706800000| Untracked 
|  53|0x0000000706a00000, 0x0000000706a00000, 0x0000000706c00000|  0%| F|  |TAMS 0x0000000706a00000, 0x0000000706a00000| Untracked 
|  54|0x0000000706c00000, 0x0000000706c00000, 0x0000000706e00000|  0%| F|  |TAMS 0x0000000706c00000, 0x0000000706c00000| Untracked 
|  55|0x0000000706e00000, 0x0000000706e00000, 0x0000000707000000|  0%| F|  |TAMS 0x0000000706e00000, 0x0000000706e00000| Untracked 
|  56|0x0000000707000000, 0x0000000707000000, 0x0000000707200000|  0%| F|  |TAMS 0x0000000707000000, 0x0000000707000000| Untracked 
|  57|0x0000000707200000, 0x0000000707200000, 0x0000000707400000|  0%| F|  |TAMS 0x0000000707200000, 0x0000000707200000| Untracked 
|  58|0x0000000707400000, 0x0000000707400000, 0x0000000707600000|  0%| F|  |TAMS 0x0000000707400000, 0x0000000707400000| Untracked 
|  59|0x0000000707600000, 0x0000000707600000, 0x0000000707800000|  0%| F|  |TAMS 0x0000000707600000, 0x0000000707600000| Untracked 
|  60|0x0000000707800000, 0x0000000707800000, 0x0000000707a00000|  0%| F|  |TAMS 0x0000000707800000, 0x0000000707800000| Untracked 
|  61|0x0000000707a00000, 0x0000000707a00000, 0x0000000707c00000|  0%| F|  |TAMS 0x0000000707a00000, 0x0000000707a00000| Untracked 
|  62|0x0000000707c00000, 0x0000000707c00000, 0x0000000707e00000|  0%| F|  |TAMS 0x0000000707c00000, 0x0000000707c00000| Untracked 
|  63|0x0000000707e00000, 0x0000000707e00000, 0x0000000708000000|  0%| F|  |TAMS 0x0000000707e00000, 0x0000000707e00000| Untracked 
|  64|0x0000000708000000, 0x0000000708000000, 0x0000000708200000|  0%| F|  |TAMS 0x0000000708000000, 0x0000000708000000| Untracked 
|  65|0x0000000708200000, 0x0000000708200000, 0x0000000708400000|  0%| F|  |TAMS 0x0000000708200000, 0x0000000708200000| Untracked 
|  66|0x0000000708400000, 0x0000000708400000, 0x0000000708600000|  0%| F|  |TAMS 0x0000000708400000, 0x0000000708400000| Untracked 
|  67|0x0000000708600000, 0x0000000708600000, 0x0000000708800000|  0%| F|  |TAMS 0x0000000708600000, 0x0000000708600000| Untracked 
|  68|0x0000000708800000, 0x0000000708800000, 0x0000000708a00000|  0%| F|  |TAMS 0x0000000708800000, 0x0000000708800000| Untracked 
|  69|0x0000000708a00000, 0x0000000708a00000, 0x0000000708c00000|  0%| F|  |TAMS 0x0000000708a00000, 0x0000000708a00000| Untracked 
|  70|0x0000000708c00000, 0x0000000708c00000, 0x0000000708e00000|  0%| F|  |TAMS 0x0000000708c00000, 0x0000000708c00000| Untracked 
|  71|0x0000000708e00000, 0x0000000708e00000, 0x0000000709000000|  0%| F|  |TAMS 0x0000000708e00000, 0x0000000708e00000| Untracked 
|  72|0x0000000709000000, 0x0000000709000000, 0x0000000709200000|  0%| F|  |TAMS 0x0000000709000000, 0x0000000709000000| Untracked 
|  73|0x0000000709200000, 0x0000000709200000, 0x0000000709400000|  0%| F|  |TAMS 0x0000000709200000, 0x0000000709200000| Untracked 
|  74|0x0000000709400000, 0x0000000709400000, 0x0000000709600000|  0%| F|  |TAMS 0x0000000709400000, 0x0000000709400000| Untracked 
|  75|0x0000000709600000, 0x0000000709600000, 0x0000000709800000|  0%| F|  |TAMS 0x0000000709600000, 0x0000000709600000| Untracked 
|  76|0x0000000709800000, 0x0000000709800000, 0x0000000709a00000|  0%| F|  |TAMS 0x0000000709800000, 0x0000000709800000| Untracked 
|  77|0x0000000709a00000, 0x0000000709a00000, 0x0000000709c00000|  0%| F|  |TAMS 0x0000000709a00000, 0x0000000709a00000| Untracked 
|  78|0x0000000709c00000, 0x0000000709c00000, 0x0000000709e00000|  0%| F|  |TAMS 0x0000000709c00000, 0x0000000709c00000| Untracked 
|  79|0x0000000709e00000, 0x0000000709e00000, 0x000000070a000000|  0%| F|  |TAMS 0x0000000709e00000, 0x0000000709e00000| Untracked 
|  80|0x000000070a000000, 0x000000070a000000, 0x000000070a200000|  0%| F|  |TAMS 0x000000070a000000, 0x000000070a000000| Untracked 
|  81|0x000000070a200000, 0x000000070a200000, 0x000000070a400000|  0%| F|  |TAMS 0x000000070a200000, 0x000000070a200000| Untracked 
|  82|0x000000070a400000, 0x000000070a400000, 0x000000070a600000|  0%| F|  |TAMS 0x000000070a400000, 0x000000070a400000| Untracked 
|  83|0x000000070a600000, 0x000000070a600000, 0x000000070a800000|  0%| F|  |TAMS 0x000000070a600000, 0x000000070a600000| Untracked 
|  84|0x000000070a800000, 0x000000070a800000, 0x000000070aa00000|  0%| F|  |TAMS 0x000000070a800000, 0x000000070a800000| Untracked 
|  85|0x000000070aa00000, 0x000000070aa00000, 0x000000070ac00000|  0%| F|  |TAMS 0x000000070aa00000, 0x000000070aa00000| Untracked 
|  86|0x000000070ac00000, 0x000000070ac00000, 0x000000070ae00000|  0%| F|  |TAMS 0x000000070ac00000, 0x000000070ac00000| Untracked 
|  87|0x000000070ae00000, 0x000000070ae00000, 0x000000070b000000|  0%| F|  |TAMS 0x000000070ae00000, 0x000000070ae00000| Untracked 
|  88|0x000000070b000000, 0x000000070b000000, 0x000000070b200000|  0%| F|  |TAMS 0x000000070b000000, 0x000000070b000000| Untracked 
|  89|0x000000070b200000, 0x000000070b200000, 0x000000070b400000|  0%| F|  |TAMS 0x000000070b200000, 0x000000070b200000| Untracked 
|  90|0x000000070b400000, 0x000000070b400000, 0x000000070b600000|  0%| F|  |TAMS 0x000000070b400000, 0x000000070b400000| Untracked 
|  91|0x000000070b600000, 0x000000070b600000, 0x000000070b800000|  0%| F|  |TAMS 0x000000070b600000, 0x000000070b600000| Untracked 
|  92|0x000000070b800000, 0x000000070b800000, 0x000000070ba00000|  0%| F|  |TAMS 0x000000070b800000, 0x000000070b800000| Untracked 
|  93|0x000000070ba00000, 0x000000070ba00000, 0x000000070bc00000|  0%| F|  |TAMS 0x000000070ba00000, 0x000000070ba00000| Untracked 
|  94|0x000000070bc00000, 0x000000070bc00000, 0x000000070be00000|  0%| F|  |TAMS 0x000000070bc00000, 0x000000070bc00000| Untracked 
|  95|0x000000070be00000, 0x000000070be00000, 0x000000070c000000|  0%| F|  |TAMS 0x000000070be00000, 0x000000070be00000| Untracked 
|  96|0x000000070c000000, 0x000000070c000000, 0x000000070c200000|  0%| F|  |TAMS 0x000000070c000000, 0x000000070c000000| Untracked 
|  97|0x000000070c200000, 0x000000070c200000, 0x000000070c400000|  0%| F|  |TAMS 0x000000070c200000, 0x000000070c200000| Untracked 
|  98|0x000000070c400000, 0x000000070c400000, 0x000000070c600000|  0%| F|  |TAMS 0x000000070c400000, 0x000000070c400000| Untracked 
|  99|0x000000070c600000, 0x000000070c600000, 0x000000070c800000|  0%| F|  |TAMS 0x000000070c600000, 0x000000070c600000| Untracked 
| 100|0x000000070c800000, 0x000000070c800000, 0x000000070ca00000|  0%| F|  |TAMS 0x000000070c800000, 0x000000070c800000| Untracked 
| 101|0x000000070ca00000, 0x000000070ca00000, 0x000000070cc00000|  0%| F|  |TAMS 0x000000070ca00000, 0x000000070ca00000| Untracked 
| 102|0x000000070cc00000, 0x000000070cc00000, 0x000000070ce00000|  0%| F|  |TAMS 0x000000070cc00000, 0x000000070cc00000| Untracked 
| 103|0x000000070ce00000, 0x000000070ce00000, 0x000000070d000000|  0%| F|  |TAMS 0x000000070ce00000, 0x000000070ce00000| Untracked 
| 104|0x000000070d000000, 0x000000070d000000, 0x000000070d200000|  0%| F|  |TAMS 0x000000070d000000, 0x000000070d000000| Untracked 
| 105|0x000000070d200000, 0x000000070d200000, 0x000000070d400000|  0%| F|  |TAMS 0x000000070d200000, 0x000000070d200000| Untracked 
| 106|0x000000070d400000, 0x000000070d400000, 0x000000070d600000|  0%| F|  |TAMS 0x000000070d400000, 0x000000070d400000| Untracked 
| 107|0x000000070d600000, 0x000000070d600000, 0x000000070d800000|  0%| F|  |TAMS 0x000000070d600000, 0x000000070d600000| Untracked 
| 108|0x000000070d800000, 0x000000070d9af8b8, 0x000000070da00000| 84%| E|  |TAMS 0x000000070d800000, 0x000000070d800000| Complete 
| 109|0x000000070da00000, 0x000000070dc00000, 0x000000070dc00000|100%| E|CS|TAMS 0x000000070da00000, 0x000000070da00000| Complete 
| 110|0x000000070dc00000, 0x000000070de00000, 0x000000070de00000|100%| E|CS|TAMS 0x000000070dc00000, 0x000000070dc00000| Complete 
| 111|0x000000070de00000, 0x000000070e000000, 0x000000070e000000|100%| E|CS|TAMS 0x000000070de00000, 0x000000070de00000| Complete 
| 112|0x000000070e000000, 0x000000070e200000, 0x000000070e200000|100%| E|CS|TAMS 0x000000070e000000, 0x000000070e000000| Complete 
| 113|0x000000070e200000, 0x000000070e400000, 0x000000070e400000|100%| E|CS|TAMS 0x000000070e200000, 0x000000070e200000| Complete 
| 114|0x000000070e400000, 0x000000070e600000, 0x000000070e600000|100%| E|CS|TAMS 0x000000070e400000, 0x000000070e400000| Complete 
| 115|0x000000070e600000, 0x000000070e720948, 0x000000070e800000| 56%| S|CS|TAMS 0x000000070e600000, 0x000000070e600000| Complete 
| 116|0x000000070e800000, 0x000000070ea00000, 0x000000070ea00000|100%| S|CS|TAMS 0x000000070e800000, 0x000000070e800000| Complete 
| 117|0x000000070ea00000, 0x000000070ec00000, 0x000000070ec00000|100%| E|CS|TAMS 0x000000070ea00000, 0x000000070ea00000| Complete 
| 118|0x000000070ec00000, 0x000000070ee00000, 0x000000070ee00000|100%| E|CS|TAMS 0x000000070ec00000, 0x000000070ec00000| Complete 
| 119|0x000000070ee00000, 0x000000070f000000, 0x000000070f000000|100%| E|CS|TAMS 0x000000070ee00000, 0x000000070ee00000| Complete 
| 120|0x000000070f000000, 0x000000070f200000, 0x000000070f200000|100%| E|CS|TAMS 0x000000070f000000, 0x000000070f000000| Complete 
| 121|0x000000070f200000, 0x000000070f400000, 0x000000070f400000|100%| E|CS|TAMS 0x000000070f200000, 0x000000070f200000| Complete 
| 122|0x000000070f400000, 0x000000070f600000, 0x000000070f600000|100%| E|CS|TAMS 0x000000070f400000, 0x000000070f400000| Complete 
| 123|0x000000070f600000, 0x000000070f800000, 0x000000070f800000|100%| E|CS|TAMS 0x000000070f600000, 0x000000070f600000| Complete 
| 124|0x000000070f800000, 0x000000070fa00000, 0x000000070fa00000|100%| E|CS|TAMS 0x000000070f800000, 0x000000070f800000| Complete 
| 125|0x000000070fa00000, 0x000000070fc00000, 0x000000070fc00000|100%| E|CS|TAMS 0x000000070fa00000, 0x000000070fa00000| Complete 
| 126|0x000000070fc00000, 0x000000070fe00000, 0x000000070fe00000|100%| E|CS|TAMS 0x000000070fc00000, 0x000000070fc00000| Complete 
| 127|0x000000070fe00000, 0x0000000710000000, 0x0000000710000000|100%| E|CS|TAMS 0x000000070fe00000, 0x000000070fe00000| Complete 
|2046|0x00000007ffc00000, 0x00000007ffd78000, 0x00000007ffe00000| 73%|OA|  |TAMS 0x00000007ffc00000, 0x00000007ffc00000| Untracked 
|2047|0x00000007ffe00000, 0x00000007ffe80000, 0x0000000800000000| 25%|CA|  |TAMS 0x00000007ffe00000, 0x00000007ffe00000| Untracked 

Card table byte_map: [0x000000011da1c000,0x000000011e21c000] _byte_map_base: 0x000000011a21c000

Marking Bits (Prev, Next): (CMBitMap*) 0x000000013b832810, (CMBitMap*) 0x000000013b832850
 Prev Bits: [0x000000011ea1c000, 0x0000000122a1c000)
 Next Bits: [0x0000000122a1c000, 0x0000000126a1c000)

Polling page: 0x0000000104f84000

Metaspace:

Usage:
  Non-class:     12.06 MB used.
      Class:      2.15 MB used.
       Both:     14.21 MB used.

Virtual space:
  Non-class space:       16.00 MB reserved,      12.19 MB ( 76%) committed,  2 nodes.
      Class space:        1.00 GB reserved,       2.25 MB ( <1%) committed,  1 nodes.
             Both:        1.02 GB reserved,      14.44 MB (  1%) committed. 

Chunk freelists:
   Non-Class:  3.35 MB
       Class:  1.65 MB
        Both:  5.01 MB

MaxMetaspaceSize: unlimited
CompressedClassSpaceSize: 1.00 GB
Initial GC threshold: 21.00 MB
Current GC threshold: 21.00 MB
CDS: on
MetaspaceReclaimPolicy: balanced
 - commit_granule_bytes: 65536.
 - commit_granule_words: 8192.
 - virtual_space_node_default_size: 1048576.
 - enlarge_chunks_in_place: 1.
 - new_chunks_are_fully_committed: 0.
 - uncommit_free_chunks: 1.
 - use_allocation_guard: 0.
 - handle_deallocations: 1.


Internal statistics:

num_allocs_failed_limit: 0.
num_arena_births: 148.
num_arena_deaths: 0.
num_vsnodes_births: 3.
num_vsnodes_deaths: 0.
num_space_committed: 231.
num_space_uncommitted: 0.
num_chunks_returned_to_freelist: 0.
num_chunks_taken_from_freelist: 615.
num_chunk_merges: 0.
num_chunk_splits: 440.
num_chunks_enlarged: 357.
num_purges: 0.
num_inconsistent_stats: 0.

CodeHeap 'non-profiled nmethods': size=120032Kb used=931Kb max_used=931Kb free=119100Kb
 bounds [0x00000001164e4000, 0x0000000116754000, 0x000000011da1c000]
CodeHeap 'profiled nmethods': size=120016Kb used=4205Kb max_used=4205Kb free=115810Kb
 bounds [0x000000010efb0000, 0x000000010f3d0000, 0x00000001164e4000]
CodeHeap 'non-nmethods': size=5712Kb used=1395Kb max_used=1473Kb free=4316Kb
 bounds [0x000000010ea1c000, 0x000000010ec8c000, 0x000000010efb0000]
 total_blobs=2887 nmethods=2118 adapters=685
 compilation: enabled
              stopped_count=0, restarted_count=0
 full_count=0

Compilation events (20 events):
Event: 2.547 Thread 0x000000012a00be00 nmethod 2155 0x000000010f3b4e90 code [0x000000010f3b5400, 0x000000010f3b7d28]
Event: 2.549 Thread 0x000000012a00b800 nmethod 2131% 0x00000001165c2a90 code [0x00000001165c2ec0, 0x00000001165c6db0]
Event: 2.549 Thread 0x000000012a00b800 2143       4       com.sun.javafx.collections.ObservableListWrapper::get (11 bytes)
Event: 2.549 Thread 0x000000012a00b800 nmethod 2143 0x00000001165ca810 code [0x00000001165ca9c0, 0x00000001165cab40]
Event: 2.570 Thread 0x000000012a00be00 2156       1       com.sun.javafx.tk.quantum.GlassScene::getStage (5 bytes)
Event: 2.570 Thread 0x000000012a00be00 nmethod 2156 0x00000001165cac90 code [0x00000001165cae00, 0x00000001165caee8]
Event: 2.570 Thread 0x000000012a00be00 2157       3       java.util.concurrent.atomic.AtomicBoolean::set (14 bytes)
Event: 2.570 Thread 0x000000012a00be00 nmethod 2157 0x000000010f3b8690 code [0x000000010f3b8840, 0x000000010f3b89e8]
Event: 2.582 Thread 0x000000012a00be00 2158   !   3       javafx.event.Event::clone (16 bytes)
Event: 2.582 Thread 0x000000012a00be00 nmethod 2158 0x000000010f3b8a90 code [0x000000010f3b8c40, 0x000000010f3b8e88]
Event: 2.589 Thread 0x000000012a00be00 2159       3       java.util.WeakHashMap::putAll (133 bytes)
Event: 2.589 Thread 0x000000012a00be00 nmethod 2159 0x000000010f3b8f90 code [0x000000010f3b9240, 0x000000010f3b9e98]
Event: 2.681 Thread 0x000000012a00be00 2160       3       jdk.internal.misc.Unsafe::putReferenceOpaque (9 bytes)
Event: 2.681 Thread 0x000000012a00be00 nmethod 2160 0x000000010f3ba190 code [0x000000010f3ba340, 0x000000010f3ba4e8]
Event: 2.722 Thread 0x000000012a00be00 2161       3       com.sun.scenario.animation.AnimationPulse::getDefaultBean (4 bytes)
Event: 2.722 Thread 0x000000012a00be00 nmethod 2161 0x000000010f3ba590 code [0x000000010f3ba740, 0x000000010f3ba828]
Event: 2.739 Thread 0x000000012a00be00 2163       3       java.util.concurrent.locks.AbstractQueuedSynchronizer$Node::getAndUnsetStatus (14 bytes)
Event: 2.739 Thread 0x000000012a00be00 nmethod 2163 0x000000010f3ba910 code [0x000000010f3baac0, 0x000000010f3bad98]
Event: 2.739 Thread 0x000000012a00be00 2162       3       jdk.internal.misc.Unsafe::getAndBitwiseAndInt (27 bytes)
Event: 2.739 Thread 0x000000012a00be00 nmethod 2162 0x000000010f3baf10 code [0x000000010f3bb0c0, 0x000000010f3bb318]

GC Heap History (2 events):
Event: 0.340 GC heap before
{Heap before GC invocations=0 (full 0):
 garbage-first heap   total 266240K, used 24544K [0x0000000700000000, 0x0000000800000000)
  region size 2048K, 11 young (22528K), 0 survivors (0K)
 Metaspace       used 6390K, committed 6528K, reserved 1056768K
  class space    used 775K, committed 832K, reserved 1048576K
}
Event: 0.342 GC heap after
{Heap after GC invocations=1 (full 0):
 garbage-first heap   total 266240K, used 5218K [0x0000000700000000, 0x0000000800000000)
  region size 2048K, 2 young (4096K), 2 survivors (4096K)
 Metaspace       used 6390K, committed 6528K, reserved 1056768K
  class space    used 775K, committed 832K, reserved 1048576K
}

Deoptimization events (20 events):
Event: 1.983 Thread 0x000000013b8f9000 DEOPT PACKING pc=0x000000010f2380e0 sp=0x000000016db45520
Event: 1.983 Thread 0x000000013b8f9000 DEOPT UNPACKING pc=0x000000010ea5ab7c sp=0x000000016db451c0 mode 0
Event: 1.983 Thread 0x000000013b8f9000 DEOPT PACKING pc=0x000000010f35e05c sp=0x000000016db45420
Event: 1.983 Thread 0x000000013b8f9000 DEOPT UNPACKING pc=0x000000010ea5ab7c sp=0x000000016db45080 mode 0
Event: 1.983 Thread 0x000000013b8f9000 DEOPT PACKING pc=0x000000010f35e05c sp=0x000000016db45420
Event: 1.983 Thread 0x000000013b8f9000 DEOPT UNPACKING pc=0x000000010ea5ab7c sp=0x000000016db45080 mode 0
Event: 1.984 Thread 0x000000013b8f9000 DEOPT PACKING pc=0x000000010f35e05c sp=0x000000016db45420
Event: 1.984 Thread 0x000000013b8f9000 DEOPT UNPACKING pc=0x000000010ea5ab7c sp=0x000000016db45080 mode 0
Event: 1.985 Thread 0x000000013b8f9000 DEOPT PACKING pc=0x000000010f2380e0 sp=0x000000016db453d0
Event: 1.985 Thread 0x000000013b8f9000 DEOPT UNPACKING pc=0x000000010ea5ab7c sp=0x000000016db45070 mode 0
Event: 1.985 Thread 0x000000013b8f9000 DEOPT PACKING pc=0x000000010f35e05c sp=0x000000016db45420
Event: 1.985 Thread 0x000000013b8f9000 DEOPT UNPACKING pc=0x000000010ea5ab7c sp=0x000000016db45080 mode 0
Event: 1.987 Thread 0x000000013b8f9000 Uncommon trap: trap_request=0xffffff45 fr.pc=0x0000000116578740 relative=0x0000000000001a80
Event: 1.987 Thread 0x000000013b8f9000 Uncommon trap: reason=unstable_if action=reinterpret pc=0x0000000116578740 method=com.sun.marlin.Renderer._endRendering(IILcom/sun/marlin/MarlinAlphaConsumer;)V @ 2268 c2
Event: 1.987 Thread 0x000000013b8f9000 DEOPT PACKING pc=0x0000000116578740 sp=0x000000016db45800
Event: 1.987 Thread 0x000000013b8f9000 DEOPT UNPACKING pc=0x000000010ea5ad1c sp=0x000000016db45640 mode 2
Event: 1.987 Thread 0x000000013b8f9000 Uncommon trap: trap_request=0xffffff45 fr.pc=0x00000001165702a8 relative=0x0000000000002268
Event: 1.987 Thread 0x000000013b8f9000 Uncommon trap: reason=unstable_if action=reinterpret pc=0x00000001165702a8 method=com.sun.marlin.Renderer._endRendering(IILcom/sun/marlin/MarlinAlphaConsumer;)V @ 2268 c2
Event: 1.987 Thread 0x000000013b8f9000 DEOPT PACKING pc=0x00000001165702a8 sp=0x000000016db457a0
Event: 1.987 Thread 0x000000013b8f9000 DEOPT UNPACKING pc=0x000000010ea5ad1c sp=0x000000016db45640 mode 2

Classes unloaded (0 events):
No events

Classes redefined (0 events):
No events

Internal exceptions (20 events):
Event: 0.357 Thread 0x000000013a867000 Exception <a 'java/lang/NoSuchMethodError'{0x000000070fc8aef8}: 'void java.lang.invoke.DirectMethodHandle$Holder.invokeSpecial(java.lang.Object, java.lang.Object, java.lang.Object, java.lang.Object, java.lang.Object)'> (0x000000070fc8aef8) 
thrown [src/hotspot/share/interpreter/linkResolver.cpp, line 759]
Event: 0.369 Thread 0x000000013a867000 Exception <a 'sun/nio/fs/UnixException'{0x000000070fb36ff8}> (0x000000070fb36ff8) 
thrown [src/hotspot/share/prims/jni.cpp, line 516]
Event: 0.500 Thread 0x000000013a867000 Exception <a 'sun/nio/fs/UnixException'{0x000000070f9bf960}> (0x000000070f9bf960) 
thrown [src/hotspot/share/prims/jni.cpp, line 516]
Event: 0.503 Thread 0x000000013a867000 Implicit null exception at 0x0000000116522078 to 0x0000000116522108
Event: 0.512 Thread 0x000000013a867000 Implicit null exception at 0x0000000116529b90 to 0x000000011652a04c
Event: 0.521 Thread 0x000000013a867000 Implicit null exception at 0x0000000116527ad0 to 0x0000000116527f4c
Event: 0.565 Thread 0x000000013a867000 Exception <a 'java/lang/NoSuchMethodError'{0x000000070f3c6008}: 'java.lang.Object java.lang.invoke.DirectMethodHandle$Holder.invokeInterface(java.lang.Object, java.lang.Object, java.lang.Object)'> (0x000000070f3c6008) 
thrown [src/hotspot/share/interpreter/linkResolver.cpp, line 759]
Event: 0.565 Thread 0x000000013a867000 Exception <a 'java/lang/IncompatibleClassChangeError'{0x000000070f3c9990}: Found class java.lang.Object, but interface was expected> (0x000000070f3c9990) 
thrown [src/hotspot/share/interpreter/linkResolver.cpp, line 826]
Event: 0.619 Thread 0x000000013a867000 Exception <a 'java/lang/NoSuchMethodError'{0x000000070f18ed48}: 'java.lang.Object java.lang.invoke.DirectMethodHandle$Holder.newInvokeSpecial(java.lang.Object, java.lang.Object, int)'> (0x000000070f18ed48) 
thrown [src/hotspot/share/interpreter/linkResolver.cpp, line 759]
Event: 0.672 Thread 0x000000013b8f9000 Exception <a 'java/lang/NoSuchMethodError'{0x000000070ef95ab0}: 'int java.lang.invoke.DirectMethodHandle$Holder.invokeStaticInit(java.lang.Object, java.lang.Object)'> (0x000000070ef95ab0) 
thrown [src/hotspot/share/interpreter/linkResolver.cpp, line 759]
Event: 1.870 Thread 0x000000013a867000 Exception <a 'java/lang/NoSuchMethodError'{0x000000070e2c3c88}: 'void java.lang.invoke.DirectMethodHandle$Holder.invokeStaticInit(java.lang.Object, java.lang.Object, java.lang.Object)'> (0x000000070e2c3c88) 
thrown [src/hotspot/share/interpreter/linkResolver.cpp, line 759]
Event: 1.871 Thread 0x000000013a867000 Exception <a 'java/lang/NoSuchMethodError'{0x000000070e2daf00}: 'void java.lang.invoke.DirectMethodHandle$Holder.invokeSpecial(java.lang.Object, java.lang.Object, java.lang.Object, java.lang.Object, java.lang.Object, java.lang.Object)'> (0x000000070e2daf00) 
thrown [src/hotspot/share/interpreter/linkResolver.cpp, line 759]
Event: 1.879 Thread 0x000000013a867000 Exception <a 'java/io/FileNotFoundException'{0x000000070e340cf0}> (0x000000070e340cf0) 
thrown [src/hotspot/share/prims/jni.cpp, line 516]
Event: 1.914 Thread 0x000000013a867000 Exception <a 'java/lang/ClassNotFoundException'{0x000000070de710d0}: com/sun/javafx/scene/control/skin/resources/controls> (0x000000070de710d0) 
thrown [src/hotspot/share/prims/jni.cpp, line 535]
Event: 1.915 Thread 0x000000013a867000 Exception <a 'java/lang/ClassNotFoundException'{0x000000070de7f340}: com/sun/javafx/scene/control/skin/resources/controls_en> (0x000000070de7f340) 
thrown [src/hotspot/share/prims/jni.cpp, line 535]
Event: 1.915 Thread 0x000000013a867000 Exception <a 'java/lang/ClassNotFoundException'{0x000000070de805a8}: com/sun/javafx/scene/control/skin/resources/controls_en_NL> (0x000000070de805a8) 
thrown [src/hotspot/share/prims/jni.cpp, line 535]
Event: 1.974 Thread 0x000000013a867000 Exception <a 'java/lang/NoSuchMethodError'{0x000000070db17a28}: 'long java.lang.invoke.DirectMethodHandle$Holder.invokeStatic(java.lang.Object, java.lang.Object, java.lang.Object)'> (0x000000070db17a28) 
thrown [src/hotspot/share/interpreter/linkResolver.cpp, line 759]
Event: 1.974 Thread 0x000000013a867000 Exception <a 'java/lang/NoSuchMethodError'{0x000000070db1b1d0}: 'long java.lang.invoke.DirectMethodHandle$Holder.invokeStaticInit(java.lang.Object, java.lang.Object, java.lang.Object)'> (0x000000070db1b1d0) 
thrown [src/hotspot/share/interpreter/linkResolver.cpp, line 759]
Event: 1.975 Thread 0x000000013a867000 Exception <a 'java/lang/NoSuchMethodError'{0x000000070db32dd8}: 'java.lang.Object java.lang.invoke.DirectMethodHandle$Holder.newInvokeSpecial(java.lang.Object, java.lang.Object, long)'> (0x000000070db32dd8) 
thrown [src/hotspot/share/interpreter/linkResolver.cpp, line 759]
Event: 1.975 Thread 0x000000013a867000 Exception <a 'java/lang/NoSuchMethodError'{0x000000070db366a0}: 'java.lang.Object java.lang.invoke.Invokers$Holder.linkToTargetMethod(java.lang.Object, long, java.lang.Object)'> (0x000000070db366a0) 
thrown [src/hotspot/share/interpreter/linkResolver.cpp, line 759]

VM Operations (20 events):
Event: 0.061 Executing VM operation: HandshakeAllThreads
Event: 0.061 Executing VM operation: HandshakeAllThreads done
Event: 0.266 Executing VM operation: ICBufferFull
Event: 0.266 Executing VM operation: ICBufferFull done
Event: 0.328 Executing VM operation: HandshakeAllThreads
Event: 0.328 Executing VM operation: HandshakeAllThreads done
Event: 0.340 Executing VM operation: G1CollectForAllocation
Event: 0.342 Executing VM operation: G1CollectForAllocation done
Event: 0.484 Executing VM operation: HandshakeAllThreads
Event: 0.484 Executing VM operation: HandshakeAllThreads done
Event: 0.525 Executing VM operation: ICBufferFull
Event: 0.525 Executing VM operation: ICBufferFull done
Event: 1.150 Executing VM operation: ICBufferFull
Event: 1.151 Executing VM operation: ICBufferFull done
Event: 1.890 Executing VM operation: ICBufferFull
Event: 1.890 Executing VM operation: ICBufferFull done
Event: 1.935 Executing VM operation: ICBufferFull
Event: 1.935 Executing VM operation: ICBufferFull done
Event: 2.280 Executing VM operation: ICBufferFull
Event: 2.280 Executing VM operation: ICBufferFull done

Events (20 events):
Event: 1.456 Protecting memory [0x000000016dde8000,0x000000016ddf4000] with protection modes 0
Event: 1.456 Thread 0x000000013bb53c00 Thread added: 0x000000013bb53c00
Event: 1.797 Protecting memory [0x000000016dde8000,0x000000016ddf4000] with protection modes 3
Event: 1.798 Thread 0x000000013bb53c00 Thread exited: 0x000000013bb53c00
Event: 1.854 loading class java/io/FileReader
Event: 1.854 loading class java/io/FileReader done
Event: 1.855 loading class java/io/FileWriter
Event: 1.855 loading class java/io/FileWriter done
Event: 1.856 Protecting memory [0x000000016dde8000,0x000000016ddf4000] with protection modes 0
Event: 1.856 Thread 0x000000013bb55a00 Thread added: 0x000000013bb55a00
Event: 1.879 loading class sun/net/ProgressMonitor
Event: 1.880 loading class sun/net/ProgressMonitor done
Event: 1.880 loading class sun/net/DefaultProgressMeteringPolicy
Event: 1.880 loading class sun/net/ProgressMeteringPolicy
Event: 1.880 loading class sun/net/ProgressMeteringPolicy done
Event: 1.880 loading class sun/net/DefaultProgressMeteringPolicy done
Event: 1.934 loading class java/lang/FdLibm$Hypot
Event: 1.934 loading class java/lang/FdLibm$Hypot done
Event: 1.934 loading class java/lang/FdLibm
Event: 1.934 loading class java/lang/FdLibm done


Dynamic libraries:
0x0000000104f48000 	/Users/zijiandong/Library/Java/JavaVirtualMachines/corretto-17.0.4.1/Contents/Home/lib/libjli.dylib
0x00000001b41d0000 	/System/Library/Frameworks/Cocoa.framework/Versions/A/Cocoa
0x00000001a03d9000 	/System/Library/Frameworks/AppKit.framework/Versions/C/AppKit
0x00000001a38f0000 	/System/Library/Frameworks/CoreData.framework/Versions/A/CoreData
0x000000019e734000 	/System/Library/Frameworks/Foundation.framework/Versions/C/Foundation
0x00000001a834d000 	/usr/lib/libSystem.B.dylib
0x00000001a1292000 	/System/Library/PrivateFrameworks/UIFoundation.framework/Versions/A/UIFoundation
0x00000001ae39b000 	/System/Library/PrivateFrameworks/RemoteViewServices.framework/Versions/A/RemoteViewServices
0x00000001a680c000 	/System/Library/PrivateFrameworks/XCTTargetBootstrap.framework/Versions/A/XCTTargetBootstrap
0x00000001aa08f000 	/System/Library/PrivateFrameworks/InternationalSupport.framework/Versions/A/InternationalSupport
0x00000001aa118000 	/System/Library/PrivateFrameworks/UserActivity.framework/Versions/A/UserActivity
0x00000001a9584000 	/usr/lib/libspindump.dylib
0x00000001a1503000 	/System/Library/Frameworks/UniformTypeIdentifiers.framework/Versions/A/UniformTypeIdentifiers
0x00000001a4d54000 	/usr/lib/libapp_launch_measurement.dylib
0x00000001a427c000 	/System/Library/PrivateFrameworks/CoreAnalytics.framework/Versions/A/CoreAnalytics
0x00000001a4d57000 	/System/Library/PrivateFrameworks/CoreAutoLayout.framework/Versions/A/CoreAutoLayout
0x00000001a60fb000 	/System/Library/Frameworks/Metal.framework/Versions/A/Metal
0x00000001a6e75000 	/usr/lib/liblangid.dylib
0x00000001a6811000 	/System/Library/PrivateFrameworks/CoreSVG.framework/Versions/A/CoreSVG
0x00000001a299a000 	/System/Library/PrivateFrameworks/SkyLight.framework/Versions/A/SkyLight
0x00000001a2d76000 	/System/Library/Frameworks/CoreGraphics.framework/Versions/A/CoreGraphics
0x00000001aea67000 	/System/Library/Frameworks/Accelerate.framework/Versions/A/Accelerate
0x00000001a8ffb000 	/System/Library/PrivateFrameworks/IconServices.framework/Versions/A/IconServices
0x00000001a60dd000 	/System/Library/Frameworks/IOSurface.framework/Versions/A/IOSurface
0x00000001a42ad000 	/usr/lib/libDiagnosticMessagesClient.dylib
0x00000001a8296000 	/usr/lib/libz.1.dylib
0x00000001b1f6d000 	/System/Library/Frameworks/ApplicationServices.framework/Versions/A/ApplicationServices
0x00000001a67f4000 	/System/Library/PrivateFrameworks/DFRFoundation.framework/Versions/A/DFRFoundation
0x000000019fc69000 	/usr/lib/libicucore.A.dylib
0x00000001aaf3d000 	/System/Library/Frameworks/AudioToolbox.framework/Versions/A/AudioToolbox
0x00000001aa09b000 	/System/Library/PrivateFrameworks/DataDetectorsCore.framework/Versions/A/DataDetectorsCore
0x00000001c0ab9000 	/System/Library/PrivateFrameworks/TextInput.framework/Versions/A/TextInput
0x00000001a290f000 	/usr/lib/libMobileGestalt.dylib
0x00000001a64c0000 	/System/Library/Frameworks/Carbon.framework/Versions/A/Frameworks/HIToolbox.framework/Versions/A/HIToolbox
0x00000001a472d000 	/System/Library/Frameworks/QuartzCore.framework/Versions/A/QuartzCore
0x000000019f8ea000 	/System/Library/Frameworks/Security.framework/Versions/A/Security
0x00000001ae3db000 	/System/Library/Frameworks/Carbon.framework/Versions/A/Frameworks/SpeechRecognition.framework/Versions/A/SpeechRecognition
0x00000001a4aa9000 	/System/Library/PrivateFrameworks/CoreUI.framework/Versions/A/CoreUI
0x000000019f1c6000 	/System/Library/Frameworks/CoreAudio.framework/Versions/A/CoreAudio
0x00000001a43a1000 	/System/Library/Frameworks/DiskArbitration.framework/Versions/A/DiskArbitration
0x00000001a998e000 	/System/Library/PrivateFrameworks/MultitouchSupport.framework/Versions/A/MultitouchSupport
0x00000001a290d000 	/usr/lib/libenergytrace.dylib
0x00000001a02a1000 	/System/Library/Frameworks/IOKit.framework/Versions/A/IOKit
0x00000001ae7ca000 	/System/Library/Frameworks/CoreServices.framework/Versions/A/CoreServices
0x00000001a4ce4000 	/System/Library/PrivateFrameworks/PerformanceAnalysis.framework/Versions/A/PerformanceAnalysis
0x00000001fef63000 	/System/Library/Frameworks/OpenGL.framework/Versions/A/OpenGL
0x00000001a78e8000 	/System/Library/PrivateFrameworks/MobileKeyBag.framework/Versions/A/MobileKeyBag
0x000000019d667000 	/usr/lib/libobjc.A.dylib
0x00000001a3384000 	/System/Library/Frameworks/ColorSync.framework/Versions/A/ColorSync
0x000000019d830000 	/System/Library/Frameworks/CoreFoundation.framework/Versions/A/CoreFoundation
0x00000001a6a91000 	/System/Library/Frameworks/CoreImage.framework/Versions/A/CoreImage
0x000000019efea000 	/System/Library/Frameworks/CoreText.framework/Versions/A/CoreText
0x00000001a6841000 	/System/Library/Frameworks/ImageIO.framework/Versions/A/ImageIO
0x00000001a8353000 	/System/Library/PrivateFrameworks/SoftLinking.framework/Versions/A/SoftLinking
0x00000001a4da2000 	/usr/lib/libxml2.2.dylib
0x000000019d72a000 	/usr/lib/libc++.1.dylib
0x00000001a85ec000 	/usr/lib/libcompression.dylib
0x00000001a9feb000 	/System/Library/PrivateFrameworks/TextureIO.framework/Versions/A/TextureIO
0x00000001a8d14000 	/usr/lib/libate.dylib
0x00000001a8347000 	/usr/lib/system/libcache.dylib
0x00000001a8305000 	/usr/lib/system/libcommonCrypto.dylib
0x00000001a832e000 	/usr/lib/system/libcompiler_rt.dylib
0x00000001a8325000 	/usr/lib/system/libcopyfile.dylib
0x000000019d56b000 	/usr/lib/system/libcorecrypto.dylib
0x000000019d620000 	/usr/lib/system/libdispatch.dylib
0x000000019d7ee000 	/usr/lib/system/libdyld.dylib
0x00000001a833d000 	/usr/lib/system/libkeymgr.dylib
0x00000001a82e0000 	/usr/lib/system/libmacho.dylib
0x00000001a79d0000 	/usr/lib/system/libquarantine.dylib
0x00000001a833a000 	/usr/lib/system/libremovefile.dylib
0x00000001a2966000 	/usr/lib/system/libsystem_asl.dylib
0x000000019d50d000 	/usr/lib/system/libsystem_blocks.dylib
0x000000019d6a8000 	/usr/lib/system/libsystem_c.dylib
0x00000001a8332000 	/usr/lib/system/libsystem_collections.dylib
0x00000001a6e65000 	/usr/lib/system/libsystem_configuration.dylib
0x00000001a60be000 	/usr/lib/system/libsystem_containermanager.dylib
0x00000001a803d000 	/usr/lib/system/libsystem_coreservices.dylib
0x000000019ff1f000 	/usr/lib/system/libsystem_darwin.dylib
0x00000001a833e000 	/usr/lib/system/libsystem_dnssd.dylib
0x000000019d6a5000 	/usr/lib/system/libsystem_featureflags.dylib
0x000000019d803000 	/usr/lib/system/libsystem_info.dylib
0x00000001a82a8000 	/usr/lib/system/libsystem_m.dylib
0x000000019d5f5000 	/usr/lib/system/libsystem_malloc.dylib
0x00000001a28f4000 	/usr/lib/system/libsystem_networkextension.dylib
0x00000001a0378000 	/usr/lib/system/libsystem_notify.dylib
0x00000001ae6a1000 	/usr/lib/system/libsystem_product_info_filter.dylib
0x00000001a6e6a000 	/usr/lib/system/libsystem_sandbox.dylib
0x00000001a8337000 	/usr/lib/system/libsystem_secinit.dylib
0x000000019d7a9000 	/usr/lib/system/libsystem_kernel.dylib
0x000000019d7fb000 	/usr/lib/system/libsystem_platform.dylib
0x000000019d7e1000 	/usr/lib/system/libsystem_pthread.dylib
0x00000001a40ca000 	/usr/lib/system/libsystem_symptoms.dylib
0x000000019d551000 	/usr/lib/system/libsystem_trace.dylib
0x00000001a8312000 	/usr/lib/system/libunwind.dylib
0x000000019d50f000 	/usr/lib/system/libxpc.dylib
0x000000019d791000 	/usr/lib/libc++abi.dylib
0x00000001a831d000 	/usr/lib/liboah.dylib
0x00000001a8bd9000 	/usr/lib/liblzma.5.dylib
0x000000019e427000 	/System/Library/Frameworks/SystemConfiguration.framework/Versions/A/SystemConfiguration
0x00000001a834f000 	/usr/lib/libfakelink.dylib
0x00000001a243f000 	/System/Library/Frameworks/CFNetwork.framework/Versions/A/CFNetwork
0x00000001a8495000 	/usr/lib/libarchive.2.dylib
0x00000001a6e71000 	/System/Library/PrivateFrameworks/AppleSystemInfo.framework/Versions/A/AppleSystemInfo
0x00000001a79fb000 	/usr/lib/libbsm.0.dylib
0x00000001a19ac000 	/usr/lib/libnetwork.dylib
0x00000001a82e9000 	/usr/lib/system/libkxld.dylib
0x00000001a7615000 	/System/Library/PrivateFrameworks/IOMobileFramebuffer.framework/Versions/A/IOMobileFramebuffer
0x000000021d352000 	/usr/lib/libCoreEntitlements.dylib
0x00000001a801f000 	/System/Library/PrivateFrameworks/AppleFSCompression.framework/Versions/A/AppleFSCompression
0x00000001a79e3000 	/usr/lib/libcoretls.dylib
0x00000001a8bf2000 	/usr/lib/libcoretls_cfhelpers.dylib
0x00000001a85e7000 	/usr/lib/libpam.2.dylib
0x00000001a3ce0000 	/usr/lib/libsqlite3.dylib
0x00000001a8c5b000 	/usr/lib/libxar.1.dylib
0x00000001a8030000 	/usr/lib/libbz2.1.0.dylib
0x00000001a8354000 	/usr/lib/libpcap.A.dylib
0x00000001a40c1000 	/usr/lib/libdns_services.dylib
0x00000001a85ba000 	/usr/lib/libapple_nghttp2.dylib
0x00000001a8391000 	/usr/lib/libiconv.2.dylib
0x00000001a82df000 	/usr/lib/libcharset.1.dylib
0x00000001a4d20000 	/System/Library/Frameworks/CoreServices.framework/Versions/A/Frameworks/FSEvents.framework/Versions/A/FSEvents
0x000000019ff2a000 	/System/Library/Frameworks/CoreServices.framework/Versions/A/Frameworks/CarbonCore.framework/Versions/A/CarbonCore
0x00000001a4301000 	/System/Library/Frameworks/CoreServices.framework/Versions/A/Frameworks/Metadata.framework/Versions/A/Metadata
0x00000001a8043000 	/System/Library/Frameworks/CoreServices.framework/Versions/A/Frameworks/OSServices.framework/Versions/A/OSServices
0x00000001a851b000 	/System/Library/Frameworks/CoreServices.framework/Versions/A/Frameworks/SearchKit.framework/Versions/A/SearchKit
0x00000001a404f000 	/System/Library/Frameworks/CoreServices.framework/Versions/A/Frameworks/AE.framework/Versions/A/AE
0x000000019dd77000 	/System/Library/Frameworks/CoreServices.framework/Versions/A/Frameworks/LaunchServices.framework/Versions/A/LaunchServices
0x00000001a8b82000 	/System/Library/Frameworks/CoreServices.framework/Versions/A/Frameworks/DictionaryServices.framework/Versions/A/DictionaryServices
0x00000001a4d2d000 	/System/Library/Frameworks/CoreServices.framework/Versions/A/Frameworks/SharedFileList.framework/Versions/A/SharedFileList
0x00000001a79d3000 	/usr/lib/libCheckFix.dylib
0x00000001a297e000 	/System/Library/PrivateFrameworks/TCC.framework/Versions/A/TCC
0x00000001a6e77000 	/System/Library/PrivateFrameworks/CoreNLP.framework/Versions/A/CoreNLP
0x00000001a42b0000 	/System/Library/PrivateFrameworks/MetadataUtilities.framework/Versions/A/MetadataUtilities
0x000000019e4e1000 	/usr/lib/libmecabra.dylib
0x00000001a7a0c000 	/usr/lib/libmecab.dylib
0x000000019e4ad000 	/usr/lib/libCRFSuite.dylib
0x00000001a7a69000 	/usr/lib/libgermantok.dylib
0x00000001a8593000 	/usr/lib/libThaiTokenizer.dylib
0x00000001a43a9000 	/System/Library/Frameworks/Accelerate.framework/Versions/A/Frameworks/vImage.framework/Versions/A/vImage
0x00000001ae7a1000 	/System/Library/Frameworks/Accelerate.framework/Versions/A/Frameworks/vecLib.framework/Versions/A/vecLib
0x00000001a8ca0000 	/System/Library/Frameworks/Accelerate.framework/Versions/A/Frameworks/vecLib.framework/Versions/A/libvMisc.dylib
0x00000001a751c000 	/System/Library/Frameworks/Accelerate.framework/Versions/A/Frameworks/vecLib.framework/Versions/A/libvDSP.dylib
0x000000019e102000 	/System/Library/Frameworks/Accelerate.framework/Versions/A/Frameworks/vecLib.framework/Versions/A/libBLAS.dylib
0x00000001a86bd000 	/System/Library/Frameworks/Accelerate.framework/Versions/A/Frameworks/vecLib.framework/Versions/A/libLAPACK.dylib
0x00000001a7a6c000 	/System/Library/Frameworks/Accelerate.framework/Versions/A/Frameworks/vecLib.framework/Versions/A/libLinearAlgebra.dylib
0x00000001a85d2000 	/System/Library/Frameworks/Accelerate.framework/Versions/A/Frameworks/vecLib.framework/Versions/A/libSparseBLAS.dylib
0x00000001a86b8000 	/System/Library/Frameworks/Accelerate.framework/Versions/A/Frameworks/vecLib.framework/Versions/A/libQuadrature.dylib
0x00000001a6f70000 	/System/Library/Frameworks/Accelerate.framework/Versions/A/Frameworks/vecLib.framework/Versions/A/libBNNS.dylib
0x000000019e3c0000 	/System/Library/Frameworks/Accelerate.framework/Versions/A/Frameworks/vecLib.framework/Versions/A/libSparse.dylib
0x00000001a6f68000 	/System/Library/PrivateFrameworks/LinguisticData.framework/Versions/A/LinguisticData
0x000000019e378000 	/System/Library/PrivateFrameworks/Lexicon.framework/Versions/A/Lexicon
0x00000001a8c98000 	/usr/lib/libChineseTokenizer.dylib
0x000000019eb26000 	/System/Library/PrivateFrameworks/LanguageModeling.framework/Versions/A/LanguageModeling
0x00000001a8595000 	/System/Library/PrivateFrameworks/AppleSauce.framework/Versions/A/AppleSauce
0x00000001a7602000 	/System/Library/PrivateFrameworks/CoreEmoji.framework/Versions/A/CoreEmoji
0x00000001a8483000 	/usr/lib/libcmph.dylib
0x00000001a4d00000 	/System/Library/Frameworks/OpenDirectory.framework/Versions/A/Frameworks/CFOpenDirectory.framework/Versions/A/CFOpenDirectory
0x00000001a4cf0000 	/System/Library/Frameworks/OpenDirectory.framework/Versions/A/OpenDirectory
0x00000001a8bf4000 	/System/Library/PrivateFrameworks/APFS.framework/Versions/A/APFS
0x00000001a7923000 	/System/Library/Frameworks/SecurityFoundation.framework/Versions/A/SecurityFoundation
0x00000001a8c6a000 	/usr/lib/libutil.dylib
0x00000001a0263000 	/System/Library/PrivateFrameworks/CoreServicesStore.framework/Versions/A/CoreServicesStore
0x00000001a8c6e000 	/usr/lib/libxslt.1.dylib
0x00000001a79b7000 	/System/Library/PrivateFrameworks/BackgroundTaskManagement.framework/Versions/A/BackgroundTaskManagement
0x00000001a9f0c000 	/System/Library/Frameworks/ImageIO.framework/Versions/A/Resources/libRadiance.dylib
0x00000001a9f15000 	/System/Library/Frameworks/ImageIO.framework/Versions/A/Resources/libJPEG.dylib
0x00000001a9e66000 	/System/Library/Frameworks/ImageIO.framework/Versions/A/Resources/libPng.dylib
0x00000001a9e88000 	/System/Library/Frameworks/ImageIO.framework/Versions/A/Resources/libTIFF.dylib
0x00000001a9f70000 	/System/Library/Frameworks/ImageIO.framework/Versions/A/Resources/libGIF.dylib
0x00000001a989e000 	/System/Library/Frameworks/ImageIO.framework/Versions/A/Resources/libJP2.dylib
0x00000001a8fc0000 	/usr/lib/libexpat.1.dylib
0x00000001a9859000 	/System/Library/PrivateFrameworks/AppleJPEG.framework/Versions/A/AppleJPEG
0x00000001a637c000 	/System/Library/PrivateFrameworks/FontServices.framework/libFontParser.dylib
0x00000001a3ff4000 	/System/Library/PrivateFrameworks/RunningBoardServices.framework/Versions/A/RunningBoardServices
0x00000001b48a7000 	/System/Library/PrivateFrameworks/IOSurfaceAccelerator.framework/Versions/A/IOSurfaceAccelerator
0x00000001a998a000 	/System/Library/PrivateFrameworks/WatchdogClient.framework/Versions/A/WatchdogClient
0x000000019ec26000 	/System/Library/Frameworks/CoreDisplay.framework/Versions/A/CoreDisplay
0x00000001a6266000 	/System/Library/Frameworks/CoreMedia.framework/Versions/A/CoreMedia
0x00000001a60f1000 	/System/Library/PrivateFrameworks/IOAccelerator.framework/Versions/A/IOAccelerator
0x00000001a4e90000 	/System/Library/Frameworks/CoreVideo.framework/Versions/A/CoreVideo
0x00000001a85e5000 	/System/Library/Frameworks/MetalPerformanceShaders.framework/Versions/A/MetalPerformanceShaders
0x00000001a99c9000 	/System/Library/Frameworks/VideoToolbox.framework/Versions/A/VideoToolbox
0x00000001a3f38000 	/System/Library/PrivateFrameworks/BaseBoard.framework/Versions/A/BaseBoard
0x00000001a3cc6000 	/System/Library/PrivateFrameworks/ProtocolBuffer.framework/Versions/A/ProtocolBuffer
0x00000001a9f07000 	/System/Library/PrivateFrameworks/GPUWrangler.framework/Versions/A/GPUWrangler
0x00000001a9ee7000 	/System/Library/PrivateFrameworks/IOPresentment.framework/Versions/A/IOPresentment
0x00000001a9f0f000 	/System/Library/PrivateFrameworks/DSExternalDisplay.framework/Versions/A/DSExternalDisplay
0x00000001fef56000 	/System/Library/Frameworks/OpenGL.framework/Versions/A/Libraries/libCoreFSCache.dylib
0x0000000209e20000 	/System/Library/PrivateFrameworks/GPUCompiler.framework/Versions/31001/Libraries/libGPUCompilerUtils.dylib
0x00000001a9f75000 	/System/Library/PrivateFrameworks/CMCaptureCore.framework/Versions/A/CMCaptureCore
0x00000001a9571000 	/System/Library/PrivateFrameworks/AppServerSupport.framework/Versions/A/AppServerSupport
0x00000001ab7fb000 	/System/Library/PrivateFrameworks/perfdata.framework/Versions/A/perfdata
0x000000019ed46000 	/System/Library/PrivateFrameworks/AudioToolboxCore.framework/Versions/A/AudioToolboxCore
0x00000001a623f000 	/System/Library/PrivateFrameworks/caulk.framework/Versions/A/caulk
0x00000001ab0f0000 	/usr/lib/libAudioStatistics.dylib
0x00000001bd10c000 	/System/Library/PrivateFrameworks/SystemPolicy.framework/Versions/A/SystemPolicy
0x00000001ab35c000 	/usr/lib/libSMC.dylib
0x00000001b40ae000 	/System/Library/Frameworks/CoreMIDI.framework/Versions/A/CoreMIDI
0x00000001a9e34000 	/usr/lib/libAudioToolboxUtility.dylib
0x00000001b926f000 	/System/Library/PrivateFrameworks/OSAServicesClient.framework/Versions/A/OSAServicesClient
0x00000001ab808000 	/usr/lib/libperfcheck.dylib
0x00000001bdc2b000 	/usr/lib/libmis.dylib
0x00000001fefb8000 	/System/Library/Frameworks/OpenGL.framework/Versions/A/Libraries/libGLU.dylib
0x00000001fef77000 	/System/Library/Frameworks/OpenGL.framework/Versions/A/Libraries/libGFXShared.dylib
0x00000001ff164000 	/System/Library/Frameworks/OpenGL.framework/Versions/A/Libraries/libGL.dylib
0x00000001fef80000 	/System/Library/Frameworks/OpenGL.framework/Versions/A/Libraries/libGLImage.dylib
0x00000001fef74000 	/System/Library/Frameworks/OpenGL.framework/Versions/A/Libraries/libCVMSPluginSupport.dylib
0x00000001fef5d000 	/System/Library/Frameworks/OpenGL.framework/Versions/A/Libraries/libCoreVMClient.dylib
0x00000001a6df1000 	/System/Library/Frameworks/MetalPerformanceShaders.framework/Versions/A/Frameworks/MPSCore.framework/Versions/A/MPSCore
0x00000001a7f92000 	/System/Library/Frameworks/MetalPerformanceShaders.framework/Versions/A/Frameworks/MPSImage.framework/Versions/A/MPSImage
0x00000001a7a81000 	/System/Library/Frameworks/MetalPerformanceShaders.framework/Versions/A/Frameworks/MPSNeuralNetwork.framework/Versions/A/MPSNeuralNetwork
0x00000001a7eba000 	/System/Library/Frameworks/MetalPerformanceShaders.framework/Versions/A/Frameworks/MPSMatrix.framework/Versions/A/MPSMatrix
0x00000001a7c93000 	/System/Library/Frameworks/MetalPerformanceShaders.framework/Versions/A/Frameworks/MPSRayIntersector.framework/Versions/A/MPSRayIntersector
0x00000001a7eeb000 	/System/Library/Frameworks/MetalPerformanceShaders.framework/Versions/A/Frameworks/MPSNDArray.framework/Versions/A/MPSNDArray
0x0000000201a5f000 	/System/Library/Frameworks/MetalPerformanceShaders.framework/Versions/A/Frameworks/MPSFunctions.framework/Versions/A/MPSFunctions
0x000000019dfd8000 	/System/Library/PrivateFrameworks/MetalTools.framework/Versions/A/MetalTools
0x00000001a6e6f000 	/System/Library/PrivateFrameworks/AggregateDictionary.framework/Versions/A/AggregateDictionary
0x00000001a8da5000 	/usr/lib/libIOReport.dylib
0x00000001b30c7000 	/System/Library/PrivateFrameworks/ASEProcessing.framework/Versions/A/ASEProcessing
0x00000001a911a000 	/System/Library/PrivateFrameworks/FaceCore.framework/Versions/A/FaceCore
0x00000001a910c000 	/System/Library/PrivateFrameworks/GraphVisualizer.framework/Versions/A/GraphVisualizer
0x0000000209d37000 	/System/Library/PrivateFrameworks/FontServices.framework/Versions/A/FontServices
0x00000001a952d000 	/System/Library/PrivateFrameworks/OTSVG.framework/Versions/A/OTSVG
0x00000001a4a59000 	/System/Library/Frameworks/ApplicationServices.framework/Versions/A/Frameworks/ATS.framework/Versions/A/Resources/libFontRegistry.dylib
0x00000001a957a000 	/System/Library/PrivateFrameworks/FontServices.framework/libhvf.dylib
0x0000000209d38000 	/System/Library/PrivateFrameworks/FontServices.framework/libXTFontStaticRegistryData.dylib
0x00000001ff305000 	/System/Library/Frameworks/OpenCL.framework/Versions/A/OpenCL
0x00000001a8f74000 	/System/Library/PrivateFrameworks/AppleVA.framework/Versions/A/AppleVA
0x00000001ab118000 	/System/Library/Frameworks/ApplicationServices.framework/Versions/A/Frameworks/ATS.framework/Versions/A/ATS
0x00000001a3483000 	/System/Library/Frameworks/ApplicationServices.framework/Versions/A/Frameworks/HIServices.framework/Versions/A/HIServices
0x00000001a9f7f000 	/System/Library/Frameworks/ApplicationServices.framework/Versions/A/Frameworks/PrintCore.framework/Versions/A/PrintCore
0x00000001ab4af000 	/System/Library/Frameworks/ApplicationServices.framework/Versions/A/Frameworks/QD.framework/Versions/A/QD
0x00000001ab4a7000 	/System/Library/Frameworks/ApplicationServices.framework/Versions/A/Frameworks/ColorSyncLegacy.framework/Versions/A/ColorSyncLegacy
0x00000001ab104000 	/System/Library/Frameworks/ApplicationServices.framework/Versions/A/Frameworks/SpeechSynthesis.framework/Versions/A/SpeechSynthesis
0x00000001a9f40000 	/System/Library/Frameworks/ApplicationServices.framework/Versions/A/Frameworks/ATSUI.framework/Versions/A/ATSUI
0x00000001ab43c000 	/usr/lib/libcups.2.dylib
0x00000001ab816000 	/System/Library/Frameworks/Kerberos.framework/Versions/A/Kerberos
0x00000001ab827000 	/System/Library/Frameworks/GSS.framework/Versions/A/GSS
0x00000001ab188000 	/usr/lib/libresolv.9.dylib
0x00000001a9589000 	/System/Library/PrivateFrameworks/Heimdal.framework/Versions/A/Heimdal
0x00000001b22fd000 	/System/Library/Frameworks/Kerberos.framework/Versions/A/Libraries/libHeimdalProxy.dylib
0x00000001a40d3000 	/System/Library/Frameworks/Network.framework/Versions/A/Network
0x00000001a8fdb000 	/usr/lib/libheimdal-asn1.dylib
0x00000001ab877000 	/System/Library/PrivateFrameworks/CommonAuth.framework/Versions/A/CommonAuth
0x00000001ab07e000 	/System/Library/PrivateFrameworks/AudioSession.framework/Versions/A/AudioSession
0x00000001a906d000 	/System/Library/PrivateFrameworks/MediaExperience.framework/Versions/A/MediaExperience
0x00000001aaf03000 	/System/Library/PrivateFrameworks/AudioSession.framework/libSessionUtility.dylib
0x00000001ab4bb000 	/System/Library/PrivateFrameworks/AudioResourceArbitration.framework/Versions/A/AudioResourceArbitration
0x00000001af67e000 	/System/Library/PrivateFrameworks/PowerLog.framework/Versions/A/PowerLog
0x00000001a8fe5000 	/System/Library/PrivateFrameworks/IconFoundation.framework/Versions/A/IconFoundation
0x00000001ae3c7000 	/System/Library/PrivateFrameworks/SpeechRecognitionCore.framework/Versions/A/SpeechRecognitionCore
0x0000000105f8c000 	/Users/zijiandong/Library/Java/JavaVirtualMachines/corretto-17.0.4.1/Contents/Home/lib/server/libjvm.dylib
0x0000000104f98000 	/Users/zijiandong/Library/Java/JavaVirtualMachines/corretto-17.0.4.1/Contents/Home/lib/libjimage.dylib
0x0000000104fc4000 	/Users/zijiandong/Library/Java/JavaVirtualMachines/corretto-17.0.4.1/Contents/Home/lib/libinstrument.dylib
0x0000000105010000 	/Users/zijiandong/Library/Java/JavaVirtualMachines/corretto-17.0.4.1/Contents/Home/lib/libjava.dylib
0x0000000105ac4000 	/Users/zijiandong/Library/Java/JavaVirtualMachines/corretto-17.0.4.1/Contents/Home/lib/libnio.dylib
0x0000000105d00000 	/Users/zijiandong/Library/Java/JavaVirtualMachines/corretto-17.0.4.1/Contents/Home/lib/libnet.dylib
0x0000000105d24000 	/Users/zijiandong/Library/Java/JavaVirtualMachines/corretto-17.0.4.1/Contents/Home/lib/libzip.dylib
0x0000000104ff8000 	/Users/zijiandong/.openjfx/cache/17.0.1/libprism_es2.dylib
0x00000001a0226000 	/System/Library/PrivateFrameworks/CoreServicesInternal.framework/Versions/A/CoreServicesInternal
0x00000001ff16e000 	/System/Library/Frameworks/OpenGL.framework/Versions/A/Resources/GLEngine.bundle/GLEngine
0x00000001feff6000 	/System/Library/Frameworks/OpenGL.framework/Versions/A/Libraries/libGLProgrammability.dylib
0x0000000128a1c000 	/System/Library/Extensions/AppleMetalOpenGLRenderer.bundle/Contents/MacOS/AppleMetalOpenGLRenderer
0x00000001ff2dd000 	/System/Library/Frameworks/OpenGL.framework/Versions/A/Resources/GLRendererFloat.bundle/GLRendererFloat
0x00000001e4208000 	/System/Library/Extensions/AGXMetalG13X.bundle/Contents/MacOS/AGXMetalG13X
0x00000001bdc47000 	/System/Library/PrivateFrameworks/GPURawCounter.framework/Versions/A/GPURawCounter
0x00000001b83d8000 	/System/Library/PrivateFrameworks/IOGPU.framework/Versions/A/IOGPU
0x00000001295e0000 	/Users/zijiandong/.openjfx/cache/17.0.1/libglass.dylib
0x00000001af8d6000 	/System/Library/Frameworks/FileProvider.framework/Versions/A/FileProvider
0x00000001a3ea0000 	/System/Library/Frameworks/Accounts.framework/Versions/A/Accounts
0x00000001afa5a000 	/System/Library/PrivateFrameworks/GenerationalStorage.framework/Versions/A/GenerationalStorage
0x00000001b061d000 	/System/Library/PrivateFrameworks/CoreSymbolication.framework/Versions/A/CoreSymbolication
0x00000001af672000 	/System/Library/PrivateFrameworks/SymptomDiagnosticReporter.framework/Versions/A/SymptomDiagnosticReporter
0x00000001a1517000 	/System/Library/PrivateFrameworks/DesktopServicesPriv.framework/Versions/A/DesktopServicesPriv
0x00000001a0388000 	/usr/lib/libsandbox.1.dylib
0x00000001a4f1e000 	/System/Library/PrivateFrameworks/UserManagement.framework/Versions/A/UserManagement
0x00000001b05da000 	/System/Library/PrivateFrameworks/DebugSymbols.framework/Versions/A/DebugSymbols
0x00000001ab49a000 	/System/Library/PrivateFrameworks/NetAuth.framework/Versions/A/NetAuth
0x00000001ac3b8000 	/System/Library/PrivateFrameworks/Sharing.framework/Versions/A/Sharing
0x00000001a4eee000 	/System/Library/PrivateFrameworks/login.framework/Versions/A/Frameworks/loginsupport.framework/Versions/A/loginsupport
0x00000001b1811000 	/System/Library/PrivateFrameworks/Apple80211.framework/Versions/A/Apple80211
0x00000001a8076000 	/System/Library/PrivateFrameworks/AuthKit.framework/Versions/A/AuthKit
0x00000001a76fe000 	/System/Library/PrivateFrameworks/CoreUtils.framework/Versions/A/CoreUtils
0x00000001a7621000 	/System/Library/Frameworks/CoreWLAN.framework/Versions/A/CoreWLAN
0x00000001ac528000 	/System/Library/Frameworks/IOBluetooth.framework/Versions/A/IOBluetooth
0x00000001b1871000 	/System/Library/PrivateFrameworks/CoreWiFi.framework/Versions/A/CoreWiFi
0x00000001b01ba000 	/System/Library/PrivateFrameworks/FrontBoardServices.framework/Versions/A/FrontBoardServices
0x00000001b0252000 	/System/Library/PrivateFrameworks/BoardServices.framework/Versions/A/BoardServices
0x00000001a7911000 	/System/Library/PrivateFrameworks/AssertionServices.framework/Versions/A/AssertionServices
0x00000001b19ee000 	/System/Library/PrivateFrameworks/BackBoardServices.framework/Versions/A/BackBoardServices
0x00000001ab90e000 	/System/Library/PrivateFrameworks/CorePhoneNumbers.framework/Versions/A/CorePhoneNumbers
0x00000001ab1b5000 	/System/Library/PrivateFrameworks/MultiverseSupport.framework/Versions/A/MultiverseSupport
0x00000001b1c70000 	/System/Library/PrivateFrameworks/RemoteServiceDiscovery.framework/Versions/A/RemoteServiceDiscovery
0x00000001af7a2000 	/System/Library/PrivateFrameworks/DiskManagement.framework/Versions/A/DiskManagement
0x00000001af6a5000 	/System/Library/PrivateFrameworks/AppleIDAuthSupport.framework/Versions/A/AppleIDAuthSupport
0x000000020429c000 	/System/Library/PrivateFrameworks/AAAFoundation.framework/Versions/A/AAAFoundation
0x00000001ab8ed000 	/System/Library/PrivateFrameworks/KeychainCircle.framework/Versions/A/KeychainCircle
0x00000001b1c80000 	/System/Library/PrivateFrameworks/RemoteXPC.framework/Versions/A/RemoteXPC
0x00000001af76e000 	/System/Library/PrivateFrameworks/MediaKit.framework/Versions/A/MediaKit
0x00000001af6b2000 	/System/Library/Frameworks/DiscRecording.framework/Versions/A/DiscRecording
0x00000001a8ef0000 	/usr/lib/libCoreStorage.dylib
0x00000001b1cec000 	/usr/lib/libcsfde.dylib
0x00000001ac5fd000 	/System/Library/PrivateFrameworks/ProtectedCloudStorage.framework/Versions/A/ProtectedCloudStorage
0x00000001b1ce4000 	/System/Library/PrivateFrameworks/EFILogin.framework/Versions/A/EFILogin
0x00000001afa81000 	/System/Library/PrivateFrameworks/OctagonTrust.framework/Versions/A/OctagonTrust
0x0000000208ebe000 	/System/Library/PrivateFrameworks/CoreUtilsExtras.framework/Versions/A/CoreUtilsExtras
0x00000001af5d7000 	/System/Library/Frameworks/CoreBluetooth.framework/Versions/A/CoreBluetooth
0x00000001b2382000 	/System/Library/Frameworks/AudioUnit.framework/Versions/A/AudioUnit
0x00000001a8ee8000 	/usr/lib/libMatch.1.dylib
0x00000001c212f000 	/System/Library/Frameworks/Accelerate.framework/Versions/A/Frameworks/vImage.framework/Versions/A/Libraries/libCGInterfaces.dylib
0x000000012df9c000 	/usr/lib/libobjc-trampolines.dylib
0x000000021d4af000 	/usr/lib/libRosetta.dylib
0x00000001a4be8000 	/System/Library/PrivateFrameworks/ViewBridge.framework/Versions/A/ViewBridge
0x00000001a8dae000 	/System/Library/PrivateFrameworks/CrashReporterSupport.framework/Versions/A/CrashReporterSupport
0x00000001c9be6000 	/System/Library/PrivateFrameworks/OSAnalytics.framework/Versions/A/OSAnalytics
0x00000001d4f53000 	/System/Library/PrivateFrameworks/Symbolication.framework/Versions/A/Symbolication
0x00000001bdc08000 	/System/Library/PrivateFrameworks/MallocStackLogging.framework/Versions/A/MallocStackLogging
0x000000012ef70000 	/Users/zijiandong/.openjfx/cache/17.0.1/libjavafx_font.dylib
0x00000001a964c000 	/System/Library/PrivateFrameworks/login.framework/Versions/A/login
0x00000001b5cb6000 	/System/Library/Frameworks/Carbon.framework/Versions/A/Frameworks/OpenScripting.framework/Versions/A/OpenScripting
0x00000001aeaf0000 	/System/Library/PrivateFrameworks/SystemAdministration.framework/Versions/A/SystemAdministration
0x00000001aa186000 	/System/Library/Frameworks/MediaToolbox.framework/Versions/A/MediaToolbox
0x00000001ae38f000 	/System/Library/Frameworks/DirectoryService.framework/Versions/A/DirectoryService
0x00000001b1b78000 	/System/Library/PrivateFrameworks/DiskImages.framework/Versions/A/DiskImages
0x00000001a79c2000 	/System/Library/Frameworks/ServiceManagement.framework/Versions/A/ServiceManagement
0x00000001b1d62000 	/System/Library/PrivateFrameworks/LoginUIKit.framework/Versions/A/Frameworks/LoginUICore.framework/Versions/A/LoginUICore
0x00000001a9802000 	/usr/lib/libodfde.dylib
0x00000001af8a2000 	/System/Library/PrivateFrameworks/CoreAVCHD.framework/Versions/A/CoreAVCHD
0x00000001aeab2000 	/System/Library/Frameworks/MediaAccessibility.framework/Versions/A/MediaAccessibility
0x00000001af89e000 	/System/Library/PrivateFrameworks/Mangrove.framework/Versions/A/Mangrove
0x00000001aeabf000 	/System/Library/PrivateFrameworks/AlgosScoreFramework.framework/Versions/A/AlgosScoreFramework
0x0000000205fa1000 	/System/Library/PrivateFrameworks/CMPhoto.framework/Versions/A/CMPhoto
0x00000001af892000 	/System/Library/PrivateFrameworks/CoreAUC.framework/Versions/A/CoreAUC
0x00000001b1cf8000 	/usr/lib/libcurl.4.dylib
0x000000021d857000 	/usr/lib/libcrypto.46.dylib
0x000000021dd00000 	/usr/lib/libssl.48.dylib
0x00000001b1a0e000 	/System/Library/Frameworks/LDAP.framework/Versions/A/LDAP
0x00000001b1a4a000 	/System/Library/PrivateFrameworks/TrustEvaluationAgent.framework/Versions/A/TrustEvaluationAgent
0x00000001ab1a1000 	/usr/lib/libsasl2.2.dylib
0x00000001aeae5000 	/System/Library/PrivateFrameworks/CoreDaemon.framework/Versions/B/CoreDaemon
0x00000001aeadf000 	/System/Library/PrivateFrameworks/AppleSRP.framework/Versions/A/AppleSRP


VM Arguments:
jvm_args: -javaagent:/Applications/IntelliJ IDEA.app/Contents/lib/idea_rt.jar=54707:/Applications/IntelliJ IDEA.app/Contents/bin -Dfile.encoding=UTF-8 --module-path=/Users/zijiandong/.m2/repository/org/openjfx/javafx-controls/17.0.1/javafx-controls-17.0.1-mac-aarch64.jar:/Users/zijiandong/Documents/GitHub/Project_2.2_02/target/classes:/Users/zijiandong/.m2/repository/org/openjfx/javafx-graphics/17.0.1/javafx-graphics-17.0.1-mac-aarch64.jar:/Users/zijiandong/.m2/repository/org/openjfx/javafx-fxml/17.0.1/javafx-fxml-17.0.1-mac-aarch64.jar:/Users/zijiandong/.m2/repository/org/openjfx/javafx-base/17.0.1/javafx-base-17.0.1-mac-aarch64.jar -Djdk.module.main=chatbot.project22 
java_command: chatbot.project22/chatbot.project22.GUI.StartScreen
java_class_path (initial): /Users/zijiandong/.m2/repository/org/openjfx/javafx-controls/17.0.1/javafx-controls-17.0.1.jar:/Users/zijiandong/.m2/repository/org/openjfx/javafx-graphics/17.0.1/javafx-graphics-17.0.1.jar:/Users/zijiandong/.m2/repository/org/openjfx/javafx-base/17.0.1/javafx-base-17.0.1.jar:/Users/zijiandong/.m2/repository/org/openjfx/javafx-fxml/17.0.1/javafx-fxml-17.0.1.jar
Launcher Type: SUN_STANDARD

[Global flags]
     intx CICompilerCount                          = 4                                         {product} {ergonomic}
     uint ConcGCThreads                            = 2                                         {product} {ergonomic}
     uint G1ConcRefinementThreads                  = 8                                         {product} {ergonomic}
   size_t G1HeapRegionSize                         = 2097152                                   {product} {ergonomic}
    uintx GCDrainStackTargetSize                   = 64                                        {product} {ergonomic}
   size_t InitialHeapSize                          = 268435456                                 {product} {ergonomic}
   size_t MarkStackSize                            = 4194304                                   {product} {ergonomic}
   size_t MaxHeapSize                              = 4294967296                                {product} {ergonomic}
   size_t MaxNewSize                               = 2575302656                                {product} {ergonomic}
   size_t MinHeapDeltaBytes                        = 2097152                                   {product} {ergonomic}
   size_t MinHeapSize                              = 8388608                                   {product} {ergonomic}
    uintx NonNMethodCodeHeapSize                   = 5839564                                {pd product} {ergonomic}
    uintx NonProfiledCodeHeapSize                  = 122909338                              {pd product} {ergonomic}
    uintx ProfiledCodeHeapSize                     = 122909338                              {pd product} {ergonomic}
    uintx ReservedCodeCacheSize                    = 251658240                              {pd product} {ergonomic}
     bool SegmentedCodeCache                       = true                                      {product} {ergonomic}
   size_t SoftMaxHeapSize                          = 4294967296                             {manageable} {ergonomic}
     bool UseCompressedClassPointers               = true                           {product lp64_product} {ergonomic}
     bool UseCompressedOops                        = true                           {product lp64_product} {ergonomic}
     bool UseG1GC                                  = true                                      {product} {ergonomic}
     bool UseNUMA                                  = false                                     {product} {ergonomic}
     bool UseNUMAInterleaving                      = false                                     {product} {ergonomic}

Logging:
Log output configuration:
 #0: stdout all=warning uptime,level,tags
 #1: stderr all=off uptime,level,tags

Environment Variables:
PATH=/Users/zijiandong/opt/anaconda3/bin:/Users/zijiandong/opt/anaconda3/condabin:/Library/Frameworks/Python.framework/Versions/3.10/bin:/usr/local/bin:/usr/bin:/bin:/usr/sbin:/sbin:/Library/TeX/texbin
SHELL=/bin/zsh
LC_CTYPE=en_NL.UTF-8
TMPDIR=/var/folders/p8/jv7nrndx0473b80b8rp2rn8m0000gn/T/

Signal Handlers:
   SIGSEGV: _ZL13crash_handleriP9__siginfoPv in libjvm.dylib, mask=11100110000111110111111111111111, flags=SA_RESTART|SA_SIGINFO
    SIGBUS: _ZL13crash_handleriP9__siginfoPv in libjvm.dylib, mask=11100110000111110111111111111111, flags=SA_RESTART|SA_SIGINFO
    SIGFPE: _ZL13crash_handleriP9__siginfoPv in libjvm.dylib, mask=11100110000111110111111111111111, flags=SA_RESTART|SA_SIGINFO
   SIGPIPE: _ZL17javaSignalHandleriP9__siginfoPv in libjvm.dylib, mask=11100110000111110111111111111111, flags=SA_RESTART|SA_SIGINFO
   SIGXFSZ: _ZL17javaSignalHandleriP9__siginfoPv in libjvm.dylib, mask=11100110000111110111111111111111, flags=SA_RESTART|SA_SIGINFO
    SIGILL: _ZL13crash_handleriP9__siginfoPv in libjvm.dylib, mask=11100110000111110111111111111111, flags=SA_RESTART|SA_SIGINFO
   SIGUSR2: _ZL10SR_handleriP9__siginfoP17__darwin_ucontext in libjvm.dylib, mask=00100000000000000000000000000000, flags=SA_RESTART|SA_SIGINFO
    SIGHUP: _ZL11UserHandleriPvS_ in libjvm.dylib, mask=11100110000111110111111111111111, flags=SA_RESTART|SA_SIGINFO
    SIGINT: _ZL11UserHandleriPvS_ in libjvm.dylib, mask=11100110000111110111111111111111, flags=SA_RESTART|SA_SIGINFO
   SIGTERM: _ZL11UserHandleriPvS_ in libjvm.dylib, mask=11100110000111110111111111111111, flags=SA_RESTART|SA_SIGINFO
   SIGQUIT: _ZL11UserHandleriPvS_ in libjvm.dylib, mask=11100110000111110111111111111111, flags=SA_RESTART|SA_SIGINFO
  *** Handler was modified!
  *** Expected: _ZL17javaSignalHandleriP9__siginfoPv in libjvm.dylib, mask=11100110100111111111111111111111, flags=SA_RESTART|SA_SIGINFO
   SIGTRAP: _ZL13crash_handleriP9__siginfoPv in libjvm.dylib, mask=11100110000111110111111111111111, flags=SA_RESTART|SA_SIGINFO


---------------  S Y S T E M  ---------------

OS:
uname: Darwin 21.6.0 Darwin Kernel Version 21.6.0: Mon Aug 22 20:19:52 PDT 2022; root:xnu-8020.140.49~2/RELEASE_ARM64_T6000 arm64
OS uptime: 14 days 20:40 hours
rlimit (soft/hard): STACK 8176k/65520k , CORE 0k/infinity , NPROC 2666/4000 , NOFILE 10240/infinity , AS infinity/infinity , CPU infinity/infinity , DATA infinity/infinity , FSIZE infinity/infinity , MEMLOCK infinity/infinity , RSS infinity/infinity
load average: 3.82 3.44 3.04

CPU: total 8 (initial active 8) 0x61:0x0:0x1b588bb3:0, fp, simd, crc, lse

Memory: 16k page, physical 16777216k(80784k free), swap 3145728k(1166016k free)

vm_info: OpenJDK 64-Bit Server VM (17.0.4.1+9-LTS) for bsd-aarch64 JRE (17.0.4.1+9-LTS), built on Aug 12 2022 17:23:37 by "ec2user" with clang Apple LLVM 13.0.0 (clang-1300.0.29.30)

END.
