#
# A fatal error has been detected by the Java Runtime Environment:
#
#  SIGBUS (0xa) at pc=0x000000013a8014f0, pid=12364, tid=34051
#
# JRE version: OpenJDK Runtime Environment Corretto-17.0.4.9.1 (17.0.4.1+9) (build 17.0.4.1+9-LTS)
# Java VM: OpenJDK 64-Bit Server VM Corretto-17.0.4.9.1 (17.0.4.1+9-LTS, mixed mode, sharing, tiered, compressed oops, compressed class ptrs, g1 gc, bsd-aarch64)
# Problematic frame:
# v  ~StubRoutines::SafeFetchN
#
# No core dump will be written. Core dumps have been disabled. To enable core dumping, try "ulimit -c unlimited" before starting Java again
#
# If you would like to submit a bug report, please visit:
#   https://github.com/corretto/corretto-17/issues/
# The crash happened outside the Java Virtual Machine in native code.
# See problematic frame for where to report the bug.
#

---------------  S U M M A R Y ------------

Command Line: -javaagent:/Applications/IntelliJ IDEA.app/Contents/lib/idea_rt.jar=56133:/Applications/IntelliJ IDEA.app/Contents/bin -Dfile.encoding=UTF-8 --module-path=/Users/zijiandong/.m2/repository/org/openjfx/javafx-base/17.0.1/javafx-base-17.0.1-mac-aarch64.jar:/Users/zijiandong/Documents/GitHub/Project_2.2_02/target/classes:/Users/zijiandong/.m2/repository/org/openjfx/javafx-controls/17.0.1/javafx-controls-17.0.1-mac-aarch64.jar:/Users/zijiandong/.m2/repository/org/openjfx/javafx-graphics/17.0.1/javafx-graphics-17.0.1-mac-aarch64.jar:/Users/zijiandong/.m2/repository/org/openjfx/javafx-fxml/17.0.1/javafx-fxml-17.0.1-mac-aarch64.jar -Djdk.module.main=chatbot.project22 chatbot.project22/chatbot.project22.GUI.Screen2

Host: "MacBookPro18,3" arm64, 8 cores, 16G, Darwin 21.6.0, macOS 12.6 (21G115)
Time: Wed Mar 22 15:35:25 2023 CET elapsed time: 1.003726 seconds (0d 0h 0m 1s)

---------------  T H R E A D  ---------------

Current thread (0x0000000121074c00):  JavaThread "InvokeLaterDispatcher" daemon [_thread_in_native, id=34051, stack(0x000000016f9a4000,0x000000016fba7000)]

Stack: [0x000000016f9a4000,0x000000016fba7000],  sp=0x000000016fba6790,  free space=2057k
Native frames: (J=compiled Java code, j=interpreted, Vv=VM code, C=native code)
v  ~StubRoutines::SafeFetchN
V  [libjvm.dylib+0x7b8240]  _ZN10OopStorage7releaseEPKP7oopDesc+0x20
V  [libjvm.dylib+0x4c92e0]  jni_DeleteGlobalRef+0xd8
C  [libglass.dylib+0xab08]  -[GlassRunnable dealloc]+0x34
C  [Foundation+0x852b8]  -[_NSThreadPerformInfo dealloc]+0x30
C  [Foundation+0x51824]  -[NSObject(NSThreadPerformAdditions) performSelectorOnMainThread:withObject:waitUntilDone:]+0x88
C  0x510900013a8098ac
j  com.sun.glass.ui.mac.MacApplication.submitForLaterInvocation(Ljava/lang/Runnable;)V+2 javafx.graphics
j  com.sun.glass.ui.InvokeLaterDispatcher.run()V+82 javafx.graphics
v  ~StubRoutines::call_stub
V  [libjvm.dylib+0x46e49c]  _ZN9JavaCalls11call_helperEP9JavaValueRK12methodHandleP17JavaCallArgumentsP10JavaThread+0x390
V  [libjvm.dylib+0x46d508]  _ZN9JavaCalls12call_virtualEP9JavaValueP5KlassP6SymbolS5_P17JavaCallArgumentsP10JavaThread+0xf8
V  [libjvm.dylib+0x46d5d0]  _ZN9JavaCalls12call_virtualEP9JavaValue6HandleP5KlassP6SymbolS6_P10JavaThread+0x64
V  [libjvm.dylib+0x5227d4]  _ZL12thread_entryP10JavaThreadS0_+0xc4
V  [libjvm.dylib+0x9a3054]  _ZN10JavaThread17thread_main_innerEv+0x14c
V  [libjvm.dylib+0x9a16e0]  _ZN6Thread8call_runEv+0x128
V  [libjvm.dylib+0x7bf218]  _ZL19thread_native_entryP6Thread+0x158
C  [libsystem_pthread.dylib+0x726c]  _pthread_start+0x94

Java frames: (J=compiled Java code, j=interpreted, Vv=VM code)
j  com.sun.glass.ui.mac.MacApplication._submitForLaterInvocation(Ljava/lang/Runnable;)V+0 javafx.graphics
j  com.sun.glass.ui.mac.MacApplication.submitForLaterInvocation(Ljava/lang/Runnable;)V+2 javafx.graphics
j  com.sun.glass.ui.InvokeLaterDispatcher.run()V+82 javafx.graphics
v  ~StubRoutines::call_stub

siginfo: si_signo: 10 (SIGBUS), si_code: 1 (BUS_ADRALN), si_addr: 0x000000013a8014f0

Register to memory mapping:

 x0=0x0000000103d05188 points into unknown readable memory: 0x0000000000000000 | 00 00 00 00 00 00 00 00
 x1=0x0 is NULL
 x2=0x000000070e2d1788 is an oop: com.sun.glass.ui.InvokeLaterDispatcher$Future 
{0x000000070e2d1788} - klass: 'com/sun/glass/ui/InvokeLaterDispatcher$Future'
 - ---- fields (total size 3 words):
 - private 'done' 'Z' @12  true
 - private final 'runnable' 'Ljava/lang/Runnable;' @16  a 'com/sun/javafx/application/PlatformImpl$$Lambda$92+0x0000000800c81d88'{0x000000070e3661d8} (e1c6cc3b)
 - final synthetic 'this$0' 'Lcom/sun/glass/ui/InvokeLaterDispatcher;' @20  a 'com/sun/glass/ui/InvokeLaterDispatcher'{0x000000070e8156c0} (e1d02ad8)
 x3=0x0 is NULL
 x4=0x00000000000130a8 is an unknown value
 x5=0x0 is NULL
 x6=0x0 is NULL
 x7=0x0 is NULL
 x8=0x000000013a8014ec is at begin+0 in a stub
StubRoutines::SafeFetchN [0x000000013a8014ec, 0x000000013a8014f8] (12 bytes)
 x9=0x0 is NULL
x10=0x2010000030300000 is an unknown value
x11=0x0000000000000007 is an unknown value
x12=0x0000000000000005 is an unknown value
x13=0x00006000018c5d40 points into unknown readable memory: 0x94138001042769e8 | e8 69 27 04 01 80 13 94
x14=0x00000a0000000000 is an unknown value
x15=0x00000001042b1f98: OBJC_CLASS_$_GlassRunnable+0 in /Users/zijiandong/.openjfx/cache/17.0.1/libglass.dylib at 0x000000010426c000
x16=0x000000019d7e30fc: pthread_getspecific+0 in /usr/lib/system/libsystem_pthread.dylib at 0x000000019d7e1000
x17=0x0000600001dccf50 points into unknown readable memory: 0xfffffffffffffffe | fe ff ff ff ff ff ff ff
x18=0x0 is NULL
x19=0x0000600001dc0620 points into unknown readable memory: 0x00006000034d8170 | 70 81 4d 03 00 60 00 00
x20=0x0000000103d04f80 points into unknown readable memory: 0x0000000000000010 | 10 00 00 00 00 00 00 00
x21=0x0000000103d05188 points into unknown readable memory: 0x0000000000000000 | 00 00 00 00 00 00 00 00
x22=0x0000000121074c00 is a thread
x23=0x0000000000000001 is an unknown value
x24=0x0000000103d05140 is a global jni handle
x25=0x0000000104f7cae8: _ZN12StubRoutines17_safefetchN_entryE+0 in /Users/zijiandong/Library/Java/JavaVirtualMachines/corretto-17.0.4.1/Contents/Home/lib/server/libjvm.dylib at 0x0000000104318000
x26=0x0000000120d191a8 is pointing into metadata
x27=0x0 is NULL
x28=0x0000000121074c00 is a thread


Registers:
 x0=0x0000000103d05188  x1=0x0000000000000000  x2=0x000000070e2d1788  x3=0x0000000000000000
 x4=0x00000000000130a8  x5=0x0000000000000000  x6=0x0000000000000000  x7=0x0000000000000000
 x8=0x000000013a8014ec  x9=0x0000000000000000 x10=0x2010000030300000 x11=0x0000000000000007
x12=0x0000000000000005 x13=0x00006000018c5d40 x14=0x00000a0000000000 x15=0x00000001042b1f98
x16=0x000000019d7e30fc x17=0x0000600001dccf50 x18=0x0000000000000000 x19=0x0000600001dc0620
x20=0x0000000103d04f80 x21=0x0000000103d05188 x22=0x0000000121074c00 x23=0x0000000000000001
x24=0x0000000103d05140 x25=0x0000000104f7cae8 x26=0x0000000120d191a8 x27=0x0000000000000000
x28=0x0000000121074c00  fp=0x000000016fba67d0  lr=0x0000000104acf01c  sp=0x000000016fba6790
pc=0x000000013a8014f0 cpsr=0x0000000060001000
Top of Stack: (sp=0x000000016fba6790)
0x000000016fba6790:   0000000120d191a8 0000000000000001
0x000000016fba67a0:   0000000138014938 0000000000000000
0x000000016fba67b0:   00000001380148a8 0000000103d05170
0x000000016fba67c0:   0000000103d05170 0000600001dc0620
0x000000016fba67d0:   000000016fba6810 0000000104ad0240
0x000000016fba67e0:   0000000000000001 0000000103d05170
0x000000016fba67f0:   00000001380148a8 0000000103d05170
0x000000016fba6800:   0000000000000001 0000000138014600
0x000000016fba6810:   000000016fba6850 00000001047e12e0
0x000000016fba6820:   000000016fba6998 0000600003479500
0x000000016fba6830:   0000600003479510 00000001e7b25909
0x000000016fba6840:   0000000000000000 0000600003479510
0x000000016fba6850:   000000016fba6880 0000000104276b08
0x000000016fba6860:   1770bcf3ed600073 0000000000000000
0x000000016fba6870:   0000000000000000 00006000023620c0
0x000000016fba6880:   000000016fba68c0 000000019e7b92b8
0x000000016fba6890:   000000016fba6998 0000600003479500
0x000000016fba68a0:   0000600003479510 1770bcf3ed600073
0x000000016fba68b0:   0000000000000000 0000000000000000
0x000000016fba68c0:   000000016fba6900 5d3c00019e785824
0x000000016fba68d0:   000000016fba6998 000000013a8087c0
0x000000016fba68e0:   0000000000000000 0000000104f844a8
0x000000016fba68f0:   000000016fba6910 000000013a807730
0x000000016fba6900:   000000016fba6970 510900013a8098ac
0x000000016fba6910:   000000016fba6910 000000080098fc45
0x000000016fba6920:   000000016fba6920 0000000000000000
0x000000016fba6930:   000000016fba6998 0000000120d191a8
0x000000016fba6940:   000000070e92f840 0000000000000000
0x000000016fba6950:   0000000000000000 0000000120cf2550
0x000000016fba6960:   0000000000000000 000000016fba6970
0x000000016fba6970:   000000016fba69f0 000000013a805fc8
0x000000016fba6980:   0000000000000000 0000000000000000 

Instructions: (pc=0x000000013a8014f0)
0x000000013a8013f0:   f2a09e89 f2c00029 6d425935 1e640886
0x000000013a801400:   0c402d31 1e6408c7 1f5654d0 1e6c1017
0x000000013a801410:   1f5050d0 1f504cd0 1f5048d0 1e650af6
0x000000013a801420:   1f50d8f6 1f5694d6 1f5158f6 1e762880
0x000000013a801430:   36000501 1e614000 14000026 2e251ca5
0x000000013a801440:   d2923009 f2a09e89 f2c00029 6d425d36
0x000000013a801450:   1e600806 0c402d32 1f5758c7 1e6c101a
0x000000013a801460:   1f4754c7 1e650805 1f4750c7 d2866668
0x000000013a801470:   f2a7fa68 1f474cc7 1e6608c0 1f4748c7
0x000000013a801480:   1e6e1019 eb08007f 540000ac 1f479400
0x000000013a801490:   1f460340 1e603b20 1400000e d2a7fd29
0x000000013a8014a0:   eb09007f 540000ac 51480069 d3607d29
0x000000013a8014b0:   9e670121 14000002 1e6a5001 1f679417
0x000000013a8014c0:   1f668742 1e613b23 1e773857 1e773860
0x000000013a8014d0:   a8c17ff3 910003bf a8c17bfd d65f03c0
0x000000013a8014e0:   b9400001 aa0103e0 d65f03c0 f9400001
0x000000013a8014f0:   aa0103e0 d65f03c0 00000000 00000000
0x000000013a801500:   00000000 00000000 00000000 00000000
0x000000013a801510:   00000000 00000000 00000000 00000000
0x000000013a801520:   00000000 00000000 00000000 00000000
0x000000013a801530:   00000000 00000000 00000000 00000000
0x000000013a801540:   00000000 00000000 00000000 00000000
0x000000013a801550:   00000000 00000000 00000000 00000000
0x000000013a801560:   00000000 00000000 00000000 00000000
0x000000013a801570:   00000000 00000000 00000000 00000000
0x000000013a801580:   00000000 00000000 00000000 00000000
0x000000013a801590:   00000000 00000000 00000000 00000000
0x000000013a8015a0:   00000000 00000000 00000000 00000000
0x000000013a8015b0:   00000000 00000000 00000000 00000000
0x000000013a8015c0:   00000000 00000000 00000000 00000000
0x000000013a8015d0:   00000000 00000000 00000000 00000000
0x000000013a8015e0:   00000000 00000000 00000000 00000000 


Stack slot to memory mapping:
stack at sp + 0 slots: 0x0000000120d191a8 is pointing into metadata
stack at sp + 1 slots: 0x0000000000000001 is an unknown value
stack at sp + 2 slots: 0x0000000138014938 points into unknown readable memory: 0x0000000000000006 | 06 00 00 00 00 00 00 00
stack at sp + 3 slots: 0x0 is NULL
stack at sp + 4 slots: 0x00000001380148a8 points into unknown readable memory: 0x0000000104f368d0 | d0 68 f3 04 01 00 00 00
stack at sp + 5 slots: 0x0000000103d05170 is a global jni handle
stack at sp + 6 slots: 0x0000000103d05170 is a global jni handle
stack at sp + 7 slots: 0x0000600001dc0620 points into unknown readable memory: 0x00006000034d8170 | 70 81 4d 03 00 60 00 00

StubRoutines::SafeFetchN [0x000000013a8014ec, 0x000000013a8014f8] (12 bytes)
[MachCode]
  0x000000013a8014ec: 0100 40f9 | e003 01aa | c003 5fd6 
[/MachCode]

---------------  P R O C E S S  ---------------

Threads class SMR info:
_java_thread_list=0x0000600003600520, length=19, elements={
0x0000000120008a00, 0x000000013800e800, 0x000000013800d600, 0x0000000121012200,
0x000000012100b400, 0x0000000121012800, 0x0000000121012e00, 0x0000000121013400,
0x0000000139008800, 0x000000013800e200, 0x000000013881a000, 0x0000000138817800,
0x0000000120086c00, 0x0000000121074c00, 0x0000000138014600, 0x00000001200f9200,
0x000000013800ee00, 0x00000001390e4e00, 0x00000001210f4e00
}

Java Threads: ( => current thread )
  0x0000000120008a00 JavaThread "main" [_thread_blocked, id=10243, stack(0x000000016cf9c000,0x000000016d19f000)]
  0x000000013800e800 JavaThread "Reference Handler" daemon [_thread_blocked, id=17411, stack(0x000000016ddf0000,0x000000016dff3000)]
  0x000000013800d600 JavaThread "Finalizer" daemon [_thread_blocked, id=17155, stack(0x000000016dffc000,0x000000016e1ff000)]
  0x0000000121012200 JavaThread "Signal Dispatcher" daemon [_thread_blocked, id=42243, stack(0x000000016e320000,0x000000016e523000)]
  0x000000012100b400 JavaThread "Service Thread" daemon [_thread_blocked, id=41987, stack(0x000000016e52c000,0x000000016e72f000)]
  0x0000000121012800 JavaThread "Monitor Deflation Thread" daemon [_thread_blocked, id=41475, stack(0x000000016e738000,0x000000016e93b000)]
  0x0000000121012e00 JavaThread "C2 CompilerThread0" daemon [_thread_blocked, id=23299, stack(0x000000016e944000,0x000000016eb47000)]
  0x0000000121013400 JavaThread "C1 CompilerThread0" daemon [_thread_blocked, id=40963, stack(0x000000016eb50000,0x000000016ed53000)]
  0x0000000139008800 JavaThread "Sweeper thread" daemon [_thread_blocked, id=40451, stack(0x000000016ed5c000,0x000000016ef5f000)]
  0x000000013800e200 JavaThread "Common-Cleaner" daemon [_thread_blocked, id=39939, stack(0x000000016ef68000,0x000000016f16b000)]
  0x000000013881a000 JavaThread "Monitor Ctrl-Break" daemon [_thread_in_native, id=23811, stack(0x000000016f174000,0x000000016f377000)]
  0x0000000138817800 JavaThread "Notification Thread" daemon [_thread_blocked, id=39427, stack(0x000000016f380000,0x000000016f583000)]
  0x0000000120086c00 JavaThread "QuantumRenderer-0" daemon [_thread_blocked, id=38915, stack(0x000000016f798000,0x000000016f99b000)]
=>0x0000000121074c00 JavaThread "InvokeLaterDispatcher" daemon [_thread_in_native, id=34051, stack(0x000000016f9a4000,0x000000016fba7000)]
  0x0000000138014600 JavaThread "JavaFX Application Thread" [_thread_in_vm, id=259, stack(0x000000016c714000,0x000000016cf10000)]
  0x00000001200f9200 JavaThread "PulseTimer-CVDisplayLink thread" daemon [_thread_in_native, id=51971, stack(0x000000016fcc8000,0x000000016fd4b000)]
  0x000000013800ee00 JavaThread "JavaFX-Launcher" [_thread_blocked, id=77319, stack(0x000000016fd54000,0x000000016ff57000)]
  0x00000001390e4e00 JavaThread "Prism Font Disposer" daemon [_thread_blocked, id=54535, stack(0x0000000280a40000,0x0000000280c43000)]
  0x00000001210f4e00 JavaThread "Cleaner-0" daemon [_thread_blocked, id=64799, stack(0x0000000280c4c000,0x0000000280e4f000)]

Other Threads:
  0x0000000137e053d0 VMThread "VM Thread" [stack: 0x000000016dbe4000,0x000000016dde7000] [id=17667]
  0x0000000103d11b90 WatcherThread [stack: 0x000000016f58c000,0x000000016f78f000] [id=39171]
  0x0000000127e06650 GCTaskThread "GC Thread#0" [stack: 0x000000016d1a8000,0x000000016d3ab000] [id=13059]
  0x0000000137e120f0 GCTaskThread "GC Thread#1" [stack: 0x0000000280004000,0x0000000280207000] [id=78087]
  0x0000000137e12570 GCTaskThread "GC Thread#2" [stack: 0x0000000280210000,0x0000000280413000] [id=43783]
  0x0000000103d2b190 GCTaskThread "GC Thread#3" [stack: 0x000000028041c000,0x000000028061f000] [id=77063]
  0x0000000103d2b610 GCTaskThread "GC Thread#4" [stack: 0x0000000280628000,0x000000028082b000] [id=52739]
  0x0000000103d2ba90 GCTaskThread "GC Thread#5" [stack: 0x0000000280834000,0x0000000280a37000] [id=76291]
  0x0000000127e06d00 ConcurrentGCThread "G1 Main Marker" [stack: 0x000000016d3b4000,0x000000016d5b7000] [id=20227]
  0x0000000127e07580 ConcurrentGCThread "G1 Conc#0" [stack: 0x000000016d5c0000,0x000000016d7c3000] [id=19715]
  0x0000000127e093f0 ConcurrentGCThread "G1 Refine#0" [stack: 0x000000016d7cc000,0x000000016d9cf000] [id=14083]
  0x0000000127e09c90 ConcurrentGCThread "G1 Service" [stack: 0x000000016d9d8000,0x000000016dbdb000] [id=14339]

Threads with active compile tasks:

VM state: not at safepoint (normal execution)

VM Mutex/Monitor currently owned by a thread: None

Heap address: 0x0000000700000000, size: 4096 MB, Compressed Oops mode: Zero based, Oop shift amount: 3

CDS archive(s) mapped at: [0x0000000800000000-0x0000000800bd8000-0x0000000800bd8000), size 12419072, SharedBaseAddress: 0x0000000800000000, ArchiveRelocationMode: 0.
Compressed class space mapped at: 0x0000000800c00000-0x0000000840c00000, reserved size: 1073741824
Narrow klass base: 0x0000000800000000, Narrow klass shift: 0, Narrow klass range: 0x100000000

GC Precious Log:
 CPUs: 8 total, 8 available
 Memory: 16384M
 Large Page Support: Disabled
 NUMA Support: Disabled
 Compressed Oops: Enabled (Zero based)
 Heap Region Size: 2M
 Heap Min Capacity: 8M
 Heap Initial Capacity: 256M
 Heap Max Capacity: 4G
 Pre-touch: Disabled
 Parallel Workers: 8
 Concurrent Workers: 2
 Concurrent Refinement Workers: 8
 Periodic GC: Disabled

Heap:
 garbage-first heap   total 266240K, used 42127K [0x0000000700000000, 0x0000000800000000)
  region size 2048K, 19 young (38912K), 2 survivors (4096K)
 Metaspace       used 13237K, committed 13440K, reserved 1064960K
  class space    used 1980K, committed 2048K, reserved 1048576K

Heap Regions: E=young(eden), S=young(survivor), O=old, HS=humongous(starts), HC=humongous(continues), CS=collection set, F=free, OA=open archive, CA=closed archive, TAMS=top-at-mark-start (previous, next)
|   0|0x0000000700000000, 0x0000000700200000, 0x0000000700200000|100%|HS|  |TAMS 0x0000000700000000, 0x0000000700000000| Complete 
|   1|0x0000000700200000, 0x0000000700400000, 0x0000000700400000|100%|HS|  |TAMS 0x0000000700200000, 0x0000000700200000| Complete 
|   2|0x0000000700400000, 0x0000000700400000, 0x0000000700600000|  0%| F|  |TAMS 0x0000000700400000, 0x0000000700400000| Untracked 
|   3|0x0000000700600000, 0x0000000700600000, 0x0000000700800000|  0%| F|  |TAMS 0x0000000700600000, 0x0000000700600000| Untracked 
|   4|0x0000000700800000, 0x0000000700800000, 0x0000000700a00000|  0%| F|  |TAMS 0x0000000700800000, 0x0000000700800000| Untracked 
|   5|0x0000000700a00000, 0x0000000700a00000, 0x0000000700c00000|  0%| F|  |TAMS 0x0000000700a00000, 0x0000000700a00000| Untracked 
|   6|0x0000000700c00000, 0x0000000700c00000, 0x0000000700e00000|  0%| F|  |TAMS 0x0000000700c00000, 0x0000000700c00000| Untracked 
|   7|0x0000000700e00000, 0x0000000700e00000, 0x0000000701000000|  0%| F|  |TAMS 0x0000000700e00000, 0x0000000700e00000| Untracked 
|   8|0x0000000701000000, 0x0000000701000000, 0x0000000701200000|  0%| F|  |TAMS 0x0000000701000000, 0x0000000701000000| Untracked 
|   9|0x0000000701200000, 0x0000000701200000, 0x0000000701400000|  0%| F|  |TAMS 0x0000000701200000, 0x0000000701200000| Untracked 
|  10|0x0000000701400000, 0x0000000701400000, 0x0000000701600000|  0%| F|  |TAMS 0x0000000701400000, 0x0000000701400000| Untracked 
|  11|0x0000000701600000, 0x0000000701600000, 0x0000000701800000|  0%| F|  |TAMS 0x0000000701600000, 0x0000000701600000| Untracked 
|  12|0x0000000701800000, 0x0000000701800000, 0x0000000701a00000|  0%| F|  |TAMS 0x0000000701800000, 0x0000000701800000| Untracked 
|  13|0x0000000701a00000, 0x0000000701a00000, 0x0000000701c00000|  0%| F|  |TAMS 0x0000000701a00000, 0x0000000701a00000| Untracked 
|  14|0x0000000701c00000, 0x0000000701c00000, 0x0000000701e00000|  0%| F|  |TAMS 0x0000000701c00000, 0x0000000701c00000| Untracked 
|  15|0x0000000701e00000, 0x0000000701e00000, 0x0000000702000000|  0%| F|  |TAMS 0x0000000701e00000, 0x0000000701e00000| Untracked 
|  16|0x0000000702000000, 0x0000000702000000, 0x0000000702200000|  0%| F|  |TAMS 0x0000000702000000, 0x0000000702000000| Untracked 
|  17|0x0000000702200000, 0x0000000702200000, 0x0000000702400000|  0%| F|  |TAMS 0x0000000702200000, 0x0000000702200000| Untracked 
|  18|0x0000000702400000, 0x0000000702400000, 0x0000000702600000|  0%| F|  |TAMS 0x0000000702400000, 0x0000000702400000| Untracked 
|  19|0x0000000702600000, 0x0000000702600000, 0x0000000702800000|  0%| F|  |TAMS 0x0000000702600000, 0x0000000702600000| Untracked 
|  20|0x0000000702800000, 0x0000000702800000, 0x0000000702a00000|  0%| F|  |TAMS 0x0000000702800000, 0x0000000702800000| Untracked 
|  21|0x0000000702a00000, 0x0000000702a00000, 0x0000000702c00000|  0%| F|  |TAMS 0x0000000702a00000, 0x0000000702a00000| Untracked 
|  22|0x0000000702c00000, 0x0000000702c00000, 0x0000000702e00000|  0%| F|  |TAMS 0x0000000702c00000, 0x0000000702c00000| Untracked 
|  23|0x0000000702e00000, 0x0000000702e00000, 0x0000000703000000|  0%| F|  |TAMS 0x0000000702e00000, 0x0000000702e00000| Untracked 
|  24|0x0000000703000000, 0x0000000703000000, 0x0000000703200000|  0%| F|  |TAMS 0x0000000703000000, 0x0000000703000000| Untracked 
|  25|0x0000000703200000, 0x0000000703200000, 0x0000000703400000|  0%| F|  |TAMS 0x0000000703200000, 0x0000000703200000| Untracked 
|  26|0x0000000703400000, 0x0000000703400000, 0x0000000703600000|  0%| F|  |TAMS 0x0000000703400000, 0x0000000703400000| Untracked 
|  27|0x0000000703600000, 0x0000000703600000, 0x0000000703800000|  0%| F|  |TAMS 0x0000000703600000, 0x0000000703600000| Untracked 
|  28|0x0000000703800000, 0x0000000703800000, 0x0000000703a00000|  0%| F|  |TAMS 0x0000000703800000, 0x0000000703800000| Untracked 
|  29|0x0000000703a00000, 0x0000000703a00000, 0x0000000703c00000|  0%| F|  |TAMS 0x0000000703a00000, 0x0000000703a00000| Untracked 
|  30|0x0000000703c00000, 0x0000000703c00000, 0x0000000703e00000|  0%| F|  |TAMS 0x0000000703c00000, 0x0000000703c00000| Untracked 
|  31|0x0000000703e00000, 0x0000000703e00000, 0x0000000704000000|  0%| F|  |TAMS 0x0000000703e00000, 0x0000000703e00000| Untracked 
|  32|0x0000000704000000, 0x0000000704000000, 0x0000000704200000|  0%| F|  |TAMS 0x0000000704000000, 0x0000000704000000| Untracked 
|  33|0x0000000704200000, 0x0000000704200000, 0x0000000704400000|  0%| F|  |TAMS 0x0000000704200000, 0x0000000704200000| Untracked 
|  34|0x0000000704400000, 0x0000000704400000, 0x0000000704600000|  0%| F|  |TAMS 0x0000000704400000, 0x0000000704400000| Untracked 
|  35|0x0000000704600000, 0x0000000704600000, 0x0000000704800000|  0%| F|  |TAMS 0x0000000704600000, 0x0000000704600000| Untracked 
|  36|0x0000000704800000, 0x0000000704800000, 0x0000000704a00000|  0%| F|  |TAMS 0x0000000704800000, 0x0000000704800000| Untracked 
|  37|0x0000000704a00000, 0x0000000704a00000, 0x0000000704c00000|  0%| F|  |TAMS 0x0000000704a00000, 0x0000000704a00000| Untracked 
|  38|0x0000000704c00000, 0x0000000704c00000, 0x0000000704e00000|  0%| F|  |TAMS 0x0000000704c00000, 0x0000000704c00000| Untracked 
|  39|0x0000000704e00000, 0x0000000704e00000, 0x0000000705000000|  0%| F|  |TAMS 0x0000000704e00000, 0x0000000704e00000| Untracked 
|  40|0x0000000705000000, 0x0000000705000000, 0x0000000705200000|  0%| F|  |TAMS 0x0000000705000000, 0x0000000705000000| Untracked 
|  41|0x0000000705200000, 0x0000000705200000, 0x0000000705400000|  0%| F|  |TAMS 0x0000000705200000, 0x0000000705200000| Untracked 
|  42|0x0000000705400000, 0x0000000705400000, 0x0000000705600000|  0%| F|  |TAMS 0x0000000705400000, 0x0000000705400000| Untracked 
|  43|0x0000000705600000, 0x0000000705600000, 0x0000000705800000|  0%| F|  |TAMS 0x0000000705600000, 0x0000000705600000| Untracked 
|  44|0x0000000705800000, 0x0000000705800000, 0x0000000705a00000|  0%| F|  |TAMS 0x0000000705800000, 0x0000000705800000| Untracked 
|  45|0x0000000705a00000, 0x0000000705a00000, 0x0000000705c00000|  0%| F|  |TAMS 0x0000000705a00000, 0x0000000705a00000| Untracked 
|  46|0x0000000705c00000, 0x0000000705c00000, 0x0000000705e00000|  0%| F|  |TAMS 0x0000000705c00000, 0x0000000705c00000| Untracked 
|  47|0x0000000705e00000, 0x0000000705e00000, 0x0000000706000000|  0%| F|  |TAMS 0x0000000705e00000, 0x0000000705e00000| Untracked 
|  48|0x0000000706000000, 0x0000000706000000, 0x0000000706200000|  0%| F|  |TAMS 0x0000000706000000, 0x0000000706000000| Untracked 
|  49|0x0000000706200000, 0x0000000706200000, 0x0000000706400000|  0%| F|  |TAMS 0x0000000706200000, 0x0000000706200000| Untracked 
|  50|0x0000000706400000, 0x0000000706400000, 0x0000000706600000|  0%| F|  |TAMS 0x0000000706400000, 0x0000000706400000| Untracked 
|  51|0x0000000706600000, 0x0000000706600000, 0x0000000706800000|  0%| F|  |TAMS 0x0000000706600000, 0x0000000706600000| Untracked 
|  52|0x0000000706800000, 0x0000000706800000, 0x0000000706a00000|  0%| F|  |TAMS 0x0000000706800000, 0x0000000706800000| Untracked 
|  53|0x0000000706a00000, 0x0000000706a00000, 0x0000000706c00000|  0%| F|  |TAMS 0x0000000706a00000, 0x0000000706a00000| Untracked 
|  54|0x0000000706c00000, 0x0000000706c00000, 0x0000000706e00000|  0%| F|  |TAMS 0x0000000706c00000, 0x0000000706c00000| Untracked 
|  55|0x0000000706e00000, 0x0000000706e00000, 0x0000000707000000|  0%| F|  |TAMS 0x0000000706e00000, 0x0000000706e00000| Untracked 
|  56|0x0000000707000000, 0x0000000707000000, 0x0000000707200000|  0%| F|  |TAMS 0x0000000707000000, 0x0000000707000000| Untracked 
|  57|0x0000000707200000, 0x0000000707200000, 0x0000000707400000|  0%| F|  |TAMS 0x0000000707200000, 0x0000000707200000| Untracked 
|  58|0x0000000707400000, 0x0000000707400000, 0x0000000707600000|  0%| F|  |TAMS 0x0000000707400000, 0x0000000707400000| Untracked 
|  59|0x0000000707600000, 0x0000000707600000, 0x0000000707800000|  0%| F|  |TAMS 0x0000000707600000, 0x0000000707600000| Untracked 
|  60|0x0000000707800000, 0x0000000707800000, 0x0000000707a00000|  0%| F|  |TAMS 0x0000000707800000, 0x0000000707800000| Untracked 
|  61|0x0000000707a00000, 0x0000000707a00000, 0x0000000707c00000|  0%| F|  |TAMS 0x0000000707a00000, 0x0000000707a00000| Untracked 
|  62|0x0000000707c00000, 0x0000000707c00000, 0x0000000707e00000|  0%| F|  |TAMS 0x0000000707c00000, 0x0000000707c00000| Untracked 
|  63|0x0000000707e00000, 0x0000000707e00000, 0x0000000708000000|  0%| F|  |TAMS 0x0000000707e00000, 0x0000000707e00000| Untracked 
|  64|0x0000000708000000, 0x0000000708000000, 0x0000000708200000|  0%| F|  |TAMS 0x0000000708000000, 0x0000000708000000| Untracked 
|  65|0x0000000708200000, 0x0000000708200000, 0x0000000708400000|  0%| F|  |TAMS 0x0000000708200000, 0x0000000708200000| Untracked 
|  66|0x0000000708400000, 0x0000000708400000, 0x0000000708600000|  0%| F|  |TAMS 0x0000000708400000, 0x0000000708400000| Untracked 
|  67|0x0000000708600000, 0x0000000708600000, 0x0000000708800000|  0%| F|  |TAMS 0x0000000708600000, 0x0000000708600000| Untracked 
|  68|0x0000000708800000, 0x0000000708800000, 0x0000000708a00000|  0%| F|  |TAMS 0x0000000708800000, 0x0000000708800000| Untracked 
|  69|0x0000000708a00000, 0x0000000708a00000, 0x0000000708c00000|  0%| F|  |TAMS 0x0000000708a00000, 0x0000000708a00000| Untracked 
|  70|0x0000000708c00000, 0x0000000708c00000, 0x0000000708e00000|  0%| F|  |TAMS 0x0000000708c00000, 0x0000000708c00000| Untracked 
|  71|0x0000000708e00000, 0x0000000708e00000, 0x0000000709000000|  0%| F|  |TAMS 0x0000000708e00000, 0x0000000708e00000| Untracked 
|  72|0x0000000709000000, 0x0000000709000000, 0x0000000709200000|  0%| F|  |TAMS 0x0000000709000000, 0x0000000709000000| Untracked 
|  73|0x0000000709200000, 0x0000000709200000, 0x0000000709400000|  0%| F|  |TAMS 0x0000000709200000, 0x0000000709200000| Untracked 
|  74|0x0000000709400000, 0x0000000709400000, 0x0000000709600000|  0%| F|  |TAMS 0x0000000709400000, 0x0000000709400000| Untracked 
|  75|0x0000000709600000, 0x0000000709600000, 0x0000000709800000|  0%| F|  |TAMS 0x0000000709600000, 0x0000000709600000| Untracked 
|  76|0x0000000709800000, 0x0000000709800000, 0x0000000709a00000|  0%| F|  |TAMS 0x0000000709800000, 0x0000000709800000| Untracked 
|  77|0x0000000709a00000, 0x0000000709a00000, 0x0000000709c00000|  0%| F|  |TAMS 0x0000000709a00000, 0x0000000709a00000| Untracked 
|  78|0x0000000709c00000, 0x0000000709c00000, 0x0000000709e00000|  0%| F|  |TAMS 0x0000000709c00000, 0x0000000709c00000| Untracked 
|  79|0x0000000709e00000, 0x0000000709e00000, 0x000000070a000000|  0%| F|  |TAMS 0x0000000709e00000, 0x0000000709e00000| Untracked 
|  80|0x000000070a000000, 0x000000070a000000, 0x000000070a200000|  0%| F|  |TAMS 0x000000070a000000, 0x000000070a000000| Untracked 
|  81|0x000000070a200000, 0x000000070a200000, 0x000000070a400000|  0%| F|  |TAMS 0x000000070a200000, 0x000000070a200000| Untracked 
|  82|0x000000070a400000, 0x000000070a400000, 0x000000070a600000|  0%| F|  |TAMS 0x000000070a400000, 0x000000070a400000| Untracked 
|  83|0x000000070a600000, 0x000000070a600000, 0x000000070a800000|  0%| F|  |TAMS 0x000000070a600000, 0x000000070a600000| Untracked 
|  84|0x000000070a800000, 0x000000070a800000, 0x000000070aa00000|  0%| F|  |TAMS 0x000000070a800000, 0x000000070a800000| Untracked 
|  85|0x000000070aa00000, 0x000000070aa00000, 0x000000070ac00000|  0%| F|  |TAMS 0x000000070aa00000, 0x000000070aa00000| Untracked 
|  86|0x000000070ac00000, 0x000000070ac00000, 0x000000070ae00000|  0%| F|  |TAMS 0x000000070ac00000, 0x000000070ac00000| Untracked 
|  87|0x000000070ae00000, 0x000000070ae00000, 0x000000070b000000|  0%| F|  |TAMS 0x000000070ae00000, 0x000000070ae00000| Untracked 
|  88|0x000000070b000000, 0x000000070b000000, 0x000000070b200000|  0%| F|  |TAMS 0x000000070b000000, 0x000000070b000000| Untracked 
|  89|0x000000070b200000, 0x000000070b200000, 0x000000070b400000|  0%| F|  |TAMS 0x000000070b200000, 0x000000070b200000| Untracked 
|  90|0x000000070b400000, 0x000000070b400000, 0x000000070b600000|  0%| F|  |TAMS 0x000000070b400000, 0x000000070b400000| Untracked 
|  91|0x000000070b600000, 0x000000070b600000, 0x000000070b800000|  0%| F|  |TAMS 0x000000070b600000, 0x000000070b600000| Untracked 
|  92|0x000000070b800000, 0x000000070b800000, 0x000000070ba00000|  0%| F|  |TAMS 0x000000070b800000, 0x000000070b800000| Untracked 
|  93|0x000000070ba00000, 0x000000070ba00000, 0x000000070bc00000|  0%| F|  |TAMS 0x000000070ba00000, 0x000000070ba00000| Untracked 
|  94|0x000000070bc00000, 0x000000070bc00000, 0x000000070be00000|  0%| F|  |TAMS 0x000000070bc00000, 0x000000070bc00000| Untracked 
|  95|0x000000070be00000, 0x000000070be00000, 0x000000070c000000|  0%| F|  |TAMS 0x000000070be00000, 0x000000070be00000| Untracked 
|  96|0x000000070c000000, 0x000000070c000000, 0x000000070c200000|  0%| F|  |TAMS 0x000000070c000000, 0x000000070c000000| Untracked 
|  97|0x000000070c200000, 0x000000070c200000, 0x000000070c400000|  0%| F|  |TAMS 0x000000070c200000, 0x000000070c200000| Untracked 
|  98|0x000000070c400000, 0x000000070c400000, 0x000000070c600000|  0%| F|  |TAMS 0x000000070c400000, 0x000000070c400000| Untracked 
|  99|0x000000070c600000, 0x000000070c600000, 0x000000070c800000|  0%| F|  |TAMS 0x000000070c600000, 0x000000070c600000| Untracked 
| 100|0x000000070c800000, 0x000000070c800000, 0x000000070ca00000|  0%| F|  |TAMS 0x000000070c800000, 0x000000070c800000| Untracked 
| 101|0x000000070ca00000, 0x000000070ca00000, 0x000000070cc00000|  0%| F|  |TAMS 0x000000070ca00000, 0x000000070ca00000| Untracked 
| 102|0x000000070cc00000, 0x000000070cc00000, 0x000000070ce00000|  0%| F|  |TAMS 0x000000070cc00000, 0x000000070cc00000| Untracked 
| 103|0x000000070ce00000, 0x000000070ce00000, 0x000000070d000000|  0%| F|  |TAMS 0x000000070ce00000, 0x000000070ce00000| Untracked 
| 104|0x000000070d000000, 0x000000070d000000, 0x000000070d200000|  0%| F|  |TAMS 0x000000070d000000, 0x000000070d000000| Untracked 
| 105|0x000000070d200000, 0x000000070d200000, 0x000000070d400000|  0%| F|  |TAMS 0x000000070d200000, 0x000000070d200000| Untracked 
| 106|0x000000070d400000, 0x000000070d400000, 0x000000070d600000|  0%| F|  |TAMS 0x000000070d400000, 0x000000070d400000| Untracked 
| 107|0x000000070d600000, 0x000000070d600000, 0x000000070d800000|  0%| F|  |TAMS 0x000000070d600000, 0x000000070d600000| Untracked 
| 108|0x000000070d800000, 0x000000070d800000, 0x000000070da00000|  0%| F|  |TAMS 0x000000070d800000, 0x000000070d800000| Untracked 
| 109|0x000000070da00000, 0x000000070da9bc68, 0x000000070dc00000| 30%| E|  |TAMS 0x000000070da00000, 0x000000070da00000| Complete 
| 110|0x000000070dc00000, 0x000000070de00000, 0x000000070de00000|100%| E|CS|TAMS 0x000000070dc00000, 0x000000070dc00000| Complete 
| 111|0x000000070de00000, 0x000000070e000000, 0x000000070e000000|100%| E|CS|TAMS 0x000000070de00000, 0x000000070de00000| Complete 
| 112|0x000000070e000000, 0x000000070e200000, 0x000000070e200000|100%| E|CS|TAMS 0x000000070e000000, 0x000000070e000000| Complete 
| 113|0x000000070e200000, 0x000000070e400000, 0x000000070e400000|100%| E|CS|TAMS 0x000000070e200000, 0x000000070e200000| Complete 
| 114|0x000000070e400000, 0x000000070e600000, 0x000000070e600000|100%| E|CS|TAMS 0x000000070e400000, 0x000000070e400000| Complete 
| 115|0x000000070e600000, 0x000000070e72bff8, 0x000000070e800000| 58%| S|CS|TAMS 0x000000070e600000, 0x000000070e600000| Complete 
| 116|0x000000070e800000, 0x000000070ea00000, 0x000000070ea00000|100%| S|CS|TAMS 0x000000070e800000, 0x000000070e800000| Complete 
| 117|0x000000070ea00000, 0x000000070ec00000, 0x000000070ec00000|100%| E|CS|TAMS 0x000000070ea00000, 0x000000070ea00000| Complete 
| 118|0x000000070ec00000, 0x000000070ee00000, 0x000000070ee00000|100%| E|CS|TAMS 0x000000070ec00000, 0x000000070ec00000| Complete 
| 119|0x000000070ee00000, 0x000000070f000000, 0x000000070f000000|100%| E|CS|TAMS 0x000000070ee00000, 0x000000070ee00000| Complete 
| 120|0x000000070f000000, 0x000000070f200000, 0x000000070f200000|100%| E|CS|TAMS 0x000000070f000000, 0x000000070f000000| Complete 
| 121|0x000000070f200000, 0x000000070f400000, 0x000000070f400000|100%| E|CS|TAMS 0x000000070f200000, 0x000000070f200000| Complete 
| 122|0x000000070f400000, 0x000000070f600000, 0x000000070f600000|100%| E|CS|TAMS 0x000000070f400000, 0x000000070f400000| Complete 
| 123|0x000000070f600000, 0x000000070f800000, 0x000000070f800000|100%| E|CS|TAMS 0x000000070f600000, 0x000000070f600000| Complete 
| 124|0x000000070f800000, 0x000000070fa00000, 0x000000070fa00000|100%| E|CS|TAMS 0x000000070f800000, 0x000000070f800000| Complete 
| 125|0x000000070fa00000, 0x000000070fc00000, 0x000000070fc00000|100%| E|CS|TAMS 0x000000070fa00000, 0x000000070fa00000| Complete 
| 126|0x000000070fc00000, 0x000000070fe00000, 0x000000070fe00000|100%| E|CS|TAMS 0x000000070fc00000, 0x000000070fc00000| Complete 
| 127|0x000000070fe00000, 0x0000000710000000, 0x0000000710000000|100%| E|CS|TAMS 0x000000070fe00000, 0x000000070fe00000| Complete 
|2046|0x00000007ffc00000, 0x00000007ffd78000, 0x00000007ffe00000| 73%|OA|  |TAMS 0x00000007ffc00000, 0x00000007ffc00000| Untracked 
|2047|0x00000007ffe00000, 0x00000007ffe80000, 0x0000000800000000| 25%|CA|  |TAMS 0x00000007ffe00000, 0x00000007ffe00000| Untracked 

Card table byte_map: [0x000000010cda8000,0x000000010d5a8000] _byte_map_base: 0x00000001095a8000

Marking Bits (Prev, Next): (CMBitMap*) 0x000000013a036810, (CMBitMap*) 0x000000013a036850
 Prev Bits: [0x000000010dda8000, 0x0000000111da8000)
 Next Bits: [0x0000000111da8000, 0x0000000115da8000)

Polling page: 0x000000010307c000

Metaspace:

Usage:
  Non-class:     10.99 MB used.
      Class:      1.93 MB used.
       Both:     12.93 MB used.

Virtual space:
  Non-class space:       16.00 MB reserved,      11.12 MB ( 70%) committed,  2 nodes.
      Class space:        1.00 GB reserved,       2.00 MB ( <1%) committed,  1 nodes.
             Both:        1.02 GB reserved,      13.12 MB (  1%) committed. 

Chunk freelists:
   Non-Class:  32.00 KB
       Class:  1.83 MB
        Both:  1.86 MB

MaxMetaspaceSize: unlimited
CompressedClassSpaceSize: 1.00 GB
Initial GC threshold: 21.00 MB
Current GC threshold: 21.00 MB
CDS: on
MetaspaceReclaimPolicy: balanced
 - commit_granule_bytes: 65536.
 - commit_granule_words: 8192.
 - virtual_space_node_default_size: 1048576.
 - enlarge_chunks_in_place: 1.
 - new_chunks_are_fully_committed: 0.
 - uncommit_free_chunks: 1.
 - use_allocation_guard: 0.
 - handle_deallocations: 1.


Internal statistics:

num_allocs_failed_limit: 0.
num_arena_births: 152.
num_arena_deaths: 0.
num_vsnodes_births: 3.
num_vsnodes_deaths: 0.
num_space_committed: 210.
num_space_uncommitted: 0.
num_chunks_returned_to_freelist: 0.
num_chunks_taken_from_freelist: 580.
num_chunk_merges: 0.
num_chunk_splits: 409.
num_chunks_enlarged: 333.
num_purges: 0.
num_inconsistent_stats: 0.

CodeHeap 'non-profiled nmethods': size=120032Kb used=767Kb max_used=767Kb free=119264Kb
 bounds [0x00000001422c8000, 0x0000000142538000, 0x0000000149800000]
CodeHeap 'profiled nmethods': size=120016Kb used=3720Kb max_used=3720Kb free=116296Kb
 bounds [0x000000013ad94000, 0x000000013b144000, 0x00000001422c8000]
CodeHeap 'non-nmethods': size=5712Kb used=1368Kb max_used=1416Kb free=4343Kb
 bounds [0x000000013a800000, 0x000000013aa70000, 0x000000013ad94000]
 total_blobs=2621 nmethods=1879 adapters=658
 compilation: enabled
              stopped_count=0, restarted_count=0
 full_count=0

Compilation events (20 events):
Event: 0.996 Thread 0x0000000121013400 nmethod 1931 0x000000014237f510 code [0x000000014237f680, 0x000000014237f768]
Event: 0.996 Thread 0x0000000121013400 1932       1       com.sun.javafx.geom.transform.Affine3D::getMxz (5 bytes)
Event: 0.996 Thread 0x0000000121013400 nmethod 1932 0x000000014237f810 code [0x000000014237f980, 0x000000014237fa68]
Event: 0.996 Thread 0x0000000121013400 1938       1       com.sun.javafx.sg.prism.NGNode::getClipNode (5 bytes)
Event: 0.996 Thread 0x0000000121013400 nmethod 1938 0x000000014237fb10 code [0x000000014237fc80, 0x000000014237fd68]
Event: 0.996 Thread 0x0000000121013400 1933       1       com.sun.javafx.geom.transform.Affine3D::getMyz (5 bytes)
Event: 0.996 Thread 0x0000000121013400 nmethod 1933 0x000000014237fe10 code [0x000000014237ff80, 0x0000000142380068]
Event: 0.996 Thread 0x0000000121013400 1934       1       com.sun.javafx.geom.transform.Affine3D::getMzx (5 bytes)
Event: 0.996 Thread 0x0000000121013400 nmethod 1934 0x0000000142380110 code [0x0000000142380280, 0x0000000142380368]
Event: 0.996 Thread 0x0000000121013400 1935       1       com.sun.javafx.geom.transform.Affine3D::getMzy (5 bytes)
Event: 0.996 Thread 0x0000000121013400 nmethod 1935 0x0000000142380410 code [0x0000000142380580, 0x0000000142380668]
Event: 0.996 Thread 0x0000000121013400 1936       1       com.sun.javafx.geom.transform.Affine3D::getMzz (5 bytes)
Event: 0.996 Thread 0x0000000121013400 nmethod 1936 0x0000000142380710 code [0x0000000142380880, 0x0000000142380968]
Event: 0.996 Thread 0x0000000121013400 1937       1       com.sun.javafx.geom.DirtyRegionContainer::size (5 bytes)
Event: 0.996 Thread 0x0000000121013400 nmethod 1937 0x0000000142380a10 code [0x0000000142380b80, 0x0000000142380c68]
Event: 0.996 Thread 0x0000000121013400 1939       1       com.sun.javafx.sg.prism.NGNode::getTransform (5 bytes)
Event: 0.997 Thread 0x0000000121013400 nmethod 1939 0x0000000142380d10 code [0x0000000142380e80, 0x0000000142380f68]
Event: 1.003 Thread 0x0000000121013400 1940       3       jdk.internal.misc.Unsafe::shouldBeInitialized (18 bytes)
Event: 1.003 Thread 0x0000000121013400 nmethod 1940 0x000000013b135290 code [0x000000013b135440, 0x000000013b1356c8]
Event: 1.003 Thread 0x0000000121013400 1942       3       java.lang.Class::reflectionData (43 bytes)

GC Heap History (2 events):
Event: 0.359 GC heap before
{Heap before GC invocations=0 (full 0):
 garbage-first heap   total 266240K, used 24544K [0x0000000700000000, 0x0000000800000000)
  region size 2048K, 11 young (22528K), 0 survivors (0K)
 Metaspace       used 6404K, committed 6592K, reserved 1056768K
  class space    used 775K, committed 832K, reserved 1048576K
}
Event: 0.360 GC heap after
{Heap after GC invocations=1 (full 0):
 garbage-first heap   total 266240K, used 5263K [0x0000000700000000, 0x0000000800000000)
  region size 2048K, 2 young (4096K), 2 survivors (4096K)
 Metaspace       used 6404K, committed 6592K, reserved 1056768K
  class space    used 775K, committed 832K, reserved 1048576K
}

Deoptimization events (20 events):
Event: 0.963 Thread 0x0000000120086c00 DEOPT PACKING pc=0x000000013b0fb5a0 sp=0x000000016f999220
Event: 0.963 Thread 0x0000000120086c00 DEOPT UNPACKING pc=0x000000013a83eb7c sp=0x000000016f998e80 mode 0
Event: 0.963 Thread 0x0000000120086c00 DEOPT PACKING pc=0x000000013b0fb5a0 sp=0x000000016f999220
Event: 0.963 Thread 0x0000000120086c00 DEOPT UNPACKING pc=0x000000013a83eb7c sp=0x000000016f998e80 mode 0
Event: 0.963 Thread 0x0000000120086c00 DEOPT PACKING pc=0x000000013b0fb5a0 sp=0x000000016f999220
Event: 0.963 Thread 0x0000000120086c00 DEOPT UNPACKING pc=0x000000013a83eb7c sp=0x000000016f998e80 mode 0
Event: 0.963 Thread 0x0000000120086c00 DEOPT PACKING pc=0x000000013b0fb5a0 sp=0x000000016f999220
Event: 0.963 Thread 0x0000000120086c00 DEOPT UNPACKING pc=0x000000013a83eb7c sp=0x000000016f998e80 mode 0
Event: 0.963 Thread 0x0000000120086c00 DEOPT PACKING pc=0x000000013b0fb5a0 sp=0x000000016f999220
Event: 0.963 Thread 0x0000000120086c00 DEOPT UNPACKING pc=0x000000013a83eb7c sp=0x000000016f998e80 mode 0
Event: 0.963 Thread 0x0000000120086c00 DEOPT PACKING pc=0x000000013b0fb5a0 sp=0x000000016f999220
Event: 0.963 Thread 0x0000000120086c00 DEOPT UNPACKING pc=0x000000013a83eb7c sp=0x000000016f998e80 mode 0
Event: 0.964 Thread 0x0000000120086c00 DEOPT PACKING pc=0x000000013b0fb5a0 sp=0x000000016f999220
Event: 0.964 Thread 0x0000000120086c00 DEOPT UNPACKING pc=0x000000013a83eb7c sp=0x000000016f998e80 mode 0
Event: 0.964 Thread 0x0000000120086c00 DEOPT PACKING pc=0x000000013b0fb5a0 sp=0x000000016f999220
Event: 0.964 Thread 0x0000000120086c00 DEOPT UNPACKING pc=0x000000013a83eb7c sp=0x000000016f998e80 mode 0
Event: 0.964 Thread 0x0000000120086c00 DEOPT PACKING pc=0x000000013b0fb5a0 sp=0x000000016f999220
Event: 0.964 Thread 0x0000000120086c00 DEOPT UNPACKING pc=0x000000013a83eb7c sp=0x000000016f998e80 mode 0
Event: 0.964 Thread 0x0000000120086c00 DEOPT PACKING pc=0x000000013b0fb5a0 sp=0x000000016f999220
Event: 0.964 Thread 0x0000000120086c00 DEOPT UNPACKING pc=0x000000013a83eb7c sp=0x000000016f998e80 mode 0

Classes unloaded (0 events):
No events

Classes redefined (0 events):
No events

Internal exceptions (20 events):
Event: 0.371 Thread 0x0000000138014600 Exception <a 'java/lang/NoSuchMethodError'{0x000000070fc35400}: 'void java.lang.invoke.DirectMethodHandle$Holder.invokeStaticInit(java.lang.Object, java.lang.Object)'> (0x000000070fc35400) 
thrown [src/hotspot/share/interpreter/linkResolver.cpp, line 759]
Event: 0.381 Thread 0x0000000138014600 Exception <a 'java/lang/NoSuchMethodError'{0x000000070fa92770}: 'void java.lang.invoke.DirectMethodHandle$Holder.invokeSpecial(java.lang.Object, java.lang.Object, java.lang.Object, java.lang.Object, java.lang.Object)'> (0x000000070fa92770) 
thrown [src/hotspot/share/interpreter/linkResolver.cpp, line 759]
Event: 0.390 Thread 0x0000000138014600 Exception <a 'sun/nio/fs/UnixException'{0x000000070fbbf218}> (0x000000070fbbf218) 
thrown [src/hotspot/share/prims/jni.cpp, line 516]
Event: 0.536 Thread 0x0000000138014600 Exception <a 'sun/nio/fs/UnixException'{0x000000070f689420}> (0x000000070f689420) 
thrown [src/hotspot/share/prims/jni.cpp, line 516]
Event: 0.539 Thread 0x0000000138014600 Implicit null exception at 0x0000000142323438 to 0x0000000142324034
Event: 0.543 Thread 0x0000000138014600 Implicit null exception at 0x000000014230cf10 to 0x000000014230d39c
Event: 0.543 Thread 0x0000000138014600 Implicit null exception at 0x0000000142309b54 to 0x0000000142309e98
Event: 0.612 Thread 0x0000000138014600 Exception <a 'java/lang/ClassNotFoundException'{0x000000070f0c36d8}: com/sun/javafx/scene/control/skin/resources/controls> (0x000000070f0c36d8) 
thrown [src/hotspot/share/prims/jni.cpp, line 535]
Event: 0.613 Thread 0x0000000138014600 Exception <a 'java/lang/ClassNotFoundException'{0x000000070f0d1678}: com/sun/javafx/scene/control/skin/resources/controls_en> (0x000000070f0d1678) 
thrown [src/hotspot/share/prims/jni.cpp, line 535]
Event: 0.613 Thread 0x0000000138014600 Exception <a 'java/lang/ClassNotFoundException'{0x000000070f0d2610}: com/sun/javafx/scene/control/skin/resources/controls_en_NL> (0x000000070f0d2610) 
thrown [src/hotspot/share/prims/jni.cpp, line 535]
Event: 0.640 Thread 0x0000000138014600 Exception <a 'java/lang/NoSuchMethodError'{0x000000070eef4cb0}: 'void java.lang.invoke.DirectMethodHandle$Holder.invokeSpecial(java.lang.Object, java.lang.Object, java.lang.Object, java.lang.Object, java.lang.Object, java.lang.Object)'> (0x000000070eef4cb0) 
thrown [src/hotspot/share/interpreter/linkResolver.cpp, line 759]
Event: 0.683 Thread 0x0000000138014600 Exception <a 'java/lang/NoSuchMethodError'{0x000000070eddd860}: 'java.lang.Object java.lang.invoke.DirectMethodHandle$Holder.invokeInterface(java.lang.Object, java.lang.Object, java.lang.Object)'> (0x000000070eddd860) 
thrown [src/hotspot/share/interpreter/linkResolver.cpp, line 759]
Event: 0.684 Thread 0x0000000138014600 Exception <a 'java/lang/IncompatibleClassChangeError'{0x000000070ede11e8}: Found class java.lang.Object, but interface was expected> (0x000000070ede11e8) 
thrown [src/hotspot/share/interpreter/linkResolver.cpp, line 826]
Event: 0.744 Thread 0x0000000138014600 Exception <a 'java/lang/NoSuchMethodError'{0x000000070e285740}: 'java.lang.Object java.lang.invoke.DirectMethodHandle$Holder.newInvokeSpecial(java.lang.Object, java.lang.Object, int, int)'> (0x000000070e285740) 
thrown [src/hotspot/share/interpreter/linkResolver.cpp, line 759]
Event: 0.753 Thread 0x0000000138014600 Exception <a 'java/lang/NoSuchMethodError'{0x000000070e2aa880}: 'java.lang.Object java.lang.invoke.DirectMethodHandle$Holder.newInvokeSpecial(java.lang.Object, java.lang.Object, int)'> (0x000000070e2aa880) 
thrown [src/hotspot/share/interpreter/linkResolver.cpp, line 759]
Event: 0.873 Thread 0x0000000120086c00 Exception <a 'java/lang/NoSuchMethodError'{0x000000070e125290}: 'int java.lang.invoke.DirectMethodHandle$Holder.invokeStaticInit(java.lang.Object, java.lang.Object)'> (0x000000070e125290) 
thrown [src/hotspot/share/interpreter/linkResolver.cpp, line 759]
Event: 0.884 Thread 0x0000000138014600 Exception <a 'java/lang/NoSuchMethodError'{0x000000070dea3900}: 'long java.lang.invoke.DirectMethodHandle$Holder.invokeStatic(java.lang.Object, java.lang.Object, java.lang.Object)'> (0x000000070dea3900) 
thrown [src/hotspot/share/interpreter/linkResolver.cpp, line 759]
Event: 0.884 Thread 0x0000000138014600 Exception <a 'java/lang/NoSuchMethodError'{0x000000070dea70a8}: 'long java.lang.invoke.DirectMethodHandle$Holder.invokeStaticInit(java.lang.Object, java.lang.Object, java.lang.Object)'> (0x000000070dea70a8) 
thrown [src/hotspot/share/interpreter/linkResolver.cpp, line 759]
Event: 0.885 Thread 0x0000000138014600 Exception <a 'java/lang/NoSuchMethodError'{0x000000070debecb0}: 'java.lang.Object java.lang.invoke.DirectMethodHandle$Holder.newInvokeSpecial(java.lang.Object, java.lang.Object, long)'> (0x000000070debecb0) 
thrown [src/hotspot/share/interpreter/linkResolver.cpp, line 759]
Event: 0.885 Thread 0x0000000138014600 Exception <a 'java/lang/NoSuchMethodError'{0x000000070dec2578}: 'java.lang.Object java.lang.invoke.Invokers$Holder.linkToTargetMethod(java.lang.Object, long, java.lang.Object)'> (0x000000070dec2578) 
thrown [src/hotspot/share/interpreter/linkResolver.cpp, line 759]

VM Operations (20 events):
Event: 0.056 Executing VM operation: HandshakeAllThreads
Event: 0.056 Executing VM operation: HandshakeAllThreads done
Event: 0.064 Executing VM operation: HandshakeAllThreads
Event: 0.064 Executing VM operation: HandshakeAllThreads done
Event: 0.165 Executing VM operation: ICBufferFull
Event: 0.165 Executing VM operation: ICBufferFull done
Event: 0.346 Executing VM operation: HandshakeAllThreads
Event: 0.346 Executing VM operation: HandshakeAllThreads done
Event: 0.359 Executing VM operation: G1CollectForAllocation
Event: 0.360 Executing VM operation: G1CollectForAllocation done
Event: 0.520 Executing VM operation: HandshakeAllThreads
Event: 0.520 Executing VM operation: HandshakeAllThreads done
Event: 0.545 Executing VM operation: ICBufferFull
Event: 0.545 Executing VM operation: ICBufferFull done
Event: 0.691 Executing VM operation: ICBufferFull
Event: 0.691 Executing VM operation: ICBufferFull done
Event: 0.713 Executing VM operation: ICBufferFull
Event: 0.713 Executing VM operation: ICBufferFull done
Event: 0.986 Executing VM operation: ICBufferFull
Event: 0.986 Executing VM operation: ICBufferFull done

Events (20 events):
Event: 0.882 loading class java/util/LinkedList$ListItr
Event: 0.882 loading class java/util/LinkedList$ListItr done
Event: 0.884 loading class sun/misc/Unsafe
Event: 0.884 loading class sun/misc/Unsafe done
Event: 0.884 loading class jdk/internal/reflect/UnsafeFieldAccessorFactory
Event: 0.884 loading class jdk/internal/reflect/UnsafeFieldAccessorFactory done
Event: 0.884 loading class jdk/internal/reflect/UnsafeQualifiedStaticObjectFieldAccessorImpl
Event: 0.884 loading class jdk/internal/reflect/UnsafeQualifiedStaticFieldAccessorImpl
Event: 0.884 loading class jdk/internal/reflect/UnsafeQualifiedStaticFieldAccessorImpl done
Event: 0.884 loading class jdk/internal/reflect/UnsafeQualifiedStaticObjectFieldAccessorImpl done
Event: 0.894 loading class java/nio/DirectShortBufferU
Event: 0.894 loading class java/nio/ShortBuffer
Event: 0.894 loading class java/nio/ShortBuffer done
Event: 0.894 loading class java/nio/DirectShortBufferU done
Event: 0.906 loading class java/nio/FloatBuffer
Event: 0.906 loading class java/nio/FloatBuffer done
Event: 0.906 loading class java/nio/DoubleBuffer
Event: 0.907 loading class java/nio/DoubleBuffer done
Event: 0.907 loading class java/nio/DirectFloatBufferU
Event: 0.907 loading class java/nio/DirectFloatBufferU done


Dynamic libraries:
0x000000010302c000 	/Users/zijiandong/Library/Java/JavaVirtualMachines/corretto-17.0.4.1/Contents/Home/lib/libjli.dylib
0x00000001b41d0000 	/System/Library/Frameworks/Cocoa.framework/Versions/A/Cocoa
0x00000001a03d9000 	/System/Library/Frameworks/AppKit.framework/Versions/C/AppKit
0x00000001a38f0000 	/System/Library/Frameworks/CoreData.framework/Versions/A/CoreData
0x000000019e734000 	/System/Library/Frameworks/Foundation.framework/Versions/C/Foundation
0x00000001a834d000 	/usr/lib/libSystem.B.dylib
0x00000001a1292000 	/System/Library/PrivateFrameworks/UIFoundation.framework/Versions/A/UIFoundation
0x00000001ae39b000 	/System/Library/PrivateFrameworks/RemoteViewServices.framework/Versions/A/RemoteViewServices
0x00000001a680c000 	/System/Library/PrivateFrameworks/XCTTargetBootstrap.framework/Versions/A/XCTTargetBootstrap
0x00000001aa08f000 	/System/Library/PrivateFrameworks/InternationalSupport.framework/Versions/A/InternationalSupport
0x00000001aa118000 	/System/Library/PrivateFrameworks/UserActivity.framework/Versions/A/UserActivity
0x00000001a9584000 	/usr/lib/libspindump.dylib
0x00000001a1503000 	/System/Library/Frameworks/UniformTypeIdentifiers.framework/Versions/A/UniformTypeIdentifiers
0x00000001a4d54000 	/usr/lib/libapp_launch_measurement.dylib
0x00000001a427c000 	/System/Library/PrivateFrameworks/CoreAnalytics.framework/Versions/A/CoreAnalytics
0x00000001a4d57000 	/System/Library/PrivateFrameworks/CoreAutoLayout.framework/Versions/A/CoreAutoLayout
0x00000001a60fb000 	/System/Library/Frameworks/Metal.framework/Versions/A/Metal
0x00000001a6e75000 	/usr/lib/liblangid.dylib
0x00000001a6811000 	/System/Library/PrivateFrameworks/CoreSVG.framework/Versions/A/CoreSVG
0x00000001a299a000 	/System/Library/PrivateFrameworks/SkyLight.framework/Versions/A/SkyLight
0x00000001a2d76000 	/System/Library/Frameworks/CoreGraphics.framework/Versions/A/CoreGraphics
0x00000001aea67000 	/System/Library/Frameworks/Accelerate.framework/Versions/A/Accelerate
0x00000001a8ffb000 	/System/Library/PrivateFrameworks/IconServices.framework/Versions/A/IconServices
0x00000001a60dd000 	/System/Library/Frameworks/IOSurface.framework/Versions/A/IOSurface
0x00000001a42ad000 	/usr/lib/libDiagnosticMessagesClient.dylib
0x00000001a8296000 	/usr/lib/libz.1.dylib
0x00000001b1f6d000 	/System/Library/Frameworks/ApplicationServices.framework/Versions/A/ApplicationServices
0x00000001a67f4000 	/System/Library/PrivateFrameworks/DFRFoundation.framework/Versions/A/DFRFoundation
0x000000019fc69000 	/usr/lib/libicucore.A.dylib
0x00000001aaf3d000 	/System/Library/Frameworks/AudioToolbox.framework/Versions/A/AudioToolbox
0x00000001aa09b000 	/System/Library/PrivateFrameworks/DataDetectorsCore.framework/Versions/A/DataDetectorsCore
0x00000001c0ab9000 	/System/Library/PrivateFrameworks/TextInput.framework/Versions/A/TextInput
0x00000001a290f000 	/usr/lib/libMobileGestalt.dylib
0x00000001a64c0000 	/System/Library/Frameworks/Carbon.framework/Versions/A/Frameworks/HIToolbox.framework/Versions/A/HIToolbox
0x00000001a472d000 	/System/Library/Frameworks/QuartzCore.framework/Versions/A/QuartzCore
0x000000019f8ea000 	/System/Library/Frameworks/Security.framework/Versions/A/Security
0x00000001ae3db000 	/System/Library/Frameworks/Carbon.framework/Versions/A/Frameworks/SpeechRecognition.framework/Versions/A/SpeechRecognition
0x00000001a4aa9000 	/System/Library/PrivateFrameworks/CoreUI.framework/Versions/A/CoreUI
0x000000019f1c6000 	/System/Library/Frameworks/CoreAudio.framework/Versions/A/CoreAudio
0x00000001a43a1000 	/System/Library/Frameworks/DiskArbitration.framework/Versions/A/DiskArbitration
0x00000001a998e000 	/System/Library/PrivateFrameworks/MultitouchSupport.framework/Versions/A/MultitouchSupport
0x00000001a290d000 	/usr/lib/libenergytrace.dylib
0x00000001a02a1000 	/System/Library/Frameworks/IOKit.framework/Versions/A/IOKit
0x00000001ae7ca000 	/System/Library/Frameworks/CoreServices.framework/Versions/A/CoreServices
0x00000001a4ce4000 	/System/Library/PrivateFrameworks/PerformanceAnalysis.framework/Versions/A/PerformanceAnalysis
0x00000001fef63000 	/System/Library/Frameworks/OpenGL.framework/Versions/A/OpenGL
0x00000001a78e8000 	/System/Library/PrivateFrameworks/MobileKeyBag.framework/Versions/A/MobileKeyBag
0x000000019d667000 	/usr/lib/libobjc.A.dylib
0x00000001a3384000 	/System/Library/Frameworks/ColorSync.framework/Versions/A/ColorSync
0x000000019d830000 	/System/Library/Frameworks/CoreFoundation.framework/Versions/A/CoreFoundation
0x00000001a6a91000 	/System/Library/Frameworks/CoreImage.framework/Versions/A/CoreImage
0x000000019efea000 	/System/Library/Frameworks/CoreText.framework/Versions/A/CoreText
0x00000001a6841000 	/System/Library/Frameworks/ImageIO.framework/Versions/A/ImageIO
0x00000001a8353000 	/System/Library/PrivateFrameworks/SoftLinking.framework/Versions/A/SoftLinking
0x00000001a4da2000 	/usr/lib/libxml2.2.dylib
0x000000019d72a000 	/usr/lib/libc++.1.dylib
0x00000001a85ec000 	/usr/lib/libcompression.dylib
0x00000001a9feb000 	/System/Library/PrivateFrameworks/TextureIO.framework/Versions/A/TextureIO
0x00000001a8d14000 	/usr/lib/libate.dylib
0x00000001a8347000 	/usr/lib/system/libcache.dylib
0x00000001a8305000 	/usr/lib/system/libcommonCrypto.dylib
0x00000001a832e000 	/usr/lib/system/libcompiler_rt.dylib
0x00000001a8325000 	/usr/lib/system/libcopyfile.dylib
0x000000019d56b000 	/usr/lib/system/libcorecrypto.dylib
0x000000019d620000 	/usr/lib/system/libdispatch.dylib
0x000000019d7ee000 	/usr/lib/system/libdyld.dylib
0x00000001a833d000 	/usr/lib/system/libkeymgr.dylib
0x00000001a82e0000 	/usr/lib/system/libmacho.dylib
0x00000001a79d0000 	/usr/lib/system/libquarantine.dylib
0x00000001a833a000 	/usr/lib/system/libremovefile.dylib
0x00000001a2966000 	/usr/lib/system/libsystem_asl.dylib
0x000000019d50d000 	/usr/lib/system/libsystem_blocks.dylib
0x000000019d6a8000 	/usr/lib/system/libsystem_c.dylib
0x00000001a8332000 	/usr/lib/system/libsystem_collections.dylib
0x00000001a6e65000 	/usr/lib/system/libsystem_configuration.dylib
0x00000001a60be000 	/usr/lib/system/libsystem_containermanager.dylib
0x00000001a803d000 	/usr/lib/system/libsystem_coreservices.dylib
0x000000019ff1f000 	/usr/lib/system/libsystem_darwin.dylib
0x00000001a833e000 	/usr/lib/system/libsystem_dnssd.dylib
0x000000019d6a5000 	/usr/lib/system/libsystem_featureflags.dylib
0x000000019d803000 	/usr/lib/system/libsystem_info.dylib
0x00000001a82a8000 	/usr/lib/system/libsystem_m.dylib
0x000000019d5f5000 	/usr/lib/system/libsystem_malloc.dylib
0x00000001a28f4000 	/usr/lib/system/libsystem_networkextension.dylib
0x00000001a0378000 	/usr/lib/system/libsystem_notify.dylib
0x00000001ae6a1000 	/usr/lib/system/libsystem_product_info_filter.dylib
0x00000001a6e6a000 	/usr/lib/system/libsystem_sandbox.dylib
0x00000001a8337000 	/usr/lib/system/libsystem_secinit.dylib
0x000000019d7a9000 	/usr/lib/system/libsystem_kernel.dylib
0x000000019d7fb000 	/usr/lib/system/libsystem_platform.dylib
0x000000019d7e1000 	/usr/lib/system/libsystem_pthread.dylib
0x00000001a40ca000 	/usr/lib/system/libsystem_symptoms.dylib
0x000000019d551000 	/usr/lib/system/libsystem_trace.dylib
0x00000001a8312000 	/usr/lib/system/libunwind.dylib
0x000000019d50f000 	/usr/lib/system/libxpc.dylib
0x000000019d791000 	/usr/lib/libc++abi.dylib
0x00000001a831d000 	/usr/lib/liboah.dylib
0x00000001a8bd9000 	/usr/lib/liblzma.5.dylib
0x000000019e427000 	/System/Library/Frameworks/SystemConfiguration.framework/Versions/A/SystemConfiguration
0x00000001a834f000 	/usr/lib/libfakelink.dylib
0x00000001a243f000 	/System/Library/Frameworks/CFNetwork.framework/Versions/A/CFNetwork
0x00000001a8495000 	/usr/lib/libarchive.2.dylib
0x00000001a6e71000 	/System/Library/PrivateFrameworks/AppleSystemInfo.framework/Versions/A/AppleSystemInfo
0x00000001a79fb000 	/usr/lib/libbsm.0.dylib
0x00000001a19ac000 	/usr/lib/libnetwork.dylib
0x00000001a82e9000 	/usr/lib/system/libkxld.dylib
0x00000001a7615000 	/System/Library/PrivateFrameworks/IOMobileFramebuffer.framework/Versions/A/IOMobileFramebuffer
0x000000021d352000 	/usr/lib/libCoreEntitlements.dylib
0x00000001a801f000 	/System/Library/PrivateFrameworks/AppleFSCompression.framework/Versions/A/AppleFSCompression
0x00000001a79e3000 	/usr/lib/libcoretls.dylib
0x00000001a8bf2000 	/usr/lib/libcoretls_cfhelpers.dylib
0x00000001a85e7000 	/usr/lib/libpam.2.dylib
0x00000001a3ce0000 	/usr/lib/libsqlite3.dylib
0x00000001a8c5b000 	/usr/lib/libxar.1.dylib
0x00000001a8030000 	/usr/lib/libbz2.1.0.dylib
0x00000001a8354000 	/usr/lib/libpcap.A.dylib
0x00000001a40c1000 	/usr/lib/libdns_services.dylib
0x00000001a85ba000 	/usr/lib/libapple_nghttp2.dylib
0x00000001a8391000 	/usr/lib/libiconv.2.dylib
0x00000001a82df000 	/usr/lib/libcharset.1.dylib
0x00000001a4d20000 	/System/Library/Frameworks/CoreServices.framework/Versions/A/Frameworks/FSEvents.framework/Versions/A/FSEvents
0x000000019ff2a000 	/System/Library/Frameworks/CoreServices.framework/Versions/A/Frameworks/CarbonCore.framework/Versions/A/CarbonCore
0x00000001a4301000 	/System/Library/Frameworks/CoreServices.framework/Versions/A/Frameworks/Metadata.framework/Versions/A/Metadata
0x00000001a8043000 	/System/Library/Frameworks/CoreServices.framework/Versions/A/Frameworks/OSServices.framework/Versions/A/OSServices
0x00000001a851b000 	/System/Library/Frameworks/CoreServices.framework/Versions/A/Frameworks/SearchKit.framework/Versions/A/SearchKit
0x00000001a404f000 	/System/Library/Frameworks/CoreServices.framework/Versions/A/Frameworks/AE.framework/Versions/A/AE
0x000000019dd77000 	/System/Library/Frameworks/CoreServices.framework/Versions/A/Frameworks/LaunchServices.framework/Versions/A/LaunchServices
0x00000001a8b82000 	/System/Library/Frameworks/CoreServices.framework/Versions/A/Frameworks/DictionaryServices.framework/Versions/A/DictionaryServices
0x00000001a4d2d000 	/System/Library/Frameworks/CoreServices.framework/Versions/A/Frameworks/SharedFileList.framework/Versions/A/SharedFileList
0x00000001a79d3000 	/usr/lib/libCheckFix.dylib
0x00000001a297e000 	/System/Library/PrivateFrameworks/TCC.framework/Versions/A/TCC
0x00000001a6e77000 	/System/Library/PrivateFrameworks/CoreNLP.framework/Versions/A/CoreNLP
0x00000001a42b0000 	/System/Library/PrivateFrameworks/MetadataUtilities.framework/Versions/A/MetadataUtilities
0x000000019e4e1000 	/usr/lib/libmecabra.dylib
0x00000001a7a0c000 	/usr/lib/libmecab.dylib
0x000000019e4ad000 	/usr/lib/libCRFSuite.dylib
0x00000001a7a69000 	/usr/lib/libgermantok.dylib
0x00000001a8593000 	/usr/lib/libThaiTokenizer.dylib
0x00000001a43a9000 	/System/Library/Frameworks/Accelerate.framework/Versions/A/Frameworks/vImage.framework/Versions/A/vImage
0x00000001ae7a1000 	/System/Library/Frameworks/Accelerate.framework/Versions/A/Frameworks/vecLib.framework/Versions/A/vecLib
0x00000001a8ca0000 	/System/Library/Frameworks/Accelerate.framework/Versions/A/Frameworks/vecLib.framework/Versions/A/libvMisc.dylib
0x00000001a751c000 	/System/Library/Frameworks/Accelerate.framework/Versions/A/Frameworks/vecLib.framework/Versions/A/libvDSP.dylib
0x000000019e102000 	/System/Library/Frameworks/Accelerate.framework/Versions/A/Frameworks/vecLib.framework/Versions/A/libBLAS.dylib
0x00000001a86bd000 	/System/Library/Frameworks/Accelerate.framework/Versions/A/Frameworks/vecLib.framework/Versions/A/libLAPACK.dylib
0x00000001a7a6c000 	/System/Library/Frameworks/Accelerate.framework/Versions/A/Frameworks/vecLib.framework/Versions/A/libLinearAlgebra.dylib
0x00000001a85d2000 	/System/Library/Frameworks/Accelerate.framework/Versions/A/Frameworks/vecLib.framework/Versions/A/libSparseBLAS.dylib
0x00000001a86b8000 	/System/Library/Frameworks/Accelerate.framework/Versions/A/Frameworks/vecLib.framework/Versions/A/libQuadrature.dylib
0x00000001a6f70000 	/System/Library/Frameworks/Accelerate.framework/Versions/A/Frameworks/vecLib.framework/Versions/A/libBNNS.dylib
0x000000019e3c0000 	/System/Library/Frameworks/Accelerate.framework/Versions/A/Frameworks/vecLib.framework/Versions/A/libSparse.dylib
0x00000001a6f68000 	/System/Library/PrivateFrameworks/LinguisticData.framework/Versions/A/LinguisticData
0x000000019e378000 	/System/Library/PrivateFrameworks/Lexicon.framework/Versions/A/Lexicon
0x00000001a8c98000 	/usr/lib/libChineseTokenizer.dylib
0x000000019eb26000 	/System/Library/PrivateFrameworks/LanguageModeling.framework/Versions/A/LanguageModeling
0x00000001a8595000 	/System/Library/PrivateFrameworks/AppleSauce.framework/Versions/A/AppleSauce
0x00000001a7602000 	/System/Library/PrivateFrameworks/CoreEmoji.framework/Versions/A/CoreEmoji
0x00000001a8483000 	/usr/lib/libcmph.dylib
0x00000001a4d00000 	/System/Library/Frameworks/OpenDirectory.framework/Versions/A/Frameworks/CFOpenDirectory.framework/Versions/A/CFOpenDirectory
0x00000001a4cf0000 	/System/Library/Frameworks/OpenDirectory.framework/Versions/A/OpenDirectory
0x00000001a8bf4000 	/System/Library/PrivateFrameworks/APFS.framework/Versions/A/APFS
0x00000001a7923000 	/System/Library/Frameworks/SecurityFoundation.framework/Versions/A/SecurityFoundation
0x00000001a8c6a000 	/usr/lib/libutil.dylib
0x00000001a0263000 	/System/Library/PrivateFrameworks/CoreServicesStore.framework/Versions/A/CoreServicesStore
0x00000001a8c6e000 	/usr/lib/libxslt.1.dylib
0x00000001a79b7000 	/System/Library/PrivateFrameworks/BackgroundTaskManagement.framework/Versions/A/BackgroundTaskManagement
0x00000001a9f0c000 	/System/Library/Frameworks/ImageIO.framework/Versions/A/Resources/libRadiance.dylib
0x00000001a9f15000 	/System/Library/Frameworks/ImageIO.framework/Versions/A/Resources/libJPEG.dylib
0x00000001a9e66000 	/System/Library/Frameworks/ImageIO.framework/Versions/A/Resources/libPng.dylib
0x00000001a9e88000 	/System/Library/Frameworks/ImageIO.framework/Versions/A/Resources/libTIFF.dylib
0x00000001a9f70000 	/System/Library/Frameworks/ImageIO.framework/Versions/A/Resources/libGIF.dylib
0x00000001a989e000 	/System/Library/Frameworks/ImageIO.framework/Versions/A/Resources/libJP2.dylib
0x00000001a8fc0000 	/usr/lib/libexpat.1.dylib
0x00000001a9859000 	/System/Library/PrivateFrameworks/AppleJPEG.framework/Versions/A/AppleJPEG
0x00000001a637c000 	/System/Library/PrivateFrameworks/FontServices.framework/libFontParser.dylib
0x00000001a3ff4000 	/System/Library/PrivateFrameworks/RunningBoardServices.framework/Versions/A/RunningBoardServices
0x00000001b48a7000 	/System/Library/PrivateFrameworks/IOSurfaceAccelerator.framework/Versions/A/IOSurfaceAccelerator
0x00000001a998a000 	/System/Library/PrivateFrameworks/WatchdogClient.framework/Versions/A/WatchdogClient
0x000000019ec26000 	/System/Library/Frameworks/CoreDisplay.framework/Versions/A/CoreDisplay
0x00000001a6266000 	/System/Library/Frameworks/CoreMedia.framework/Versions/A/CoreMedia
0x00000001a60f1000 	/System/Library/PrivateFrameworks/IOAccelerator.framework/Versions/A/IOAccelerator
0x00000001a4e90000 	/System/Library/Frameworks/CoreVideo.framework/Versions/A/CoreVideo
0x00000001a85e5000 	/System/Library/Frameworks/MetalPerformanceShaders.framework/Versions/A/MetalPerformanceShaders
0x00000001a99c9000 	/System/Library/Frameworks/VideoToolbox.framework/Versions/A/VideoToolbox
0x00000001a3f38000 	/System/Library/PrivateFrameworks/BaseBoard.framework/Versions/A/BaseBoard
0x00000001a3cc6000 	/System/Library/PrivateFrameworks/ProtocolBuffer.framework/Versions/A/ProtocolBuffer
0x00000001a9f07000 	/System/Library/PrivateFrameworks/GPUWrangler.framework/Versions/A/GPUWrangler
0x00000001a9ee7000 	/System/Library/PrivateFrameworks/IOPresentment.framework/Versions/A/IOPresentment
0x00000001a9f0f000 	/System/Library/PrivateFrameworks/DSExternalDisplay.framework/Versions/A/DSExternalDisplay
0x00000001fef56000 	/System/Library/Frameworks/OpenGL.framework/Versions/A/Libraries/libCoreFSCache.dylib
0x0000000209e20000 	/System/Library/PrivateFrameworks/GPUCompiler.framework/Versions/31001/Libraries/libGPUCompilerUtils.dylib
0x00000001a9f75000 	/System/Library/PrivateFrameworks/CMCaptureCore.framework/Versions/A/CMCaptureCore
0x00000001a9571000 	/System/Library/PrivateFrameworks/AppServerSupport.framework/Versions/A/AppServerSupport
0x00000001ab7fb000 	/System/Library/PrivateFrameworks/perfdata.framework/Versions/A/perfdata
0x000000019ed46000 	/System/Library/PrivateFrameworks/AudioToolboxCore.framework/Versions/A/AudioToolboxCore
0x00000001a623f000 	/System/Library/PrivateFrameworks/caulk.framework/Versions/A/caulk
0x00000001ab0f0000 	/usr/lib/libAudioStatistics.dylib
0x00000001bd10c000 	/System/Library/PrivateFrameworks/SystemPolicy.framework/Versions/A/SystemPolicy
0x00000001ab35c000 	/usr/lib/libSMC.dylib
0x00000001b40ae000 	/System/Library/Frameworks/CoreMIDI.framework/Versions/A/CoreMIDI
0x00000001a9e34000 	/usr/lib/libAudioToolboxUtility.dylib
0x00000001b926f000 	/System/Library/PrivateFrameworks/OSAServicesClient.framework/Versions/A/OSAServicesClient
0x00000001ab808000 	/usr/lib/libperfcheck.dylib
0x00000001bdc2b000 	/usr/lib/libmis.dylib
0x00000001fefb8000 	/System/Library/Frameworks/OpenGL.framework/Versions/A/Libraries/libGLU.dylib
0x00000001fef77000 	/System/Library/Frameworks/OpenGL.framework/Versions/A/Libraries/libGFXShared.dylib
0x00000001ff164000 	/System/Library/Frameworks/OpenGL.framework/Versions/A/Libraries/libGL.dylib
0x00000001fef80000 	/System/Library/Frameworks/OpenGL.framework/Versions/A/Libraries/libGLImage.dylib
0x00000001fef74000 	/System/Library/Frameworks/OpenGL.framework/Versions/A/Libraries/libCVMSPluginSupport.dylib
0x00000001fef5d000 	/System/Library/Frameworks/OpenGL.framework/Versions/A/Libraries/libCoreVMClient.dylib
0x00000001a6df1000 	/System/Library/Frameworks/MetalPerformanceShaders.framework/Versions/A/Frameworks/MPSCore.framework/Versions/A/MPSCore
0x00000001a7f92000 	/System/Library/Frameworks/MetalPerformanceShaders.framework/Versions/A/Frameworks/MPSImage.framework/Versions/A/MPSImage
0x00000001a7a81000 	/System/Library/Frameworks/MetalPerformanceShaders.framework/Versions/A/Frameworks/MPSNeuralNetwork.framework/Versions/A/MPSNeuralNetwork
0x00000001a7eba000 	/System/Library/Frameworks/MetalPerformanceShaders.framework/Versions/A/Frameworks/MPSMatrix.framework/Versions/A/MPSMatrix
0x00000001a7c93000 	/System/Library/Frameworks/MetalPerformanceShaders.framework/Versions/A/Frameworks/MPSRayIntersector.framework/Versions/A/MPSRayIntersector
0x00000001a7eeb000 	/System/Library/Frameworks/MetalPerformanceShaders.framework/Versions/A/Frameworks/MPSNDArray.framework/Versions/A/MPSNDArray
0x0000000201a5f000 	/System/Library/Frameworks/MetalPerformanceShaders.framework/Versions/A/Frameworks/MPSFunctions.framework/Versions/A/MPSFunctions
0x000000019dfd8000 	/System/Library/PrivateFrameworks/MetalTools.framework/Versions/A/MetalTools
0x00000001a6e6f000 	/System/Library/PrivateFrameworks/AggregateDictionary.framework/Versions/A/AggregateDictionary
0x00000001a8da5000 	/usr/lib/libIOReport.dylib
0x00000001b30c7000 	/System/Library/PrivateFrameworks/ASEProcessing.framework/Versions/A/ASEProcessing
0x00000001a911a000 	/System/Library/PrivateFrameworks/FaceCore.framework/Versions/A/FaceCore
0x00000001a910c000 	/System/Library/PrivateFrameworks/GraphVisualizer.framework/Versions/A/GraphVisualizer
0x0000000209d37000 	/System/Library/PrivateFrameworks/FontServices.framework/Versions/A/FontServices
0x00000001a952d000 	/System/Library/PrivateFrameworks/OTSVG.framework/Versions/A/OTSVG
0x00000001a4a59000 	/System/Library/Frameworks/ApplicationServices.framework/Versions/A/Frameworks/ATS.framework/Versions/A/Resources/libFontRegistry.dylib
0x00000001a957a000 	/System/Library/PrivateFrameworks/FontServices.framework/libhvf.dylib
0x0000000209d38000 	/System/Library/PrivateFrameworks/FontServices.framework/libXTFontStaticRegistryData.dylib
0x00000001ff305000 	/System/Library/Frameworks/OpenCL.framework/Versions/A/OpenCL
0x00000001a8f74000 	/System/Library/PrivateFrameworks/AppleVA.framework/Versions/A/AppleVA
0x00000001ab118000 	/System/Library/Frameworks/ApplicationServices.framework/Versions/A/Frameworks/ATS.framework/Versions/A/ATS
0x00000001a3483000 	/System/Library/Frameworks/ApplicationServices.framework/Versions/A/Frameworks/HIServices.framework/Versions/A/HIServices
0x00000001a9f7f000 	/System/Library/Frameworks/ApplicationServices.framework/Versions/A/Frameworks/PrintCore.framework/Versions/A/PrintCore
0x00000001ab4af000 	/System/Library/Frameworks/ApplicationServices.framework/Versions/A/Frameworks/QD.framework/Versions/A/QD
0x00000001ab4a7000 	/System/Library/Frameworks/ApplicationServices.framework/Versions/A/Frameworks/ColorSyncLegacy.framework/Versions/A/ColorSyncLegacy
0x00000001ab104000 	/System/Library/Frameworks/ApplicationServices.framework/Versions/A/Frameworks/SpeechSynthesis.framework/Versions/A/SpeechSynthesis
0x00000001a9f40000 	/System/Library/Frameworks/ApplicationServices.framework/Versions/A/Frameworks/ATSUI.framework/Versions/A/ATSUI
0x00000001ab43c000 	/usr/lib/libcups.2.dylib
0x00000001ab816000 	/System/Library/Frameworks/Kerberos.framework/Versions/A/Kerberos
0x00000001ab827000 	/System/Library/Frameworks/GSS.framework/Versions/A/GSS
0x00000001ab188000 	/usr/lib/libresolv.9.dylib
0x00000001a9589000 	/System/Library/PrivateFrameworks/Heimdal.framework/Versions/A/Heimdal
0x00000001b22fd000 	/System/Library/Frameworks/Kerberos.framework/Versions/A/Libraries/libHeimdalProxy.dylib
0x00000001a40d3000 	/System/Library/Frameworks/Network.framework/Versions/A/Network
0x00000001a8fdb000 	/usr/lib/libheimdal-asn1.dylib
0x00000001ab877000 	/System/Library/PrivateFrameworks/CommonAuth.framework/Versions/A/CommonAuth
0x00000001ab07e000 	/System/Library/PrivateFrameworks/AudioSession.framework/Versions/A/AudioSession
0x00000001a906d000 	/System/Library/PrivateFrameworks/MediaExperience.framework/Versions/A/MediaExperience
0x00000001aaf03000 	/System/Library/PrivateFrameworks/AudioSession.framework/libSessionUtility.dylib
0x00000001ab4bb000 	/System/Library/PrivateFrameworks/AudioResourceArbitration.framework/Versions/A/AudioResourceArbitration
0x00000001af67e000 	/System/Library/PrivateFrameworks/PowerLog.framework/Versions/A/PowerLog
0x00000001a8fe5000 	/System/Library/PrivateFrameworks/IconFoundation.framework/Versions/A/IconFoundation
0x00000001ae3c7000 	/System/Library/PrivateFrameworks/SpeechRecognitionCore.framework/Versions/A/SpeechRecognitionCore
0x0000000104318000 	/Users/zijiandong/Library/Java/JavaVirtualMachines/corretto-17.0.4.1/Contents/Home/lib/server/libjvm.dylib
0x0000000103090000 	/Users/zijiandong/Library/Java/JavaVirtualMachines/corretto-17.0.4.1/Contents/Home/lib/libjimage.dylib
0x00000001030bc000 	/Users/zijiandong/Library/Java/JavaVirtualMachines/corretto-17.0.4.1/Contents/Home/lib/libinstrument.dylib
0x0000000103108000 	/Users/zijiandong/Library/Java/JavaVirtualMachines/corretto-17.0.4.1/Contents/Home/lib/libjava.dylib
0x00000001031e4000 	/Users/zijiandong/Library/Java/JavaVirtualMachines/corretto-17.0.4.1/Contents/Home/lib/libnio.dylib
0x0000000103204000 	/Users/zijiandong/Library/Java/JavaVirtualMachines/corretto-17.0.4.1/Contents/Home/lib/libnet.dylib
0x0000000103228000 	/Users/zijiandong/Library/Java/JavaVirtualMachines/corretto-17.0.4.1/Contents/Home/lib/libzip.dylib
0x00000001030f0000 	/Users/zijiandong/.openjfx/cache/17.0.1/libprism_es2.dylib
0x00000001a0226000 	/System/Library/PrivateFrameworks/CoreServicesInternal.framework/Versions/A/CoreServicesInternal
0x00000001ff16e000 	/System/Library/Frameworks/OpenGL.framework/Versions/A/Resources/GLEngine.bundle/GLEngine
0x00000001feff6000 	/System/Library/Frameworks/OpenGL.framework/Versions/A/Libraries/libGLProgrammability.dylib
0x00000001041d0000 	/System/Library/Extensions/AppleMetalOpenGLRenderer.bundle/Contents/MacOS/AppleMetalOpenGLRenderer
0x00000001ff2dd000 	/System/Library/Frameworks/OpenGL.framework/Versions/A/Resources/GLRendererFloat.bundle/GLRendererFloat
0x00000001e4208000 	/System/Library/Extensions/AGXMetalG13X.bundle/Contents/MacOS/AGXMetalG13X
0x00000001bdc47000 	/System/Library/PrivateFrameworks/GPURawCounter.framework/Versions/A/GPURawCounter
0x00000001b83d8000 	/System/Library/PrivateFrameworks/IOGPU.framework/Versions/A/IOGPU
0x000000010426c000 	/Users/zijiandong/.openjfx/cache/17.0.1/libglass.dylib
0x00000001af8d6000 	/System/Library/Frameworks/FileProvider.framework/Versions/A/FileProvider
0x00000001a3ea0000 	/System/Library/Frameworks/Accounts.framework/Versions/A/Accounts
0x00000001afa5a000 	/System/Library/PrivateFrameworks/GenerationalStorage.framework/Versions/A/GenerationalStorage
0x00000001b061d000 	/System/Library/PrivateFrameworks/CoreSymbolication.framework/Versions/A/CoreSymbolication
0x00000001af672000 	/System/Library/PrivateFrameworks/SymptomDiagnosticReporter.framework/Versions/A/SymptomDiagnosticReporter
0x00000001a1517000 	/System/Library/PrivateFrameworks/DesktopServicesPriv.framework/Versions/A/DesktopServicesPriv
0x00000001a0388000 	/usr/lib/libsandbox.1.dylib
0x00000001a4f1e000 	/System/Library/PrivateFrameworks/UserManagement.framework/Versions/A/UserManagement
0x00000001b05da000 	/System/Library/PrivateFrameworks/DebugSymbols.framework/Versions/A/DebugSymbols
0x00000001ab49a000 	/System/Library/PrivateFrameworks/NetAuth.framework/Versions/A/NetAuth
0x00000001ac3b8000 	/System/Library/PrivateFrameworks/Sharing.framework/Versions/A/Sharing
0x00000001a4eee000 	/System/Library/PrivateFrameworks/login.framework/Versions/A/Frameworks/loginsupport.framework/Versions/A/loginsupport
0x00000001b1811000 	/System/Library/PrivateFrameworks/Apple80211.framework/Versions/A/Apple80211
0x00000001a8076000 	/System/Library/PrivateFrameworks/AuthKit.framework/Versions/A/AuthKit
0x00000001a76fe000 	/System/Library/PrivateFrameworks/CoreUtils.framework/Versions/A/CoreUtils
0x00000001a7621000 	/System/Library/Frameworks/CoreWLAN.framework/Versions/A/CoreWLAN
0x00000001ac528000 	/System/Library/Frameworks/IOBluetooth.framework/Versions/A/IOBluetooth
0x00000001b1871000 	/System/Library/PrivateFrameworks/CoreWiFi.framework/Versions/A/CoreWiFi
0x00000001b01ba000 	/System/Library/PrivateFrameworks/FrontBoardServices.framework/Versions/A/FrontBoardServices
0x00000001b0252000 	/System/Library/PrivateFrameworks/BoardServices.framework/Versions/A/BoardServices
0x00000001a7911000 	/System/Library/PrivateFrameworks/AssertionServices.framework/Versions/A/AssertionServices
0x00000001b19ee000 	/System/Library/PrivateFrameworks/BackBoardServices.framework/Versions/A/BackBoardServices
0x00000001ab90e000 	/System/Library/PrivateFrameworks/CorePhoneNumbers.framework/Versions/A/CorePhoneNumbers
0x00000001ab1b5000 	/System/Library/PrivateFrameworks/MultiverseSupport.framework/Versions/A/MultiverseSupport
0x00000001b1c70000 	/System/Library/PrivateFrameworks/RemoteServiceDiscovery.framework/Versions/A/RemoteServiceDiscovery
0x00000001af7a2000 	/System/Library/PrivateFrameworks/DiskManagement.framework/Versions/A/DiskManagement
0x00000001af6a5000 	/System/Library/PrivateFrameworks/AppleIDAuthSupport.framework/Versions/A/AppleIDAuthSupport
0x000000020429c000 	/System/Library/PrivateFrameworks/AAAFoundation.framework/Versions/A/AAAFoundation
0x00000001ab8ed000 	/System/Library/PrivateFrameworks/KeychainCircle.framework/Versions/A/KeychainCircle
0x00000001b1c80000 	/System/Library/PrivateFrameworks/RemoteXPC.framework/Versions/A/RemoteXPC
0x00000001af76e000 	/System/Library/PrivateFrameworks/MediaKit.framework/Versions/A/MediaKit
0x00000001af6b2000 	/System/Library/Frameworks/DiscRecording.framework/Versions/A/DiscRecording
0x00000001a8ef0000 	/usr/lib/libCoreStorage.dylib
0x00000001b1cec000 	/usr/lib/libcsfde.dylib
0x00000001ac5fd000 	/System/Library/PrivateFrameworks/ProtectedCloudStorage.framework/Versions/A/ProtectedCloudStorage
0x00000001b1ce4000 	/System/Library/PrivateFrameworks/EFILogin.framework/Versions/A/EFILogin
0x00000001afa81000 	/System/Library/PrivateFrameworks/OctagonTrust.framework/Versions/A/OctagonTrust
0x0000000208ebe000 	/System/Library/PrivateFrameworks/CoreUtilsExtras.framework/Versions/A/CoreUtilsExtras
0x00000001af5d7000 	/System/Library/Frameworks/CoreBluetooth.framework/Versions/A/CoreBluetooth
0x00000001b2382000 	/System/Library/Frameworks/AudioUnit.framework/Versions/A/AudioUnit
0x00000001a8ee8000 	/usr/lib/libMatch.1.dylib
0x00000001c212f000 	/System/Library/Frameworks/Accelerate.framework/Versions/A/Frameworks/vImage.framework/Versions/A/Libraries/libCGInterfaces.dylib
0x0000000117fd0000 	/usr/lib/libobjc-trampolines.dylib
0x00000001a4be8000 	/System/Library/PrivateFrameworks/ViewBridge.framework/Versions/A/ViewBridge
0x00000001a8dae000 	/System/Library/PrivateFrameworks/CrashReporterSupport.framework/Versions/A/CrashReporterSupport
0x00000001c9be6000 	/System/Library/PrivateFrameworks/OSAnalytics.framework/Versions/A/OSAnalytics
0x00000001d4f53000 	/System/Library/PrivateFrameworks/Symbolication.framework/Versions/A/Symbolication
0x00000001bdc08000 	/System/Library/PrivateFrameworks/MallocStackLogging.framework/Versions/A/MallocStackLogging
0x0000000127bac000 	/Users/zijiandong/.openjfx/cache/17.0.1/libjavafx_font.dylib
0x00000001a964c000 	/System/Library/PrivateFrameworks/login.framework/Versions/A/login
0x000000021d4af000 	/usr/lib/libRosetta.dylib


VM Arguments:
jvm_args: -javaagent:/Applications/IntelliJ IDEA.app/Contents/lib/idea_rt.jar=56133:/Applications/IntelliJ IDEA.app/Contents/bin -Dfile.encoding=UTF-8 --module-path=/Users/zijiandong/.m2/repository/org/openjfx/javafx-base/17.0.1/javafx-base-17.0.1-mac-aarch64.jar:/Users/zijiandong/Documents/GitHub/Project_2.2_02/target/classes:/Users/zijiandong/.m2/repository/org/openjfx/javafx-controls/17.0.1/javafx-controls-17.0.1-mac-aarch64.jar:/Users/zijiandong/.m2/repository/org/openjfx/javafx-graphics/17.0.1/javafx-graphics-17.0.1-mac-aarch64.jar:/Users/zijiandong/.m2/repository/org/openjfx/javafx-fxml/17.0.1/javafx-fxml-17.0.1-mac-aarch64.jar -Djdk.module.main=chatbot.project22 
java_command: chatbot.project22/chatbot.project22.GUI.Screen2
java_class_path (initial): /Users/zijiandong/.m2/repository/org/openjfx/javafx-controls/17.0.1/javafx-controls-17.0.1.jar:/Users/zijiandong/.m2/repository/org/openjfx/javafx-graphics/17.0.1/javafx-graphics-17.0.1.jar:/Users/zijiandong/.m2/repository/org/openjfx/javafx-base/17.0.1/javafx-base-17.0.1.jar:/Users/zijiandong/.m2/repository/org/openjfx/javafx-fxml/17.0.1/javafx-fxml-17.0.1.jar
Launcher Type: SUN_STANDARD

[Global flags]
     intx CICompilerCount                          = 4                                         {product} {ergonomic}
     uint ConcGCThreads                            = 2                                         {product} {ergonomic}
     uint G1ConcRefinementThreads                  = 8                                         {product} {ergonomic}
   size_t G1HeapRegionSize                         = 2097152                                   {product} {ergonomic}
    uintx GCDrainStackTargetSize                   = 64                                        {product} {ergonomic}
   size_t InitialHeapSize                          = 268435456                                 {product} {ergonomic}
   size_t MarkStackSize                            = 4194304                                   {product} {ergonomic}
   size_t MaxHeapSize                              = 4294967296                                {product} {ergonomic}
   size_t MaxNewSize                               = 2575302656                                {product} {ergonomic}
   size_t MinHeapDeltaBytes                        = 2097152                                   {product} {ergonomic}
   size_t MinHeapSize                              = 8388608                                   {product} {ergonomic}
    uintx NonNMethodCodeHeapSize                   = 5839564                                {pd product} {ergonomic}
    uintx NonProfiledCodeHeapSize                  = 122909338                              {pd product} {ergonomic}
    uintx ProfiledCodeHeapSize                     = 122909338                              {pd product} {ergonomic}
    uintx ReservedCodeCacheSize                    = 251658240                              {pd product} {ergonomic}
     bool SegmentedCodeCache                       = true                                      {product} {ergonomic}
   size_t SoftMaxHeapSize                          = 4294967296                             {manageable} {ergonomic}
     bool UseCompressedClassPointers               = true                           {product lp64_product} {ergonomic}
     bool UseCompressedOops                        = true                           {product lp64_product} {ergonomic}
     bool UseG1GC                                  = true                                      {product} {ergonomic}
     bool UseNUMA                                  = false                                     {product} {ergonomic}
     bool UseNUMAInterleaving                      = false                                     {product} {ergonomic}

Logging:
Log output configuration:
 #0: stdout all=warning uptime,level,tags
 #1: stderr all=off uptime,level,tags

Environment Variables:
PATH=/Users/zijiandong/opt/anaconda3/bin:/Users/zijiandong/opt/anaconda3/condabin:/Library/Frameworks/Python.framework/Versions/3.10/bin:/usr/local/bin:/usr/bin:/bin:/usr/sbin:/sbin:/Library/TeX/texbin
SHELL=/bin/zsh
LC_CTYPE=en_NL.UTF-8
TMPDIR=/var/folders/p8/jv7nrndx0473b80b8rp2rn8m0000gn/T/

Signal Handlers:
   SIGSEGV: _ZL13crash_handleriP9__siginfoPv in libjvm.dylib, mask=11100110000111110111111111111111, flags=SA_RESTART|SA_SIGINFO
    SIGBUS: _ZL13crash_handleriP9__siginfoPv in libjvm.dylib, mask=11100110000111110111111111111111, flags=SA_RESTART|SA_SIGINFO
    SIGFPE: _ZL13crash_handleriP9__siginfoPv in libjvm.dylib, mask=11100110000111110111111111111111, flags=SA_RESTART|SA_SIGINFO
   SIGPIPE: _ZL17javaSignalHandleriP9__siginfoPv in libjvm.dylib, mask=11100110000111110111111111111111, flags=SA_RESTART|SA_SIGINFO
   SIGXFSZ: _ZL17javaSignalHandleriP9__siginfoPv in libjvm.dylib, mask=11100110000111110111111111111111, flags=SA_RESTART|SA_SIGINFO
    SIGILL: _ZL13crash_handleriP9__siginfoPv in libjvm.dylib, mask=11100110000111110111111111111111, flags=SA_RESTART|SA_SIGINFO
   SIGUSR2: _ZL10SR_handleriP9__siginfoP17__darwin_ucontext in libjvm.dylib, mask=00100000000000000000000000000000, flags=SA_RESTART|SA_SIGINFO
    SIGHUP: _ZL11UserHandleriPvS_ in libjvm.dylib, mask=11100110000111110111111111111111, flags=SA_RESTART|SA_SIGINFO
    SIGINT: _ZL11UserHandleriPvS_ in libjvm.dylib, mask=11100110000111110111111111111111, flags=SA_RESTART|SA_SIGINFO
   SIGTERM: _ZL11UserHandleriPvS_ in libjvm.dylib, mask=11100110000111110111111111111111, flags=SA_RESTART|SA_SIGINFO
   SIGQUIT: _ZL11UserHandleriPvS_ in libjvm.dylib, mask=11100110000111110111111111111111, flags=SA_RESTART|SA_SIGINFO
  *** Handler was modified!
  *** Expected: _ZL17javaSignalHandleriP9__siginfoPv in libjvm.dylib, mask=11100110100111111111111111111111, flags=SA_RESTART|SA_SIGINFO
   SIGTRAP: _ZL13crash_handleriP9__siginfoPv in libjvm.dylib, mask=11100110000111110111111111111111, flags=SA_RESTART|SA_SIGINFO


---------------  S Y S T E M  ---------------

OS:
uname: Darwin 21.6.0 Darwin Kernel Version 21.6.0: Mon Aug 22 20:19:52 PDT 2022; root:xnu-8020.140.49~2/RELEASE_ARM64_T6000 arm64
OS uptime: 15 days 0:07 hours
rlimit (soft/hard): STACK 8176k/65520k , CORE 0k/infinity , NPROC 2666/4000 , NOFILE 10240/infinity , AS infinity/infinity , CPU infinity/infinity , DATA infinity/infinity , FSIZE infinity/infinity , MEMLOCK infinity/infinity , RSS infinity/infinity
load average: 2.55 2.59 2.65

CPU: total 8 (initial active 8) 0x61:0x0:0x1b588bb3:0, fp, simd, crc, lse

Memory: 16k page, physical 16777216k(76096k free), swap 3145728k(1182400k free)

vm_info: OpenJDK 64-Bit Server VM (17.0.4.1+9-LTS) for bsd-aarch64 JRE (17.0.4.1+9-LTS), built on Aug 12 2022 17:23:37 by "ec2user" with clang Apple LLVM 13.0.0 (clang-1300.0.29.30)

END.
