#
# A fatal error has been detected by the Java Runtime Environment:
#
#  SIGBUS (0xa) at pc=0x0000000115b44aac, pid=31881, tid=36363
#
# JRE version: OpenJDK Runtime Environment (19.0.2+7) (build 19.0.2+7-44)
# Java VM: OpenJDK 64-Bit Server VM (19.0.2+7-44, mixed mode, sharing, tiered, compressed oops, compressed class ptrs, g1 gc, bsd-aarch64)
# Problematic frame:
# j  com.sun.glass.ui.mac.MacApplication._submitForLaterInvocation(Ljava/lang/Runnable;)V+0 javafx.graphics
#
# No core dump will be written. Core dumps have been disabled. To enable core dumping, try "ulimit -c unlimited" before starting Java again
#
# If you would like to submit a bug report, please visit:
#   https://bugreport.java.com/bugreport/crash.jsp
# The crash happened outside the Java Virtual Machine in native code.
# See problematic frame for where to report the bug.
#

---------------  S U M M A R Y ------------

Command Line: -javaagent:/Applications/IntelliJ IDEA.app/Contents/lib/idea_rt.jar=56663:/Applications/IntelliJ IDEA.app/Contents/bin -Dfile.encoding=UTF-8 --module-path=/Users/zijiandong/.m2/repository/org/openjfx/javafx-controls/17.0.1/javafx-controls-17.0.1-mac-aarch64.jar:/Users/zijiandong/.m2/repository/org/openjfx/javafx-base/17.0.1/javafx-base-17.0.1-mac-aarch64.jar:/Users/zijiandong/.m2/repository/org/openjfx/javafx-graphics/17.0.1/javafx-graphics-17.0.1-mac-aarch64.jar:/Users/zijiandong/.m2/repository/org/openjfx/javafx-fxml/17.0.1/javafx-fxml-17.0.1-mac-aarch64.jar:/Users/zijiandong/Documents/GitHub/Project_2.2_02/target/classes -Djdk.module.main=chatbot.project22 chatbot.project22/chatbot.project22.GUI.seYamlAddScene

Host: "MacBookPro18,3" arm64, 8 cores, 16G, Darwin 21.6.0, macOS 12.6 (21G115)
Time: Sat Mar 25 15:04:10 2023 CET elapsed time: 0.247125 seconds (0d 0h 0m 0s)

---------------  T H R E A D  ---------------

Current thread (0x000000012c84ce00):  JavaThread "InvokeLaterDispatcher" daemon [_thread_in_native, id=36363, stack(0x000000016e420000,0x000000016e623000)]

Stack: [0x000000016e420000,0x000000016e623000],  sp=0x000000016e622930,  free space=2058k
Native frames: (J=compiled Java code, j=interpreted, Vv=VM code, C=native code)
j  com.sun.glass.ui.mac.MacApplication._submitForLaterInvocation(Ljava/lang/Runnable;)V+0 javafx.graphics
j  com.sun.glass.ui.mac.MacApplication.submitForLaterInvocation(Ljava/lang/Runnable;)V+2 javafx.graphics
j  com.sun.glass.ui.InvokeLaterDispatcher.run()V+82 javafx.graphics
v  ~StubRoutines::call_stub 0x0000000115b30140
V  [libjvm.dylib+0x4e4320]  _ZN9JavaCalls11call_helperEP9JavaValueRK12methodHandleP17JavaCallArgumentsP10JavaThread+0x38c
V  [libjvm.dylib+0x4e333c]  _ZN9JavaCalls12call_virtualEP9JavaValueP5KlassP6SymbolS5_P17JavaCallArgumentsP10JavaThread+0x11c
V  [libjvm.dylib+0x4e3408]  _ZN9JavaCalls12call_virtualEP9JavaValue6HandleP5KlassP6SymbolS6_P10JavaThread+0x64
V  [libjvm.dylib+0x5996c0]  _ZL12thread_entryP10JavaThreadS0_+0x9c
V  [libjvm.dylib+0x991ddc]  _ZN10JavaThread17thread_main_innerEv+0x110
V  [libjvm.dylib+0x990320]  _ZN6Thread8call_runEv+0xe0
V  [libjvm.dylib+0x83b3f8]  _ZL19thread_native_entryP6Thread+0x158
C  [libsystem_pthread.dylib+0x726c]  _pthread_start+0x94

Java frames: (J=compiled Java code, j=interpreted, Vv=VM code)
j  com.sun.glass.ui.mac.MacApplication._submitForLaterInvocation(Ljava/lang/Runnable;)V+0 javafx.graphics
j  com.sun.glass.ui.mac.MacApplication.submitForLaterInvocation(Ljava/lang/Runnable;)V+2 javafx.graphics
j  com.sun.glass.ui.InvokeLaterDispatcher.run()V+82 javafx.graphics
v  ~StubRoutines::call_stub 0x0000000115b30140

siginfo: si_signo: 10 (SIGBUS), si_code: 1 (BUS_ADRALN), si_addr: 0x0000000115b44aac

Registers:
 x0=0x00000001046a8000  x1=0x0000600003a1d770  x2=0x0000000000000000  x3=0x000000019d5f704c
 x4=0x00000000000130a8  x5=0x0000000000000000  x6=0x0000000000000000  x7=0x000000012c84ce00
 x8=0xeb4595b26c7d00ae  x9=0xeb4595b26c7d00ae x10=0x00000000000007fb x11=0x00000000000007fd
x12=0x0000000000000178 x13=0x00000000b074017a x14=0x00000000b0940800 x15=0x0000000000000281
x16=0x0000000080000000 x17=0x0000000030800000 x18=0x0000000000000000 x19=0x0000000115b42c30
x20=0x000000016e622930 x21=0x000000010634e348 x22=0x0000000000000000 x23=0x0000000115b43c00
x24=0x000000016e6229b8 x25=0x0000000000000001 x26=0x000000015e529808 x27=0x0000000000000000
x28=0x000000012c84ce00  fp=0x000000016e622990  lr=0xab75000115b44aac  sp=0x000000016e622930
pc=0x0000000115b44aac cpsr=0x0000000060001000

Register to memory mapping:

 x0=0x00000001046a8000 points into unknown readable memory: 0x0000000000000000 | 00 00 00 00 00 00 00 00
 x1=0x0000600003a1d770 points into unknown readable memory: 0x0000000000000000 | 00 00 00 00 00 00 00 00
 x2=0x0 is NULL
 x3=0x000000019d5f704c: nanov2_free_definite_size+0 in /usr/lib/system/libsystem_malloc.dylib at 0x000000019d5f5000
 x4=0x00000000000130a8 is an unknown value
 x5=0x0 is NULL
 x6=0x0 is NULL
 x7=0x000000012c84ce00 is a thread
 x8=0xeb4595b26c7d00ae is an unknown value
 x9=0xeb4595b26c7d00ae is an unknown value
x10=0x00000000000007fb is an unknown value
x11=0x00000000000007fd is an unknown value
x12=0x0000000000000178 is an unknown value
x13=0x00000000b074017a is an unknown value
x14=0x00000000b0940800 is an unknown value
x15=0x0000000000000281 is an unknown value
x16=0x0000000080000000 is an unknown value
x17=0x0000000030800000 is an unknown value
x18=0x0 is NULL
x19=0x0000000115b42c30 is at code_begin+48 in an Interpreter codelet
result handlers for native calls  [0x0000000115b42c00, 0x0000000115b42c48]  72 bytes
x20=0x000000016e622930 is pointing into the stack for thread: 0x000000012c84ce00
x21=0x000000010634e348: _ZN19TemplateInterpreter13_active_tableE+0 in /Users/zijiandong/Library/Java/JavaVirtualMachines/openjdk-19.0.2/Contents/Home/lib/server/libjvm.dylib at 0x00000001056d4000
x22=0x0 is NULL
x23=0x0000000115b43c00 is at code_begin+0 in an Interpreter codelet
method entry point (kind = zerolocals)  [0x0000000115b43c00, 0x0000000115b43f08]  776 bytes
x24=0x000000016e6229b8 is pointing into the stack for thread: 0x000000012c84ce00
x25=0x0000000000000001 is an unknown value
x26=0x000000015e529808 is pointing into metadata
x27=0x0 is NULL
x28=0x000000012c84ce00 is a thread


Top of Stack: (sp=0x000000016e622930)
0x000000016e622930:   0000000115b4488c 000000015e507c70
0x000000016e622940:   000000016e622940 0000000000000000
0x000000016e622950:   000000016e6229b8 000000015e529808
0x000000016e622960:   000000070f6e2148 0000000000000000
0x000000016e622970:   0000000000000000 000000015e507c70
0x000000016e622980:   0000000000000000 000000016e622990
0x000000016e622990:   000000016e622a10 0000000115b41548
0x000000016e6229a0:   0000000000000000 0000000000000000
0x000000016e6229b0:   000000070f55b0c8 000000070f4e18f8
0x000000016e6229c0:   000000016e6229c0 000000015e507d12
0x000000016e6229d0:   000000016e622a28 000000015e529808
0x000000016e6229e0:   000000070f6e2148 0000000000000000
0x000000016e6229f0:   0000000000000000 000000015e507d20
0x000000016e622a00:   000000016e6229b0 000000016e6229f0
0x000000016e622a10:   000000016e622a80 0000000115b41a88
0x000000016e622a20:   000000070f55b0c8 000000070f4e18f8
0x000000016e622a30:   000000016e622a30 000000015e52b90a
0x000000016e622a40:   000000016e622ab8 000000015e52bef8
0x000000016e622a50:   000000070f4e8480 0000000000000000
0x000000016e622a60:   0000000000000000 000000015e52b9a8
0x000000016e622a70:   000000016e622a20 000000016e622ab0
0x000000016e622a80:   000000016e622b90 0000000115b30140
0x000000016e622a90:   0000000000000000 0000000000000000
0x000000016e622aa0:   0000000000000000 000000070f55b0c8
0x000000016e622ab0:   000000070f202848 000000070f4e86e0
0x000000016e622ac0:   0000000000000000 0000000000000000
0x000000016e622ad0:   0000000000000000 0000000000000000
0x000000016e622ae0:   0000000000000000 0000000000000000
0x000000016e622af0:   0000000000000000 0000000000000000
0x000000016e622b00:   0000000000000001 000000000000000f
0x000000016e622b10:   000000016e622d70 0000000000000001
0x000000016e622b20:   000000000000000a 0000000115b43c00 

Instructions: (pc=0x0000000115b44aac)
0x0000000115b449ac:   f9016b9f f901679f f9400788 b40000a8
0x0000000115b449bc:   d2801008 f2a2b668 f2c00028 d61f0100
0x0000000115b449cc:   a97be3b6 f9403191 d63f0220 f85e83ac
0x0000000115b449dc:   aa0003f3 b9402991 36180111 f9400591
0x0000000115b449ec:   f9400631 f9400e31 f9403a31 f9400231
0x0000000115b449fc:   f9000fb1 910063a1 f9402d8a d29c8b89
0x0000000115b44a0c:   f2a0bf29 f2c00029 f9400129 eb09015f
0x0000000115b44a1c:   54000361 aa0c03e1 f81b83b6 aa1c03e0
0x0000000115b44a2c:   10000128 f9016788 f9016394 f9016b9d
0x0000000115b44a3c:   a9bf33e8 d284f188 f2a0b768 f2c00028
0x0000000115b44a4c:   d63f0100 a8c133e8 10fffffe f901639f
0x0000000115b44a5c:   f9016b9f f901679f f9400788 b40000a8
0x0000000115b44a6c:   d2801008 f2a2b668 f2c00028 d61f0100
0x0000000115b44a7c:   a97be3b6 f85e83ac f9402d8a 910b8380
0x0000000115b44a8c:   10000108 f9016788 f9016394 f9016b9d
0x0000000115b44a9c:   b27e03e8 910dd389 889ffd28 d63f0140
0x0000000115b44aac:   f85e83ac d1008288 927ced1f fc1f0e80
0x0000000115b44abc:   f81f8e9f f81f8e80 d28000a8 910dd389
0x0000000115b44acc:   889ffd28 d5033bbf 910de388 c8dffd08
0x0000000115b44adc:   eb0803bf 54000068 b9437389 b4000169
0x0000000115b44aec:   aa1c03e0 d28eea09 f2a0c0c9 f2c00029
0x0000000115b44afc:   d63f0120 f85e83ac d296ed1b f2a0c5fb
0x0000000115b44b0c:   f2c0003b f940037b b27d03e8 910dd389
0x0000000115b44b1c:   889ffd28 f901639f f9016b9f f901679f
0x0000000115b44b2c:   f941ab91 f900823f 10ff0851 eb13023f
0x0000000115b44b3c:   540007c1 f8410680 b4000720 360006e0
0x0000000115b44b4c:   f85ff000 a9bf7bfd 910003fd 39410391
0x0000000115b44b5c:   340005f1 b40005c0 f9401791 b40000f1
0x0000000115b44b6c:   d1002231 f9001791 f9401f88 8b080231
0x0000000115b44b7c:   f9000220 14000026 a9b807e0 a9010fe2
0x0000000115b44b8c:   a90217e4 a9031fe6 a9042fea a90537ec
0x0000000115b44b9c:   a9063fee a90747f0 d10083ff b27bebe8 


Stack slot to memory mapping:
stack at sp + 0 slots: 0x0000000115b4488c is at code_begin+204 in an Interpreter codelet
method entry point (kind = native)  [0x0000000115b447c0, 0x0000000115b44ec8]  1800 bytes
stack at sp + 1 slots: {method} {0x000000015e507c70} '_submitForLaterInvocation' '(Ljava/lang/Runnable;)V' in 'com/sun/glass/ui/mac/MacApplication'
stack at sp + 2 slots: 0x000000016e622940 is pointing into the stack for thread: 0x000000012c84ce00
stack at sp + 3 slots: 0x0 is NULL
stack at sp + 4 slots: 0x000000016e6229b8 is pointing into the stack for thread: 0x000000012c84ce00
stack at sp + 5 slots: 0x000000015e529808 is pointing into metadata
stack at sp + 6 slots: 0x000000070f6e2148 is an oop: java.lang.Class 
{0x000000070f6e2148} - klass: 'java/lang/Class'
 - ---- fields (total size 15 words):
 - private volatile transient 'classRedefinedCount' 'I' @12  0
 - abstract internal 'klass' 'J' @16  34376712192 (1030000 8)
 - abstract internal 'array_klass' 'J' @24  0 (0 0)
 - abstract internal 'oop_size' 'I' @32  15 (f)
 - abstract internal 'static_oop_field_count' 'I' @36  0
 - private volatile transient 'cachedConstructor' 'Ljava/lang/reflect/Constructor;' @40  NULL (0)
 - private transient 'name' 'Ljava/lang/String;' @44  "com.sun.glass.ui.mac.MacApplication"{0x000000070f6e21d0} (e1edc43a)
 - private transient 'module' 'Ljava/lang/Module;' @48  a 'java/lang/Module'{0x000000070fa701b8} (e1f4e037)
 - private final 'classLoader' 'Ljava/lang/ClassLoader;' @52  a 'jdk/internal/loader/ClassLoaders$AppClassLoader'{0x000000070fe15bc0} (e1fc2b78)
 - private transient 'classData' 'Ljava/lang/Object;' @56  NULL (0)
 - private transient 'packageName' 'Ljava/lang/String;' @60  "com.sun.glass.ui.mac"{0x000000070f6c8f90} (e1ed91f2)
 - private final 'componentType' 'Ljava/lang/Class;' @64  NULL (0)
 - private volatile transient 'reflectionData' 'Ljava/lang/ref/SoftReference;' @68  NULL (0)
 - private volatile transient 'genericInfo' 'Lsun/reflect/generics/repository/ClassRepository;' @72  NULL (0)
 - private volatile transient 'enumConstants' '[Ljava/lang/Object;' @76  NULL (0)
 - private volatile transient 'enumConstantDirectory' 'Ljava/util/Map;' @80  NULL (0)
 - private volatile transient 'annotationData' 'Ljava/lang/Class$AnnotationData;' @84  NULL (0)
 - private volatile transient 'annotationType' 'Lsun/reflect/annotation/AnnotationType;' @88  NULL (0)
 - transient 'classValueMap' 'Ljava/lang/ClassValue$ClassValueMap;' @92  NULL (0)
 - abstract internal 'protection_domain' 'Ljava/lang/Object;' @96  a 'java/security/ProtectionDomain'{0x000000070fac7af0} (e1f58f5e)
 - abstract internal 'signers_name' 'Ljava/lang/Object;' @100  NULL (0)
 - abstract internal 'source_file' 'Ljava/lang/Object;' @104  NULL (0)
 - signature: Lcom/sun/glass/ui/mac/MacApplication;
 - ---- static fields (0):
 - static final 'BROWSER_PARENT_ID' 'J' @112  -1 (ffffffff ffffffff)
stack at sp + 7 slots: 0x0 is NULL

method entry point (kind = native)  [0x0000000115b447c0, 0x0000000115b44ec8]  1800 bytes
[MachCode]
  0x0000000115b447c0: 8205 40f9 | 4258 4079 | 986e 228b | 1823 00d1 | 9fee 7c92 | f4c3 01d1 | f603 1faa | f47f b9a9 
  0x0000000115b447e0: ff7f 06a9 | 8809 40f9 | 4800 00b4 | 08a1 0391 | e833 03a9 | 8a05 40f9 | 4a05 40f9 | 4a0d 40f9 
  0x0000000115b44800: 4a39 40f9 | 4a01 40f9 | ea7f 02a9 | 9a05 40f9 | 5a07 40f9 | 5a0b 40f9 | f86b 01a9 | fd7b 05a9 
  0x0000000115b44820: fd43 0191 | ff37 04a9 | e903 40b2 | 8987 0e39 | 8009 40f9 | 0001 00b4 | 08ac 40b9 | 0809 0091 
  0x0000000115b44840: 08ac 00b9 | 09c0 40b9 | 0801 09ea | c030 0054 | 2300 0014 | 890d 40f9 | 6903 00b5 | e103 0caa 
  0x0000000115b44860: b683 1bf8 | e003 1caa | 2801 0010 | 8867 01f9 | 9463 01f9 | 9d6b 01f9 | e833 bfa9 | 884f 82d2 
  0x0000000115b44880: 68b7 a0f2 | 2800 c0f2 | 0001 3fd6 | e833 c1a8 | feff ff10 | 9f63 01f9 | 9f6b 01f9 | 9f67 01f9 
  0x0000000115b448a0: 8807 40f9 | a800 00b4 | 0810 80d2 | 68b6 a2f2 | 2800 c0f2 | 0001 1fd6 | b6e3 7ba9 | 890d 40f9 
  0x0000000115b448c0: e900 00b4 | 2809 40b9 | 0809 0091 | 2809 00b9 | 2121 40b9 | 0801 01ea | 602c 0054 | 8807 42f9 
  0x0000000115b448e0: ff63 28eb | 0802 0054 | e913 40d1 | 3f01 00f9 | e923 40d1 | 3f01 00f9 | e933 40d1 | 3f01 00f9 
  0x0000000115b44900: e943 40d1 | 3f01 00f9 | e953 40d1 | 3f01 00f9 | 8803 42f9 | ff63 28eb | 6900 0054 | e803 0091 
  0x0000000115b44920: 8807 02f9 | 9f87 0e39 | a83f f8b0 | 08c9 7d39 | 2801 0034 | a183 5ef8 | e003 1caa | e833 bfa9 
  0x0000000115b44940: 886a 9dd2 | 28bf a0f2 | 2800 c0f2 | 0001 3fd6 | e833 c1a8 | 9105 40f9 | 315a 4079 | 886e 31cb 
  0x0000000115b44960: 1fed 7c92 | f403 08aa | 9131 40f9 | 5103 00b5 | e103 0caa | b683 1bf8 | e003 1caa | 2801 0010 
  0x0000000115b44980: 8867 01f9 | 9463 01f9 | 9d6b 01f9 | e833 bfa9 | 88f1 84d2 | 68b7 a0f2 | 2800 c0f2 | 0001 3fd6 
  0x0000000115b449a0: e833 c1a8 | feff ff10 | 9f63 01f9 | 9f6b 01f9 | 9f67 01f9 | 8807 40f9 | a800 00b4 | 0810 80d2 
  0x0000000115b449c0: 68b6 a2f2 | 2800 c0f2 | 0001 1fd6 | b6e3 7ba9 | 9131 40f9 | 2002 3fd6 | ac83 5ef8 | f303 00aa 
  0x0000000115b449e0: 9129 40b9 | 1101 1836 | 9105 40f9 | 3106 40f9 | 310e 40f9 | 313a 40f9 | 3102 40f9 | b10f 00f9 
  0x0000000115b44a00: a163 0091 | 8a2d 40f9 | 898b 9cd2 | 29bf a0f2 | 2900 c0f2 | 2901 40f9 | 5f01 09eb | 6103 0054 
  0x0000000115b44a20: e103 0caa | b683 1bf8 | e003 1caa | 2801 0010 | 8867 01f9 | 9463 01f9 | 9d6b 01f9 | e833 bfa9 
  0x0000000115b44a40: 88f1 84d2 | 68b7 a0f2 | 2800 c0f2 | 0001 3fd6 | e833 c1a8 | feff ff10 | 9f63 01f9 | 9f6b 01f9 
  0x0000000115b44a60: 9f67 01f9 | 8807 40f9 | a800 00b4 | 0810 80d2 | 68b6 a2f2 | 2800 c0f2 | 0001 1fd6 | b6e3 7ba9 
  0x0000000115b44a80: ac83 5ef8 | 8a2d 40f9 | 8083 0b91 | 0801 0010 | 8867 01f9 | 9463 01f9 | 9d6b 01f9 | e803 7eb2 
  0x0000000115b44aa0: 89d3 0d91 | 28fd 9f88 | 4001 3fd6 | ac83 5ef8 | 8882 00d1 | 1fed 7c92 | 800e 1ffc | 9f8e 1ff8 
  0x0000000115b44ac0: 808e 1ff8 | a800 80d2 | 89d3 0d91 | 28fd 9f88 | bf3b 03d5 | 88e3 0d91 | 08fd dfc8 | bf03 08eb 
  0x0000000115b44ae0: 6800 0054 | 8973 43b9 | 6901 00b4 | e003 1caa | 09ea 8ed2 | c9c0 a0f2 | 2900 c0f2 | 2001 3fd6 
  0x0000000115b44b00: ac83 5ef8 | 1bed 96d2 | fbc5 a0f2 | 3b00 c0f2 | 7b03 40f9 | e803 7db2 | 89d3 0d91 | 28fd 9f88 
  0x0000000115b44b20: 9f63 01f9 | 9f6b 01f9 | 9f67 01f9 | 91ab 41f9 | 3f82 00f9 | 5108 ff10 | 3f02 13eb | c107 0054 
  0x0000000115b44b40: 8006 41f8 | 2007 00b4 | e006 0036 | 00f0 5ff8 | fd7b bfa9 | fd03 0091 | 9103 4139 | f105 0034 
  0x0000000115b44b60: c005 00b4 | 9117 40f9 | f100 00b4 | 3122 00d1 | 9117 00f9 | 881f 40f9 | 3102 088b | 2002 00f9 
  0x0000000115b44b80: 2600 0014 | e007 b8a9 | e20f 01a9 | e417 02a9 | e61f 03a9 | ea2f 04a9 | ec37 05a9 | ee3f 06a9 
  0x0000000115b44ba0: f047 07a9 | ff83 00d1 | e8eb 7bb2 | fc2f 880c | f82f 880c | f42f 880c | f02f 880c | e42f 880c 
  0x0000000115b44bc0: e02f 000c | e103 1caa | e833 bfa9 | 084c 86d2 | 48b5 a0f2 | 2800 c0f2 | 0001 3fd6 | e833 c1a8 
  0x0000000115b44be0: e02f df0c | e42f df0c | f02f df0c | f42f df0c | f82f df0c | fc2f df0c | e20f 41a9 | e417 42a9 
  0x0000000115b44c00: e61f 43a9 | ea2f 44a9 | ec37 45a9 | ee3f 46a9 | f047 47a9 | e007 c8a8 | bf03 0091 | fd7b c1a8 
  0x0000000115b44c20: 0200 0014 | 0000 40f9 | a00f 00f9 | 9f8e 1ff8 | 808e 1ff8 | 88a3 0f91 | 0801 40b9 | 1f09 00f1 
  0x0000000115b44c40: 8104 0054 | e007 b8a9 | e20f 01a9 | e417 02a9 | e61f 03a9 | ea2f 04a9 | ec37 05a9 | ee3f 06a9 
  0x0000000115b44c60: f047 07a9 | ff83 00d1 | e8eb 7bb2 | fc2f 880c | f82f 880c | f42f 880c | f02f 880c | e42f 880c 
  0x0000000115b44c80: e02f 000c | e003 1caa | 89b8 81d2 | 49bf a0f2 | 2900 c0f2 | 2001 3fd6 | e02f df0c | e42f df0c 
  0x0000000115b44ca0: f02f df0c | f42f df0c | f82f df0c | fc2f df0c | e20f 41a9 | e417 42a9 | e61f 43a9 | ea2f 44a9 
  0x0000000115b44cc0: ec37 45a9 | ee3f 46a9 | f047 47a9 | e007 c8a8 | ac83 5ef8 | 9605 40f9 | d6e2 0091 | 8807 40f9 
  0x0000000115b44ce0: 6803 00b4 | b683 1bf8 | e003 1caa | 2801 0010 | 8867 01f9 | 9463 01f9 | 9d6b 01f9 | e833 bfa9 
  0x0000000115b44d00: 0829 9dd2 | 48b7 a0f2 | 2800 c0f2 | 0001 3fd6 | e833 c1a8 | feff ff10 | 9f63 01f9 | 9f6b 01f9 
  0x0000000115b44d20: 9f67 01f9 | 8807 40f9 | a800 00b4 | 0810 80d2 | 68b6 a2f2 | 2800 c0f2 | 0001 1fd6 | b6e3 7ba9 
  0x0000000115b44d40: c1d5 bbd4 | 3ba1 1706 | 0100 0000 | 9129 40b9 | 5106 2836 | a183 01d1 | 3104 40f9 | 7103 00b5 
  0x0000000115b44d60: b683 1bf8 | e003 1caa | 2801 0010 | 8867 01f9 | 9463 01f9 | 9d6b 01f9 | e833 bfa9 | 8838 9fd2 
  0x0000000115b44d80: 48b7 a0f2 | 2800 c0f2 | 0001 3fd6 | e833 c1a8 | feff ff10 | 9f63 01f9 | 9f6b 01f9 | 9f67 01f9 
  0x0000000115b44da0: 8807 40f9 | a800 00b4 | 0810 80d2 | 68b6 a2f2 | 2800 c0f2 | 0001 1fd6 | b6e3 7ba9 | c1d5 bbd4 
  0x0000000115b44dc0: 3ba1 1706 | 0100 0000 | b683 1bf8 | 2000 00d1 | 2304 40f9 | 3f04 00f9 | 0200 40f9 | c201 00b4 
  0x0000000115b44de0: e803 00aa | 62fc e0c8 | 1f01 00eb | 4001 0054 | bf3b 03d5 | 2304 00f9 | e003 01aa | e833 bfa9 
  0x0000000115b44e00: 8819 9fd2 | 48b7 a0f2 | 2800 c0f2 | 0001 3fd6 | e833 c1a8 | b683 5bf8 | a83f f8b0 | 08c9 7d39 
  0x0000000115b44e20: 2801 0034 | a183 5ef8 | e003 1caa | e833 bfa9 | 088b 9dd2 | 28bf a0f2 | 2800 c0f2 | 0001 3fd6 
  0x0000000115b44e40: e833 c1a8 | 8006 41f8 | 8006 41fc | 6002 3fd6 | b483 5ff8 | bf03 0091 | fd7b c1a8 | 9f02 0091 
  0x0000000115b44e60: c003 5fd6 | 0100 80d2 | b683 1bf8 | e003 1caa | 2801 0010 | 8867 01f9 | 9463 01f9 | 9d6b 01f9 
  0x0000000115b44e80: e833 bfa9 | 8877 81d2 | 68b7 a0f2 | 2800 c0f2 | 0001 3fd6 | e833 c1a8 | feff ff10 | 9f63 01f9 
  0x0000000115b44ea0: 9f6b 01f9 | 9f67 01f9 | 8807 40f9 | a800 00b4 | 0810 80d2 | 68b6 a2f2 | 2800 c0f2 | 0001 1fd6 
  0x0000000115b44ec0: b6e3 7ba9 | 86fe ff17 
[/MachCode]

---------------  P R O C E S S  ---------------

Threads class SMR info:
_java_thread_list=0x0000600003801a00, length=15, elements={
0x000000015d008c00, 0x000000015d039200, 0x000000015d037c00, 0x000000015d034600,
0x000000015d81ec00, 0x000000015d81f200, 0x000000015d80b000, 0x000000015d80b600,
0x000000015d80bc00, 0x000000012c08e400, 0x000000015d035a00, 0x000000015d036000,
0x000000015c00c800, 0x000000012c84ce00, 0x000000015c0b1200
}

Java Threads: ( => current thread )
  0x000000015d008c00 JavaThread "main" [_thread_blocked, id=5635, stack(0x000000016ba18000,0x000000016bc1b000)]
  0x000000015d039200 JavaThread "Reference Handler" daemon [_thread_blocked, id=43011, stack(0x000000016c984000,0x000000016cb87000)]
  0x000000015d037c00 JavaThread "Finalizer" daemon [_thread_blocked, id=42755, stack(0x000000016cb90000,0x000000016cd93000)]
  0x000000015d034600 JavaThread "Signal Dispatcher" daemon [_thread_blocked, id=42243, stack(0x000000016cd9c000,0x000000016cf9f000)]
  0x000000015d81ec00 JavaThread "Service Thread" daemon [_thread_blocked, id=22531, stack(0x000000016cfa8000,0x000000016d1ab000)]
  0x000000015d81f200 JavaThread "Monitor Deflation Thread" daemon [_thread_blocked, id=41731, stack(0x000000016d1b4000,0x000000016d3b7000)]
  0x000000015d80b000 JavaThread "C2 CompilerThread0" daemon [_thread_blocked, id=23299, stack(0x000000016d3c0000,0x000000016d5c3000)]
  0x000000015d80b600 JavaThread "C1 CompilerThread0" daemon [_thread_in_native, id=23811, stack(0x000000016d5cc000,0x000000016d7cf000)]
  0x000000015d80bc00 JavaThread "Sweeper thread" daemon [_thread_blocked, id=24323, stack(0x000000016d7d8000,0x000000016d9db000)]
  0x000000012c08e400 JavaThread "Common-Cleaner" daemon [_thread_blocked, id=24579, stack(0x000000016d9e4000,0x000000016dbe7000)]
  0x000000015d035a00 JavaThread "Monitor Ctrl-Break" daemon [_thread_in_native, id=41219, stack(0x000000016dbf0000,0x000000016ddf3000)]
  0x000000015d036000 JavaThread "Notification Thread" daemon [_thread_blocked, id=25091, stack(0x000000016ddfc000,0x000000016dfff000)]
  0x000000015c00c800 JavaThread "QuantumRenderer-0" daemon [_thread_blocked, id=25859, stack(0x000000016e214000,0x000000016e417000)]
=>0x000000012c84ce00 JavaThread "InvokeLaterDispatcher" daemon [_thread_in_native, id=36363, stack(0x000000016e420000,0x000000016e623000)]
  0x000000015c0b1200 JavaThread "JavaFX Application Thread" [_thread_in_Java, id=259, stack(0x000000016b190000,0x000000016b98c000)]

Other Threads:
  0x000000014be0b550 VMThread "VM Thread" [stack: 0x000000016c660000,0x000000016c863000] [id=15107]
  0x000000015c80e920 WatcherThread "VM Periodic Task Thread" [stack: 0x000000016e008000,0x000000016e20b000] [id=25603]
  0x000000015c806ff0 WorkerThread "GC Thread#0" [stack: 0x000000016bc24000,0x000000016be27000] [id=12547]
  0x000000014be04a20 ConcurrentGCThread "G1 Main Marker" [stack: 0x000000016be30000,0x000000016c033000] [id=19971]
  0x000000014be050f0 WorkerThread "G1 Conc#0" [stack: 0x000000016c03c000,0x000000016c23f000] [id=19459]
  0x000000014be06f80 ConcurrentGCThread "G1 Refine#0" [stack: 0x000000016c248000,0x000000016c44b000] [id=18947]
  0x000000014be078b0 ConcurrentGCThread "G1 Service" [stack: 0x000000016c454000,0x000000016c657000] [id=13827]

Threads with active compile tasks:
C1 CompilerThread0      272  769   !   3       java.lang.ClassLoader::addClass (27 bytes)

VM state: not at safepoint (normal execution)

VM Mutex/Monitor currently owned by a thread: None

Heap address: 0x0000000700000000, size: 4096 MB, Compressed Oops mode: Zero based, Oop shift amount: 3

CDS archive(s) mapped at: [0x0000000800000000-0x0000000800c44000-0x0000000800c44000), size 12861440, SharedBaseAddress: 0x0000000800000000, ArchiveRelocationMode: 0.
Compressed class space mapped at: 0x0000000801000000-0x0000000841000000, reserved size: 1073741824
Narrow klass base: 0x0000000800000000, Narrow klass shift: 0, Narrow klass range: 0x100000000

GC Precious Log:
 CardTable entry size: 512
 Card Set container configuration: InlinePtr #cards 4 size 8 Array Of Cards #cards 16 size 48 Howl #buckets 8 coarsen threshold 3686 Howl Bitmap #cards 512 size 80 coarsen threshold 460 Card regions per heap region 1 cards per card region 4096
 CPUs: 8 total, 8 available
 Memory: 16384M
 Large Page Support: Disabled
 NUMA Support: Disabled
 Compressed Oops: Enabled (Zero based)
 Heap Region Size: 2M
 Heap Min Capacity: 8M
 Heap Initial Capacity: 256M
 Heap Max Capacity: 4G
 Pre-touch: Disabled
 Parallel Workers: 8
 Concurrent Workers: 2
 Concurrent Refinement Workers: 8
 Periodic GC: Disabled

Heap:
 garbage-first heap   total 266240K, used 16352K [0x0000000700000000, 0x0000000800000000)
  region size 2048K, 8 young (16384K), 0 survivors (0K)
 Metaspace       used 4078K, committed 4288K, reserved 1114112K
  class space    used 422K, committed 512K, reserved 1048576K

Heap Regions: E=young(eden), S=young(survivor), O=old, HS=humongous(starts), HC=humongous(continues), CS=collection set, F=free, OA=open archive, CA=closed archive, TAMS=top-at-mark-start (previous, next)
|   0|0x0000000700000000, 0x0000000700000000, 0x0000000700200000|  0%| F|  |TAMS 0x0000000700000000, 0x0000000700000000| Untracked 
|   1|0x0000000700200000, 0x0000000700200000, 0x0000000700400000|  0%| F|  |TAMS 0x0000000700200000, 0x0000000700200000| Untracked 
|   2|0x0000000700400000, 0x0000000700400000, 0x0000000700600000|  0%| F|  |TAMS 0x0000000700400000, 0x0000000700400000| Untracked 
|   3|0x0000000700600000, 0x0000000700600000, 0x0000000700800000|  0%| F|  |TAMS 0x0000000700600000, 0x0000000700600000| Untracked 
|   4|0x0000000700800000, 0x0000000700800000, 0x0000000700a00000|  0%| F|  |TAMS 0x0000000700800000, 0x0000000700800000| Untracked 
|   5|0x0000000700a00000, 0x0000000700a00000, 0x0000000700c00000|  0%| F|  |TAMS 0x0000000700a00000, 0x0000000700a00000| Untracked 
|   6|0x0000000700c00000, 0x0000000700c00000, 0x0000000700e00000|  0%| F|  |TAMS 0x0000000700c00000, 0x0000000700c00000| Untracked 
|   7|0x0000000700e00000, 0x0000000700e00000, 0x0000000701000000|  0%| F|  |TAMS 0x0000000700e00000, 0x0000000700e00000| Untracked 
|   8|0x0000000701000000, 0x0000000701000000, 0x0000000701200000|  0%| F|  |TAMS 0x0000000701000000, 0x0000000701000000| Untracked 
|   9|0x0000000701200000, 0x0000000701200000, 0x0000000701400000|  0%| F|  |TAMS 0x0000000701200000, 0x0000000701200000| Untracked 
|  10|0x0000000701400000, 0x0000000701400000, 0x0000000701600000|  0%| F|  |TAMS 0x0000000701400000, 0x0000000701400000| Untracked 
|  11|0x0000000701600000, 0x0000000701600000, 0x0000000701800000|  0%| F|  |TAMS 0x0000000701600000, 0x0000000701600000| Untracked 
|  12|0x0000000701800000, 0x0000000701800000, 0x0000000701a00000|  0%| F|  |TAMS 0x0000000701800000, 0x0000000701800000| Untracked 
|  13|0x0000000701a00000, 0x0000000701a00000, 0x0000000701c00000|  0%| F|  |TAMS 0x0000000701a00000, 0x0000000701a00000| Untracked 
|  14|0x0000000701c00000, 0x0000000701c00000, 0x0000000701e00000|  0%| F|  |TAMS 0x0000000701c00000, 0x0000000701c00000| Untracked 
|  15|0x0000000701e00000, 0x0000000701e00000, 0x0000000702000000|  0%| F|  |TAMS 0x0000000701e00000, 0x0000000701e00000| Untracked 
|  16|0x0000000702000000, 0x0000000702000000, 0x0000000702200000|  0%| F|  |TAMS 0x0000000702000000, 0x0000000702000000| Untracked 
|  17|0x0000000702200000, 0x0000000702200000, 0x0000000702400000|  0%| F|  |TAMS 0x0000000702200000, 0x0000000702200000| Untracked 
|  18|0x0000000702400000, 0x0000000702400000, 0x0000000702600000|  0%| F|  |TAMS 0x0000000702400000, 0x0000000702400000| Untracked 
|  19|0x0000000702600000, 0x0000000702600000, 0x0000000702800000|  0%| F|  |TAMS 0x0000000702600000, 0x0000000702600000| Untracked 
|  20|0x0000000702800000, 0x0000000702800000, 0x0000000702a00000|  0%| F|  |TAMS 0x0000000702800000, 0x0000000702800000| Untracked 
|  21|0x0000000702a00000, 0x0000000702a00000, 0x0000000702c00000|  0%| F|  |TAMS 0x0000000702a00000, 0x0000000702a00000| Untracked 
|  22|0x0000000702c00000, 0x0000000702c00000, 0x0000000702e00000|  0%| F|  |TAMS 0x0000000702c00000, 0x0000000702c00000| Untracked 
|  23|0x0000000702e00000, 0x0000000702e00000, 0x0000000703000000|  0%| F|  |TAMS 0x0000000702e00000, 0x0000000702e00000| Untracked 
|  24|0x0000000703000000, 0x0000000703000000, 0x0000000703200000|  0%| F|  |TAMS 0x0000000703000000, 0x0000000703000000| Untracked 
|  25|0x0000000703200000, 0x0000000703200000, 0x0000000703400000|  0%| F|  |TAMS 0x0000000703200000, 0x0000000703200000| Untracked 
|  26|0x0000000703400000, 0x0000000703400000, 0x0000000703600000|  0%| F|  |TAMS 0x0000000703400000, 0x0000000703400000| Untracked 
|  27|0x0000000703600000, 0x0000000703600000, 0x0000000703800000|  0%| F|  |TAMS 0x0000000703600000, 0x0000000703600000| Untracked 
|  28|0x0000000703800000, 0x0000000703800000, 0x0000000703a00000|  0%| F|  |TAMS 0x0000000703800000, 0x0000000703800000| Untracked 
|  29|0x0000000703a00000, 0x0000000703a00000, 0x0000000703c00000|  0%| F|  |TAMS 0x0000000703a00000, 0x0000000703a00000| Untracked 
|  30|0x0000000703c00000, 0x0000000703c00000, 0x0000000703e00000|  0%| F|  |TAMS 0x0000000703c00000, 0x0000000703c00000| Untracked 
|  31|0x0000000703e00000, 0x0000000703e00000, 0x0000000704000000|  0%| F|  |TAMS 0x0000000703e00000, 0x0000000703e00000| Untracked 
|  32|0x0000000704000000, 0x0000000704000000, 0x0000000704200000|  0%| F|  |TAMS 0x0000000704000000, 0x0000000704000000| Untracked 
|  33|0x0000000704200000, 0x0000000704200000, 0x0000000704400000|  0%| F|  |TAMS 0x0000000704200000, 0x0000000704200000| Untracked 
|  34|0x0000000704400000, 0x0000000704400000, 0x0000000704600000|  0%| F|  |TAMS 0x0000000704400000, 0x0000000704400000| Untracked 
|  35|0x0000000704600000, 0x0000000704600000, 0x0000000704800000|  0%| F|  |TAMS 0x0000000704600000, 0x0000000704600000| Untracked 
|  36|0x0000000704800000, 0x0000000704800000, 0x0000000704a00000|  0%| F|  |TAMS 0x0000000704800000, 0x0000000704800000| Untracked 
|  37|0x0000000704a00000, 0x0000000704a00000, 0x0000000704c00000|  0%| F|  |TAMS 0x0000000704a00000, 0x0000000704a00000| Untracked 
|  38|0x0000000704c00000, 0x0000000704c00000, 0x0000000704e00000|  0%| F|  |TAMS 0x0000000704c00000, 0x0000000704c00000| Untracked 
|  39|0x0000000704e00000, 0x0000000704e00000, 0x0000000705000000|  0%| F|  |TAMS 0x0000000704e00000, 0x0000000704e00000| Untracked 
|  40|0x0000000705000000, 0x0000000705000000, 0x0000000705200000|  0%| F|  |TAMS 0x0000000705000000, 0x0000000705000000| Untracked 
|  41|0x0000000705200000, 0x0000000705200000, 0x0000000705400000|  0%| F|  |TAMS 0x0000000705200000, 0x0000000705200000| Untracked 
|  42|0x0000000705400000, 0x0000000705400000, 0x0000000705600000|  0%| F|  |TAMS 0x0000000705400000, 0x0000000705400000| Untracked 
|  43|0x0000000705600000, 0x0000000705600000, 0x0000000705800000|  0%| F|  |TAMS 0x0000000705600000, 0x0000000705600000| Untracked 
|  44|0x0000000705800000, 0x0000000705800000, 0x0000000705a00000|  0%| F|  |TAMS 0x0000000705800000, 0x0000000705800000| Untracked 
|  45|0x0000000705a00000, 0x0000000705a00000, 0x0000000705c00000|  0%| F|  |TAMS 0x0000000705a00000, 0x0000000705a00000| Untracked 
|  46|0x0000000705c00000, 0x0000000705c00000, 0x0000000705e00000|  0%| F|  |TAMS 0x0000000705c00000, 0x0000000705c00000| Untracked 
|  47|0x0000000705e00000, 0x0000000705e00000, 0x0000000706000000|  0%| F|  |TAMS 0x0000000705e00000, 0x0000000705e00000| Untracked 
|  48|0x0000000706000000, 0x0000000706000000, 0x0000000706200000|  0%| F|  |TAMS 0x0000000706000000, 0x0000000706000000| Untracked 
|  49|0x0000000706200000, 0x0000000706200000, 0x0000000706400000|  0%| F|  |TAMS 0x0000000706200000, 0x0000000706200000| Untracked 
|  50|0x0000000706400000, 0x0000000706400000, 0x0000000706600000|  0%| F|  |TAMS 0x0000000706400000, 0x0000000706400000| Untracked 
|  51|0x0000000706600000, 0x0000000706600000, 0x0000000706800000|  0%| F|  |TAMS 0x0000000706600000, 0x0000000706600000| Untracked 
|  52|0x0000000706800000, 0x0000000706800000, 0x0000000706a00000|  0%| F|  |TAMS 0x0000000706800000, 0x0000000706800000| Untracked 
|  53|0x0000000706a00000, 0x0000000706a00000, 0x0000000706c00000|  0%| F|  |TAMS 0x0000000706a00000, 0x0000000706a00000| Untracked 
|  54|0x0000000706c00000, 0x0000000706c00000, 0x0000000706e00000|  0%| F|  |TAMS 0x0000000706c00000, 0x0000000706c00000| Untracked 
|  55|0x0000000706e00000, 0x0000000706e00000, 0x0000000707000000|  0%| F|  |TAMS 0x0000000706e00000, 0x0000000706e00000| Untracked 
|  56|0x0000000707000000, 0x0000000707000000, 0x0000000707200000|  0%| F|  |TAMS 0x0000000707000000, 0x0000000707000000| Untracked 
|  57|0x0000000707200000, 0x0000000707200000, 0x0000000707400000|  0%| F|  |TAMS 0x0000000707200000, 0x0000000707200000| Untracked 
|  58|0x0000000707400000, 0x0000000707400000, 0x0000000707600000|  0%| F|  |TAMS 0x0000000707400000, 0x0000000707400000| Untracked 
|  59|0x0000000707600000, 0x0000000707600000, 0x0000000707800000|  0%| F|  |TAMS 0x0000000707600000, 0x0000000707600000| Untracked 
|  60|0x0000000707800000, 0x0000000707800000, 0x0000000707a00000|  0%| F|  |TAMS 0x0000000707800000, 0x0000000707800000| Untracked 
|  61|0x0000000707a00000, 0x0000000707a00000, 0x0000000707c00000|  0%| F|  |TAMS 0x0000000707a00000, 0x0000000707a00000| Untracked 
|  62|0x0000000707c00000, 0x0000000707c00000, 0x0000000707e00000|  0%| F|  |TAMS 0x0000000707c00000, 0x0000000707c00000| Untracked 
|  63|0x0000000707e00000, 0x0000000707e00000, 0x0000000708000000|  0%| F|  |TAMS 0x0000000707e00000, 0x0000000707e00000| Untracked 
|  64|0x0000000708000000, 0x0000000708000000, 0x0000000708200000|  0%| F|  |TAMS 0x0000000708000000, 0x0000000708000000| Untracked 
|  65|0x0000000708200000, 0x0000000708200000, 0x0000000708400000|  0%| F|  |TAMS 0x0000000708200000, 0x0000000708200000| Untracked 
|  66|0x0000000708400000, 0x0000000708400000, 0x0000000708600000|  0%| F|  |TAMS 0x0000000708400000, 0x0000000708400000| Untracked 
|  67|0x0000000708600000, 0x0000000708600000, 0x0000000708800000|  0%| F|  |TAMS 0x0000000708600000, 0x0000000708600000| Untracked 
|  68|0x0000000708800000, 0x0000000708800000, 0x0000000708a00000|  0%| F|  |TAMS 0x0000000708800000, 0x0000000708800000| Untracked 
|  69|0x0000000708a00000, 0x0000000708a00000, 0x0000000708c00000|  0%| F|  |TAMS 0x0000000708a00000, 0x0000000708a00000| Untracked 
|  70|0x0000000708c00000, 0x0000000708c00000, 0x0000000708e00000|  0%| F|  |TAMS 0x0000000708c00000, 0x0000000708c00000| Untracked 
|  71|0x0000000708e00000, 0x0000000708e00000, 0x0000000709000000|  0%| F|  |TAMS 0x0000000708e00000, 0x0000000708e00000| Untracked 
|  72|0x0000000709000000, 0x0000000709000000, 0x0000000709200000|  0%| F|  |TAMS 0x0000000709000000, 0x0000000709000000| Untracked 
|  73|0x0000000709200000, 0x0000000709200000, 0x0000000709400000|  0%| F|  |TAMS 0x0000000709200000, 0x0000000709200000| Untracked 
|  74|0x0000000709400000, 0x0000000709400000, 0x0000000709600000|  0%| F|  |TAMS 0x0000000709400000, 0x0000000709400000| Untracked 
|  75|0x0000000709600000, 0x0000000709600000, 0x0000000709800000|  0%| F|  |TAMS 0x0000000709600000, 0x0000000709600000| Untracked 
|  76|0x0000000709800000, 0x0000000709800000, 0x0000000709a00000|  0%| F|  |TAMS 0x0000000709800000, 0x0000000709800000| Untracked 
|  77|0x0000000709a00000, 0x0000000709a00000, 0x0000000709c00000|  0%| F|  |TAMS 0x0000000709a00000, 0x0000000709a00000| Untracked 
|  78|0x0000000709c00000, 0x0000000709c00000, 0x0000000709e00000|  0%| F|  |TAMS 0x0000000709c00000, 0x0000000709c00000| Untracked 
|  79|0x0000000709e00000, 0x0000000709e00000, 0x000000070a000000|  0%| F|  |TAMS 0x0000000709e00000, 0x0000000709e00000| Untracked 
|  80|0x000000070a000000, 0x000000070a000000, 0x000000070a200000|  0%| F|  |TAMS 0x000000070a000000, 0x000000070a000000| Untracked 
|  81|0x000000070a200000, 0x000000070a200000, 0x000000070a400000|  0%| F|  |TAMS 0x000000070a200000, 0x000000070a200000| Untracked 
|  82|0x000000070a400000, 0x000000070a400000, 0x000000070a600000|  0%| F|  |TAMS 0x000000070a400000, 0x000000070a400000| Untracked 
|  83|0x000000070a600000, 0x000000070a600000, 0x000000070a800000|  0%| F|  |TAMS 0x000000070a600000, 0x000000070a600000| Untracked 
|  84|0x000000070a800000, 0x000000070a800000, 0x000000070aa00000|  0%| F|  |TAMS 0x000000070a800000, 0x000000070a800000| Untracked 
|  85|0x000000070aa00000, 0x000000070aa00000, 0x000000070ac00000|  0%| F|  |TAMS 0x000000070aa00000, 0x000000070aa00000| Untracked 
|  86|0x000000070ac00000, 0x000000070ac00000, 0x000000070ae00000|  0%| F|  |TAMS 0x000000070ac00000, 0x000000070ac00000| Untracked 
|  87|0x000000070ae00000, 0x000000070ae00000, 0x000000070b000000|  0%| F|  |TAMS 0x000000070ae00000, 0x000000070ae00000| Untracked 
|  88|0x000000070b000000, 0x000000070b000000, 0x000000070b200000|  0%| F|  |TAMS 0x000000070b000000, 0x000000070b000000| Untracked 
|  89|0x000000070b200000, 0x000000070b200000, 0x000000070b400000|  0%| F|  |TAMS 0x000000070b200000, 0x000000070b200000| Untracked 
|  90|0x000000070b400000, 0x000000070b400000, 0x000000070b600000|  0%| F|  |TAMS 0x000000070b400000, 0x000000070b400000| Untracked 
|  91|0x000000070b600000, 0x000000070b600000, 0x000000070b800000|  0%| F|  |TAMS 0x000000070b600000, 0x000000070b600000| Untracked 
|  92|0x000000070b800000, 0x000000070b800000, 0x000000070ba00000|  0%| F|  |TAMS 0x000000070b800000, 0x000000070b800000| Untracked 
|  93|0x000000070ba00000, 0x000000070ba00000, 0x000000070bc00000|  0%| F|  |TAMS 0x000000070ba00000, 0x000000070ba00000| Untracked 
|  94|0x000000070bc00000, 0x000000070bc00000, 0x000000070be00000|  0%| F|  |TAMS 0x000000070bc00000, 0x000000070bc00000| Untracked 
|  95|0x000000070be00000, 0x000000070be00000, 0x000000070c000000|  0%| F|  |TAMS 0x000000070be00000, 0x000000070be00000| Untracked 
|  96|0x000000070c000000, 0x000000070c000000, 0x000000070c200000|  0%| F|  |TAMS 0x000000070c000000, 0x000000070c000000| Untracked 
|  97|0x000000070c200000, 0x000000070c200000, 0x000000070c400000|  0%| F|  |TAMS 0x000000070c200000, 0x000000070c200000| Untracked 
|  98|0x000000070c400000, 0x000000070c400000, 0x000000070c600000|  0%| F|  |TAMS 0x000000070c400000, 0x000000070c400000| Untracked 
|  99|0x000000070c600000, 0x000000070c600000, 0x000000070c800000|  0%| F|  |TAMS 0x000000070c600000, 0x000000070c600000| Untracked 
| 100|0x000000070c800000, 0x000000070c800000, 0x000000070ca00000|  0%| F|  |TAMS 0x000000070c800000, 0x000000070c800000| Untracked 
| 101|0x000000070ca00000, 0x000000070ca00000, 0x000000070cc00000|  0%| F|  |TAMS 0x000000070ca00000, 0x000000070ca00000| Untracked 
| 102|0x000000070cc00000, 0x000000070cc00000, 0x000000070ce00000|  0%| F|  |TAMS 0x000000070cc00000, 0x000000070cc00000| Untracked 
| 103|0x000000070ce00000, 0x000000070ce00000, 0x000000070d000000|  0%| F|  |TAMS 0x000000070ce00000, 0x000000070ce00000| Untracked 
| 104|0x000000070d000000, 0x000000070d000000, 0x000000070d200000|  0%| F|  |TAMS 0x000000070d000000, 0x000000070d000000| Untracked 
| 105|0x000000070d200000, 0x000000070d200000, 0x000000070d400000|  0%| F|  |TAMS 0x000000070d200000, 0x000000070d200000| Untracked 
| 106|0x000000070d400000, 0x000000070d400000, 0x000000070d600000|  0%| F|  |TAMS 0x000000070d400000, 0x000000070d400000| Untracked 
| 107|0x000000070d600000, 0x000000070d600000, 0x000000070d800000|  0%| F|  |TAMS 0x000000070d600000, 0x000000070d600000| Untracked 
| 108|0x000000070d800000, 0x000000070d800000, 0x000000070da00000|  0%| F|  |TAMS 0x000000070d800000, 0x000000070d800000| Untracked 
| 109|0x000000070da00000, 0x000000070da00000, 0x000000070dc00000|  0%| F|  |TAMS 0x000000070da00000, 0x000000070da00000| Untracked 
| 110|0x000000070dc00000, 0x000000070dc00000, 0x000000070de00000|  0%| F|  |TAMS 0x000000070dc00000, 0x000000070dc00000| Untracked 
| 111|0x000000070de00000, 0x000000070de00000, 0x000000070e000000|  0%| F|  |TAMS 0x000000070de00000, 0x000000070de00000| Untracked 
| 112|0x000000070e000000, 0x000000070e000000, 0x000000070e200000|  0%| F|  |TAMS 0x000000070e000000, 0x000000070e000000| Untracked 
| 113|0x000000070e200000, 0x000000070e200000, 0x000000070e400000|  0%| F|  |TAMS 0x000000070e200000, 0x000000070e200000| Untracked 
| 114|0x000000070e400000, 0x000000070e400000, 0x000000070e600000|  0%| F|  |TAMS 0x000000070e400000, 0x000000070e400000| Untracked 
| 115|0x000000070e600000, 0x000000070e600000, 0x000000070e800000|  0%| F|  |TAMS 0x000000070e600000, 0x000000070e600000| Untracked 
| 116|0x000000070e800000, 0x000000070e800000, 0x000000070ea00000|  0%| F|  |TAMS 0x000000070e800000, 0x000000070e800000| Untracked 
| 117|0x000000070ea00000, 0x000000070ea00000, 0x000000070ec00000|  0%| F|  |TAMS 0x000000070ea00000, 0x000000070ea00000| Untracked 
| 118|0x000000070ec00000, 0x000000070ec00000, 0x000000070ee00000|  0%| F|  |TAMS 0x000000070ec00000, 0x000000070ec00000| Untracked 
| 119|0x000000070ee00000, 0x000000070ee00000, 0x000000070f000000|  0%| F|  |TAMS 0x000000070ee00000, 0x000000070ee00000| Untracked 
| 120|0x000000070f000000, 0x000000070f072a78, 0x000000070f200000| 22%| E|  |TAMS 0x000000070f000000, 0x000000070f000000| Complete 
| 121|0x000000070f200000, 0x000000070f400000, 0x000000070f400000|100%| E|CS|TAMS 0x000000070f200000, 0x000000070f200000| Complete 
| 122|0x000000070f400000, 0x000000070f600000, 0x000000070f600000|100%| E|CS|TAMS 0x000000070f400000, 0x000000070f400000| Complete 
| 123|0x000000070f600000, 0x000000070f800000, 0x000000070f800000|100%| E|CS|TAMS 0x000000070f600000, 0x000000070f600000| Complete 
| 124|0x000000070f800000, 0x000000070fa00000, 0x000000070fa00000|100%| E|CS|TAMS 0x000000070f800000, 0x000000070f800000| Complete 
| 125|0x000000070fa00000, 0x000000070fc00000, 0x000000070fc00000|100%| E|CS|TAMS 0x000000070fa00000, 0x000000070fa00000| Complete 
| 126|0x000000070fc00000, 0x000000070fe00000, 0x000000070fe00000|100%| E|CS|TAMS 0x000000070fc00000, 0x000000070fc00000| Complete 
| 127|0x000000070fe00000, 0x0000000710000000, 0x0000000710000000|100%| E|CS|TAMS 0x000000070fe00000, 0x000000070fe00000| Complete 
|2046|0x00000007ffc00000, 0x00000007ffd78000, 0x00000007ffe00000| 73%|OA|  |TAMS 0x00000007ffc00000, 0x00000007ffc00000| Untracked 
|2047|0x00000007ffe00000, 0x00000007ffe80000, 0x0000000800000000| 25%|CA|  |TAMS 0x00000007ffe00000, 0x00000007ffe00000| Untracked 

Card table byte_map: [0x000000011d5fc000,0x000000011ddfc000] _byte_map_base: 0x0000000119dfc000

Marking Bits (Prev, Next): (CMBitMap*) 0x000000012c008210, (CMBitMap*) 0x000000012c008250
 Prev Bits: [0x000000011e5fc000, 0x00000001225fc000)
 Next Bits: [0x00000001225fc000, 0x00000001265fc000)

Polling page: 0x00000001046b4000

Metaspace:

Usage:
  Non-class:      3.62 MB used.
      Class:    430.98 KB used.
       Both:      4.04 MB used.

Virtual space:
  Non-class space:       64.00 MB reserved,       3.75 MB (  6%) committed,  1 nodes.
      Class space:        1.00 GB reserved,     512.00 KB ( <1%) committed,  1 nodes.
             Both:        1.06 GB reserved,       4.25 MB ( <1%) committed. 

Chunk freelists:
   Non-Class:  2.29 MB
       Class:  3.48 MB
        Both:  5.77 MB

MaxMetaspaceSize: unlimited
CompressedClassSpaceSize: 1.00 GB
Initial GC threshold: 21.00 MB
Current GC threshold: 21.00 MB
CDS: on
MetaspaceReclaimPolicy: balanced
 - commit_granule_bytes: 65536.
 - commit_granule_words: 8192.
 - virtual_space_node_default_size: 8388608.
 - enlarge_chunks_in_place: 1.
 - new_chunks_are_fully_committed: 0.
 - uncommit_free_chunks: 1.
 - use_allocation_guard: 0.


Internal statistics:

num_allocs_failed_limit: 0.
num_arena_births: 120.
num_arena_deaths: 0.
num_vsnodes_births: 2.
num_vsnodes_deaths: 0.
num_space_committed: 68.
num_space_uncommitted: 0.
num_chunks_returned_to_freelist: 0.
num_chunks_taken_from_freelist: 211.
num_chunk_merges: 0.
num_chunk_splits: 145.
num_chunks_enlarged: 106.
num_inconsistent_stats: 0.

CodeHeap 'non-profiled nmethods': size=120032Kb used=236Kb max_used=236Kb free=119795Kb
 bounds [0x00000001160c4000, 0x0000000116334000, 0x000000011d5fc000]
CodeHeap 'profiled nmethods': size=120016Kb used=1218Kb max_used=1218Kb free=118797Kb
 bounds [0x000000010e5fc000, 0x000000010e86c000, 0x0000000115b30000]
CodeHeap 'non-nmethods': size=5712Kb used=1241Kb max_used=1256Kb free=4470Kb
 bounds [0x0000000115b30000, 0x0000000115da0000, 0x00000001160c4000]
 total_blobs=1277 nmethods=756 adapters=436
 compilation: enabled
              stopped_count=0, restarted_count=0
 full_count=0

Compilation events (20 events):
Event: 0.170 Thread 0x000000015d80b000 nmethod 716 0x00000001160fb310 code [0x00000001160fb4c0, 0x00000001160fb5d0]
Event: 0.170 Thread 0x000000015d80b000  717       4       sun.security.provider.MD5::implCompress0 (1407 bytes)
Event: 0.170 Thread 0x000000015d80b600 nmethod 718 0x000000010e70e490 code [0x000000010e70e640, 0x000000010e70e908]
Event: 0.172 Thread 0x000000015d80b600  719       3       java.io.FilterInputStream::read (9 bytes)
Event: 0.172 Thread 0x000000015d80b600 nmethod 719 0x000000010e70ea10 code [0x000000010e70ebc0, 0x000000010e70edc8]
Event: 0.172 Thread 0x000000015d80b600  720       3       java.security.DigestInputStream::read (39 bytes)
Event: 0.172 Thread 0x000000015d80b600 nmethod 720 0x000000010e70ee90 code [0x000000010e70f080, 0x000000010e70f3f8]
Event: 0.172 Thread 0x000000015d80b600  721       3       java.security.MessageDigest::update (45 bytes)
Event: 0.172 Thread 0x000000015d80b600 nmethod 721 0x000000010e70f590 code [0x000000010e70f780, 0x000000010e70fc28]
Event: 0.173 Thread 0x000000015d80b600  722       3       java.lang.ref.SoftReference::get (29 bytes)
Event: 0.174 Thread 0x000000015d80b600 nmethod 722 0x000000010e70fe10 code [0x000000010e70ffc0, 0x000000010e710198]
Event: 0.174 Thread 0x000000015d80b600  723       3       java.lang.invoke.MethodHandles$Lookup::<init> (84 bytes)
Event: 0.174 Thread 0x000000015d80b600 nmethod 723 0x000000010e710210 code [0x000000010e7103c0, 0x000000010e710618]
Event: 0.174 Thread 0x000000015d80b600  724       1       java.lang.invoke.InfoFromMemberName::getReferenceKind (5 bytes)
Event: 0.174 Thread 0x000000015d80b600 nmethod 724 0x00000001160fb710 code [0x00000001160fb8c0, 0x00000001160fb958]
Event: 0.176 Thread 0x000000015d80b000 nmethod 717 0x00000001160fba10 code [0x00000001160fbbc0, 0x00000001160fc930]
Event: 0.206 Thread 0x000000015d80b600  725       3       jdk.internal.org.objectweb.asm.SymbolTable::addConstantNameAndType (137 bytes)
Event: 0.206 Thread 0x000000015d80b600 nmethod 725 0x000000010e710710 code [0x000000010e7109c0, 0x000000010e711148]
Event: 0.206 Thread 0x000000015d80b600  726       3       jdk.internal.org.objectweb.asm.SymbolTable$Entry::<init> (20 bytes)
Event: 0.207 Thread 0x000000015d80b600 nmethod 726 0x000000010e711590 code [0x000000010e711740, 0x000000010e7118c8]

GC Heap History (0 events):
No events

Dll operation events (10 events):
Event: 0.004 Loaded shared library /Users/zijiandong/Library/Java/JavaVirtualMachines/openjdk-19.0.2/Contents/Home/lib/libjava.dylib
Event: 0.015 Loaded shared library /Users/zijiandong/Library/Java/JavaVirtualMachines/openjdk-19.0.2/Contents/Home/lib/libnio.dylib
Event: 0.027 Loaded shared library /Users/zijiandong/Library/Java/JavaVirtualMachines/openjdk-19.0.2/Contents/Home/lib/libzip.dylib
Event: 0.045 Loaded shared library /Users/zijiandong/Library/Java/JavaVirtualMachines/openjdk-19.0.2/Contents/Home/lib/libnet.dylib
Event: 0.060 Loaded shared library /Users/zijiandong/Library/Java/JavaVirtualMachines/openjdk-19.0.2/Contents/Home/lib/libzip.dylib
Event: 0.060 Loaded shared library /Users/zijiandong/Library/Java/JavaVirtualMachines/openjdk-19.0.2/Contents/Home/lib/libinstrument.dylib
Event: 0.125 Loading shared library /Users/zijiandong/.m2/repository/org/openjfx/javafx-graphics/17.0.1/libprism_es2.dylib failed, dlopen(/Users/zijiandong/.m2/repository/org/openjfx/javafx-graphics/17.0.1/libprism_es2.dylib, 0x0001): tried: '/Users/zijiandong/.m2/rep
Event: 0.141 Loaded shared library /Users/zijiandong/.openjfx/cache/17.0.1/libprism_es2.dylib
Event: 0.168 Loading shared library /Users/zijiandong/.m2/repository/org/openjfx/javafx-graphics/17.0.1/libglass.dylib failed, dlopen(/Users/zijiandong/.m2/repository/org/openjfx/javafx-graphics/17.0.1/libglass.dylib, 0x0001): tried: '/Users/zijiandong/.m2/repository/
Event: 0.173 Loaded shared library /Users/zijiandong/.openjfx/cache/17.0.1/libglass.dylib

Deoptimization events (20 events):
Event: 0.042 Thread 0x000000015d008c00 DEOPT PACKING pc=0x00000001160cf60c sp=0x000000016bc19960
Event: 0.042 Thread 0x000000015d008c00 DEOPT UNPACKING pc=0x0000000115b7f21c sp=0x000000016bc198d0 mode 2
Event: 0.057 Thread 0x000000015d008c00 Uncommon trap: trap_request=0xffffff45 fr.pc=0x00000001160d8b18 relative=0x00000000000004d8
Event: 0.057 Thread 0x000000015d008c00 Uncommon trap: reason=unstable_if action=reinterpret pc=0x00000001160d8b18 method=java.util.ImmutableCollections$SetN.probe(Ljava/lang/Object;)I @ 34 c2
Event: 0.057 Thread 0x000000015d008c00 DEOPT PACKING pc=0x00000001160d8b18 sp=0x000000016bc1a5f0
Event: 0.057 Thread 0x000000015d008c00 DEOPT UNPACKING pc=0x0000000115b7f21c sp=0x000000016bc1a580 mode 2
Event: 0.058 Thread 0x000000015d008c00 Uncommon trap: trap_request=0xffffff45 fr.pc=0x00000001160d680c relative=0x000000000000038c
Event: 0.058 Thread 0x000000015d008c00 Uncommon trap: reason=unstable_if action=reinterpret pc=0x00000001160d680c method=java.lang.StringLatin1.newString([BII)Ljava/lang/String; @ 1 c2
Event: 0.058 Thread 0x000000015d008c00 DEOPT PACKING pc=0x00000001160d680c sp=0x000000016bc1a160
Event: 0.058 Thread 0x000000015d008c00 DEOPT UNPACKING pc=0x0000000115b7f21c sp=0x000000016bc1a060 mode 2
Event: 0.062 Thread 0x000000015d008c00 Uncommon trap: trap_request=0xfffffff4 fr.pc=0x00000001160d3c88 relative=0x0000000000000148
Event: 0.062 Thread 0x000000015d008c00 Uncommon trap: reason=null_check action=make_not_entrant pc=0x00000001160d3c88 method=java.lang.String.equals(Ljava/lang/Object;)Z @ 8 c2
Event: 0.062 Thread 0x000000015d008c00 DEOPT PACKING pc=0x00000001160d3c88 sp=0x000000016bc1a140
Event: 0.062 Thread 0x000000015d008c00 DEOPT UNPACKING pc=0x0000000115b7f21c sp=0x000000016bc1a0e0 mode 2
Event: 0.090 Thread 0x000000015d008c00 DEOPT PACKING pc=0x000000010e62d864 sp=0x000000016bc15790
Event: 0.090 Thread 0x000000015d008c00 DEOPT UNPACKING pc=0x0000000115b7f07c sp=0x000000016bc15420 mode 0
Event: 0.125 Thread 0x000000015c00c800 Uncommon trap: trap_request=0xffffff45 fr.pc=0x00000001160d0558 relative=0x0000000000000518
Event: 0.125 Thread 0x000000015c00c800 Uncommon trap: reason=unstable_if action=reinterpret pc=0x00000001160d0558 method=jdk.internal.module.Checks.isJavaIdentifier(Ljava/lang/String;)Z @ 4 c2
Event: 0.125 Thread 0x000000015c00c800 DEOPT PACKING pc=0x00000001160d0558 sp=0x000000016e415ac0
Event: 0.125 Thread 0x000000015c00c800 DEOPT UNPACKING pc=0x0000000115b7f21c sp=0x000000016e415a50 mode 2

Classes loaded (20 events):
Event: 0.134 Loading class java/lang/constant/DirectMethodHandleDesc done
Event: 0.134 Loading class java/lang/constant/DirectMethodHandleDescImpl done
Event: 0.134 Loading class java/lang/constant/DirectMethodHandleDescImpl$1
Event: 0.134 Loading class java/lang/constant/DirectMethodHandleDescImpl$1 done
Event: 0.134 Loading class java/lang/constant/DirectMethodHandleDesc$1
Event: 0.134 Loading class java/lang/constant/DirectMethodHandleDesc$1 done
Event: 0.134 Loading class java/lang/constant/PrimitiveClassDescImpl
Event: 0.134 Loading class java/lang/constant/DynamicConstantDesc
Event: 0.134 Loading class java/lang/constant/DynamicConstantDesc done
Event: 0.134 Loading class java/lang/constant/PrimitiveClassDescImpl done
Event: 0.134 Loading class java/lang/constant/DynamicConstantDesc$AnonymousDynamicConstantDesc
Event: 0.134 Loading class java/lang/constant/DynamicConstantDesc$AnonymousDynamicConstantDesc done
Event: 0.138 Loading class sun/security/provider/ByteArrayAccess
Event: 0.138 Loading class sun/security/provider/ByteArrayAccess done
Event: 0.174 Loading class java/util/concurrent/BlockingDeque
Event: 0.174 Loading class java/util/concurrent/BlockingDeque done
Event: 0.174 Loading class java/util/concurrent/LinkedBlockingDeque
Event: 0.174 Loading class java/util/concurrent/LinkedBlockingDeque done
Event: 0.246 Loading class java/util/concurrent/LinkedBlockingDeque$Node
Event: 0.246 Loading class java/util/concurrent/LinkedBlockingDeque$Node done

Classes unloaded (0 events):
No events

Classes redefined (0 events):
No events

Internal exceptions (12 events):
Event: 0.049 Thread 0x000000015d008c00 Exception <a 'java/lang/NoSuchMethodError'{0x000000070fddd780}: 'void java.lang.invoke.DirectMethodHandle$Holder.invokeVirtual(java.lang.Object, java.lang.Object)'> (0x000000070fddd780) 
thrown [open/src/hotspot/share/interpreter/linkResolver.cpp, line 774]
Event: 0.062 Thread 0x000000015d008c00 Implicit null exception at 0x00000001160d3b6c to 0x00000001160d3c7c
Event: 0.062 Thread 0x000000015d008c00 Exception <a 'java/lang/NoSuchMethodError'{0x000000070fa94a90}: 'void java.lang.invoke.DirectMethodHandle$Holder.invokeStatic(java.lang.Object, java.lang.Object, java.lang.Object)'> (0x000000070fa94a90) 
thrown [open/src/hotspot/share/interpreter/linkResolver.cpp, line 774]
Event: 0.065 Thread 0x000000015d008c00 Exception <a 'java/lang/NoSuchMethodError'{0x000000070faac1f8}: 'java.lang.Object java.lang.invoke.Invokers$Holder.invokeExact_MT(java.lang.Object, java.lang.Object, java.lang.Object, java.lang.Object, java.lang.Object)'> (0x000000070faac1f8) 
thrown [open/src/hotspot/share/interpreter/linkResolver.cpp, line 774]
Event: 0.068 Thread 0x000000015d035a00 Exception <a 'java/lang/ClassNotFoundException'{0x000000070fae4a78}: jdk/net/ExtendedSocketOptions> (0x000000070fae4a78) 
thrown [open/src/hotspot/share/classfile/systemDictionary.cpp, line 255]
Event: 0.069 Thread 0x000000015d008c00 Exception <a 'java/lang/NoSuchMethodError'{0x000000070fbab860}: 'java.lang.Object java.lang.invoke.DirectMethodHandle$Holder.invokeStaticInit(java.lang.Object)'> (0x000000070fbab860) 
thrown [open/src/hotspot/share/interpreter/linkResolver.cpp, line 774]
Event: 0.069 Thread 0x000000015d035a00 Exception <a 'java/lang/NoSuchMethodError'{0x000000070fae6290}: 'void java.lang.invoke.DirectMethodHandle$Holder.invokeStatic(java.lang.Object, java.lang.Object)'> (0x000000070fae6290) 
thrown [open/src/hotspot/share/interpreter/linkResolver.cpp, line 774]
Event: 0.070 Thread 0x000000015d008c00 Exception <a 'java/lang/NoSuchMethodError'{0x000000070fbb21d0}: 'void java.lang.invoke.DirectMethodHandle$Holder.invokeStatic(java.lang.Object, java.lang.Object, java.lang.Object, java.lang.Object)'> (0x000000070fbb21d0) 
thrown [open/src/hotspot/share/interpreter/linkResolver.cpp, line 774]
Event: 0.070 Thread 0x000000015d008c00 Exception <a 'java/lang/NoSuchMethodError'{0x000000070fbb6130}: 'void java.lang.invoke.DirectMethodHandle$Holder.invokeSpecial(java.lang.Object, java.lang.Object, java.lang.Object, java.lang.Object, java.lang.Object)'> (0x000000070fbb6130) 
thrown [open/src/hotspot/share/interpreter/linkResolver.cpp, line 774]
Event: 0.071 Thread 0x000000015d008c00 Exception <a 'java/lang/NoSuchMethodError'{0x000000070fbc86f0}: 'java.lang.Object java.lang.invoke.Invokers$Holder.invokeExact_MT(java.lang.Object, java.lang.Object, java.lang.Object, java.lang.Object, java.lang.Object, java.lang.Object)'> (0x000000070fbc86f0) 
thrown [open/src/hotspot/share/interpreter/linkResolver.cpp, line 774]
Event: 0.111 Thread 0x000000015d008c00 Exception <a 'java/lang/NoSuchMethodError'{0x000000070f659198}: 'void java.lang.invoke.DirectMethodHandle$Holder.invokeSpecial(java.lang.Object, java.lang.Object, java.lang.Object)'> (0x000000070f659198) 
thrown [open/src/hotspot/share/interpreter/linkResolver.cpp, line 774]
Event: 0.164 Thread 0x000000015d008c00 Exception <a 'java/lang/NoSuchMethodError'{0x000000070f6adaa0}: 'int java.lang.invoke.DirectMethodHandle$Holder.invokeStaticInit(java.lang.Object, java.lang.Object, java.lang.Object)'> (0x000000070f6adaa0) 
thrown [open/src/hotspot/share/interpreter/linkResolver.cpp, line 774]

VM Operations (8 events):
Event: 0.053 Executing VM operation: HandshakeAllThreads
Event: 0.053 Executing VM operation: HandshakeAllThreads done
Event: 0.053 Executing VM operation: HandshakeAllThreads
Event: 0.053 Executing VM operation: HandshakeAllThreads done
Event: 0.066 Executing VM operation: HandshakeAllThreads
Event: 0.066 Executing VM operation: HandshakeAllThreads done
Event: 0.138 Executing VM operation: ICBufferFull
Event: 0.139 Executing VM operation: ICBufferFull done

Events (20 events):
Event: 0.012 Thread 0x000000015d80b600 Thread added: 0x000000015d80b600
Event: 0.012 Protecting memory [0x000000016d5cc000,0x000000016d5d8000] with protection modes 0
Event: 0.012 Thread 0x000000015d80bc00 Thread added: 0x000000015d80bc00
Event: 0.012 Protecting memory [0x000000016d7d8000,0x000000016d7e4000] with protection modes 0
Event: 0.022 Thread 0x000000012c08e400 Thread added: 0x000000012c08e400
Event: 0.022 Protecting memory [0x000000016d9e4000,0x000000016d9f0000] with protection modes 0
Event: 0.066 Thread 0x000000015d035a00 Thread added: 0x000000015d035a00
Event: 0.066 Thread 0x000000015d036000 Thread added: 0x000000015d036000
Event: 0.066 Protecting memory [0x000000016dbf0000,0x000000016dbfc000] with protection modes 0
Event: 0.066 Protecting memory [0x000000016ddfc000,0x000000016de08000] with protection modes 0
Event: 0.117 Thread 0x000000015c00c800 Thread added: 0x000000015c00c800
Event: 0.117 Protecting memory [0x000000016e214000,0x000000016e220000] with protection modes 0
Event: 0.174 Thread 0x000000012c84ce00 Thread added: 0x000000012c84ce00
Event: 0.174 Protecting memory [0x000000016e420000,0x000000016e42c000] with protection modes 0
Event: 0.175 Protecting memory [0x000000016b190000,0x000000016b19c000] with protection modes 0
Event: 0.175 Thread 0x000000015c0b1200 Thread added: 0x000000015c0b1200
Event: 0.206 Thread 0x000000015c0ec200 Thread added: 0x000000015c0ec200
Event: 0.207 Protecting memory [0x000000016e62c000,0x000000016e638000] with protection modes 0
Event: 0.246 Protecting memory [0x000000016e62c000,0x000000016e638000] with protection modes 3
Event: 0.246 Thread 0x000000015c0ec200 Thread exited: 0x000000015c0ec200


Dynamic libraries:
0x0000000104664000 	/Users/zijiandong/Library/Java/JavaVirtualMachines/openjdk-19.0.2/Contents/Home/lib/libjli.dylib
0x00000001b41d0000 	/System/Library/Frameworks/Cocoa.framework/Versions/A/Cocoa
0x00000001a03d9000 	/System/Library/Frameworks/AppKit.framework/Versions/C/AppKit
0x00000001a38f0000 	/System/Library/Frameworks/CoreData.framework/Versions/A/CoreData
0x000000019e734000 	/System/Library/Frameworks/Foundation.framework/Versions/C/Foundation
0x00000001a834d000 	/usr/lib/libSystem.B.dylib
0x00000001a1292000 	/System/Library/PrivateFrameworks/UIFoundation.framework/Versions/A/UIFoundation
0x00000001ae39b000 	/System/Library/PrivateFrameworks/RemoteViewServices.framework/Versions/A/RemoteViewServices
0x00000001a680c000 	/System/Library/PrivateFrameworks/XCTTargetBootstrap.framework/Versions/A/XCTTargetBootstrap
0x00000001aa08f000 	/System/Library/PrivateFrameworks/InternationalSupport.framework/Versions/A/InternationalSupport
0x00000001aa118000 	/System/Library/PrivateFrameworks/UserActivity.framework/Versions/A/UserActivity
0x00000001a9584000 	/usr/lib/libspindump.dylib
0x00000001a1503000 	/System/Library/Frameworks/UniformTypeIdentifiers.framework/Versions/A/UniformTypeIdentifiers
0x00000001a4d54000 	/usr/lib/libapp_launch_measurement.dylib
0x00000001a427c000 	/System/Library/PrivateFrameworks/CoreAnalytics.framework/Versions/A/CoreAnalytics
0x00000001a4d57000 	/System/Library/PrivateFrameworks/CoreAutoLayout.framework/Versions/A/CoreAutoLayout
0x00000001a60fb000 	/System/Library/Frameworks/Metal.framework/Versions/A/Metal
0x00000001a6e75000 	/usr/lib/liblangid.dylib
0x00000001a6811000 	/System/Library/PrivateFrameworks/CoreSVG.framework/Versions/A/CoreSVG
0x00000001a299a000 	/System/Library/PrivateFrameworks/SkyLight.framework/Versions/A/SkyLight
0x00000001a2d76000 	/System/Library/Frameworks/CoreGraphics.framework/Versions/A/CoreGraphics
0x00000001aea67000 	/System/Library/Frameworks/Accelerate.framework/Versions/A/Accelerate
0x00000001a8ffb000 	/System/Library/PrivateFrameworks/IconServices.framework/Versions/A/IconServices
0x00000001a60dd000 	/System/Library/Frameworks/IOSurface.framework/Versions/A/IOSurface
0x00000001a42ad000 	/usr/lib/libDiagnosticMessagesClient.dylib
0x00000001a8296000 	/usr/lib/libz.1.dylib
0x00000001b1f6d000 	/System/Library/Frameworks/ApplicationServices.framework/Versions/A/ApplicationServices
0x00000001a67f4000 	/System/Library/PrivateFrameworks/DFRFoundation.framework/Versions/A/DFRFoundation
0x000000019fc69000 	/usr/lib/libicucore.A.dylib
0x00000001aaf3d000 	/System/Library/Frameworks/AudioToolbox.framework/Versions/A/AudioToolbox
0x00000001aa09b000 	/System/Library/PrivateFrameworks/DataDetectorsCore.framework/Versions/A/DataDetectorsCore
0x00000001c0ab9000 	/System/Library/PrivateFrameworks/TextInput.framework/Versions/A/TextInput
0x00000001a290f000 	/usr/lib/libMobileGestalt.dylib
0x00000001a64c0000 	/System/Library/Frameworks/Carbon.framework/Versions/A/Frameworks/HIToolbox.framework/Versions/A/HIToolbox
0x00000001a472d000 	/System/Library/Frameworks/QuartzCore.framework/Versions/A/QuartzCore
0x000000019f8ea000 	/System/Library/Frameworks/Security.framework/Versions/A/Security
0x00000001ae3db000 	/System/Library/Frameworks/Carbon.framework/Versions/A/Frameworks/SpeechRecognition.framework/Versions/A/SpeechRecognition
0x00000001a4aa9000 	/System/Library/PrivateFrameworks/CoreUI.framework/Versions/A/CoreUI
0x000000019f1c6000 	/System/Library/Frameworks/CoreAudio.framework/Versions/A/CoreAudio
0x00000001a43a1000 	/System/Library/Frameworks/DiskArbitration.framework/Versions/A/DiskArbitration
0x00000001a998e000 	/System/Library/PrivateFrameworks/MultitouchSupport.framework/Versions/A/MultitouchSupport
0x00000001a290d000 	/usr/lib/libenergytrace.dylib
0x00000001a02a1000 	/System/Library/Frameworks/IOKit.framework/Versions/A/IOKit
0x00000001ae7ca000 	/System/Library/Frameworks/CoreServices.framework/Versions/A/CoreServices
0x00000001a4ce4000 	/System/Library/PrivateFrameworks/PerformanceAnalysis.framework/Versions/A/PerformanceAnalysis
0x00000001fef63000 	/System/Library/Frameworks/OpenGL.framework/Versions/A/OpenGL
0x00000001a78e8000 	/System/Library/PrivateFrameworks/MobileKeyBag.framework/Versions/A/MobileKeyBag
0x000000019d667000 	/usr/lib/libobjc.A.dylib
0x00000001a3384000 	/System/Library/Frameworks/ColorSync.framework/Versions/A/ColorSync
0x000000019d830000 	/System/Library/Frameworks/CoreFoundation.framework/Versions/A/CoreFoundation
0x00000001a6a91000 	/System/Library/Frameworks/CoreImage.framework/Versions/A/CoreImage
0x000000019efea000 	/System/Library/Frameworks/CoreText.framework/Versions/A/CoreText
0x00000001a6841000 	/System/Library/Frameworks/ImageIO.framework/Versions/A/ImageIO
0x00000001a8353000 	/System/Library/PrivateFrameworks/SoftLinking.framework/Versions/A/SoftLinking
0x00000001a4da2000 	/usr/lib/libxml2.2.dylib
0x000000019d72a000 	/usr/lib/libc++.1.dylib
0x00000001a85ec000 	/usr/lib/libcompression.dylib
0x00000001a9feb000 	/System/Library/PrivateFrameworks/TextureIO.framework/Versions/A/TextureIO
0x00000001a8d14000 	/usr/lib/libate.dylib
0x00000001a8347000 	/usr/lib/system/libcache.dylib
0x00000001a8305000 	/usr/lib/system/libcommonCrypto.dylib
0x00000001a832e000 	/usr/lib/system/libcompiler_rt.dylib
0x00000001a8325000 	/usr/lib/system/libcopyfile.dylib
0x000000019d56b000 	/usr/lib/system/libcorecrypto.dylib
0x000000019d620000 	/usr/lib/system/libdispatch.dylib
0x000000019d7ee000 	/usr/lib/system/libdyld.dylib
0x00000001a833d000 	/usr/lib/system/libkeymgr.dylib
0x00000001a82e0000 	/usr/lib/system/libmacho.dylib
0x00000001a79d0000 	/usr/lib/system/libquarantine.dylib
0x00000001a833a000 	/usr/lib/system/libremovefile.dylib
0x00000001a2966000 	/usr/lib/system/libsystem_asl.dylib
0x000000019d50d000 	/usr/lib/system/libsystem_blocks.dylib
0x000000019d6a8000 	/usr/lib/system/libsystem_c.dylib
0x00000001a8332000 	/usr/lib/system/libsystem_collections.dylib
0x00000001a6e65000 	/usr/lib/system/libsystem_configuration.dylib
0x00000001a60be000 	/usr/lib/system/libsystem_containermanager.dylib
0x00000001a803d000 	/usr/lib/system/libsystem_coreservices.dylib
0x000000019ff1f000 	/usr/lib/system/libsystem_darwin.dylib
0x00000001a833e000 	/usr/lib/system/libsystem_dnssd.dylib
0x000000019d6a5000 	/usr/lib/system/libsystem_featureflags.dylib
0x000000019d803000 	/usr/lib/system/libsystem_info.dylib
0x00000001a82a8000 	/usr/lib/system/libsystem_m.dylib
0x000000019d5f5000 	/usr/lib/system/libsystem_malloc.dylib
0x00000001a28f4000 	/usr/lib/system/libsystem_networkextension.dylib
0x00000001a0378000 	/usr/lib/system/libsystem_notify.dylib
0x00000001ae6a1000 	/usr/lib/system/libsystem_product_info_filter.dylib
0x00000001a6e6a000 	/usr/lib/system/libsystem_sandbox.dylib
0x00000001a8337000 	/usr/lib/system/libsystem_secinit.dylib
0x000000019d7a9000 	/usr/lib/system/libsystem_kernel.dylib
0x000000019d7fb000 	/usr/lib/system/libsystem_platform.dylib
0x000000019d7e1000 	/usr/lib/system/libsystem_pthread.dylib
0x00000001a40ca000 	/usr/lib/system/libsystem_symptoms.dylib
0x000000019d551000 	/usr/lib/system/libsystem_trace.dylib
0x00000001a8312000 	/usr/lib/system/libunwind.dylib
0x000000019d50f000 	/usr/lib/system/libxpc.dylib
0x000000019d791000 	/usr/lib/libc++abi.dylib
0x00000001a831d000 	/usr/lib/liboah.dylib
0x00000001a8bd9000 	/usr/lib/liblzma.5.dylib
0x000000019e427000 	/System/Library/Frameworks/SystemConfiguration.framework/Versions/A/SystemConfiguration
0x00000001a834f000 	/usr/lib/libfakelink.dylib
0x00000001a243f000 	/System/Library/Frameworks/CFNetwork.framework/Versions/A/CFNetwork
0x00000001a8495000 	/usr/lib/libarchive.2.dylib
0x00000001a6e71000 	/System/Library/PrivateFrameworks/AppleSystemInfo.framework/Versions/A/AppleSystemInfo
0x00000001a79fb000 	/usr/lib/libbsm.0.dylib
0x00000001a19ac000 	/usr/lib/libnetwork.dylib
0x00000001a82e9000 	/usr/lib/system/libkxld.dylib
0x00000001a7615000 	/System/Library/PrivateFrameworks/IOMobileFramebuffer.framework/Versions/A/IOMobileFramebuffer
0x000000021d352000 	/usr/lib/libCoreEntitlements.dylib
0x00000001a801f000 	/System/Library/PrivateFrameworks/AppleFSCompression.framework/Versions/A/AppleFSCompression
0x00000001a79e3000 	/usr/lib/libcoretls.dylib
0x00000001a8bf2000 	/usr/lib/libcoretls_cfhelpers.dylib
0x00000001a85e7000 	/usr/lib/libpam.2.dylib
0x00000001a3ce0000 	/usr/lib/libsqlite3.dylib
0x00000001a8c5b000 	/usr/lib/libxar.1.dylib
0x00000001a8030000 	/usr/lib/libbz2.1.0.dylib
0x00000001a8354000 	/usr/lib/libpcap.A.dylib
0x00000001a40c1000 	/usr/lib/libdns_services.dylib
0x00000001a85ba000 	/usr/lib/libapple_nghttp2.dylib
0x00000001a8391000 	/usr/lib/libiconv.2.dylib
0x00000001a82df000 	/usr/lib/libcharset.1.dylib
0x00000001a4d20000 	/System/Library/Frameworks/CoreServices.framework/Versions/A/Frameworks/FSEvents.framework/Versions/A/FSEvents
0x000000019ff2a000 	/System/Library/Frameworks/CoreServices.framework/Versions/A/Frameworks/CarbonCore.framework/Versions/A/CarbonCore
0x00000001a4301000 	/System/Library/Frameworks/CoreServices.framework/Versions/A/Frameworks/Metadata.framework/Versions/A/Metadata
0x00000001a8043000 	/System/Library/Frameworks/CoreServices.framework/Versions/A/Frameworks/OSServices.framework/Versions/A/OSServices
0x00000001a851b000 	/System/Library/Frameworks/CoreServices.framework/Versions/A/Frameworks/SearchKit.framework/Versions/A/SearchKit
0x00000001a404f000 	/System/Library/Frameworks/CoreServices.framework/Versions/A/Frameworks/AE.framework/Versions/A/AE
0x000000019dd77000 	/System/Library/Frameworks/CoreServices.framework/Versions/A/Frameworks/LaunchServices.framework/Versions/A/LaunchServices
0x00000001a8b82000 	/System/Library/Frameworks/CoreServices.framework/Versions/A/Frameworks/DictionaryServices.framework/Versions/A/DictionaryServices
0x00000001a4d2d000 	/System/Library/Frameworks/CoreServices.framework/Versions/A/Frameworks/SharedFileList.framework/Versions/A/SharedFileList
0x00000001a79d3000 	/usr/lib/libCheckFix.dylib
0x00000001a297e000 	/System/Library/PrivateFrameworks/TCC.framework/Versions/A/TCC
0x00000001a6e77000 	/System/Library/PrivateFrameworks/CoreNLP.framework/Versions/A/CoreNLP
0x00000001a42b0000 	/System/Library/PrivateFrameworks/MetadataUtilities.framework/Versions/A/MetadataUtilities
0x000000019e4e1000 	/usr/lib/libmecabra.dylib
0x00000001a7a0c000 	/usr/lib/libmecab.dylib
0x000000019e4ad000 	/usr/lib/libCRFSuite.dylib
0x00000001a7a69000 	/usr/lib/libgermantok.dylib
0x00000001a8593000 	/usr/lib/libThaiTokenizer.dylib
0x00000001a43a9000 	/System/Library/Frameworks/Accelerate.framework/Versions/A/Frameworks/vImage.framework/Versions/A/vImage
0x00000001ae7a1000 	/System/Library/Frameworks/Accelerate.framework/Versions/A/Frameworks/vecLib.framework/Versions/A/vecLib
0x00000001a8ca0000 	/System/Library/Frameworks/Accelerate.framework/Versions/A/Frameworks/vecLib.framework/Versions/A/libvMisc.dylib
0x00000001a751c000 	/System/Library/Frameworks/Accelerate.framework/Versions/A/Frameworks/vecLib.framework/Versions/A/libvDSP.dylib
0x000000019e102000 	/System/Library/Frameworks/Accelerate.framework/Versions/A/Frameworks/vecLib.framework/Versions/A/libBLAS.dylib
0x00000001a86bd000 	/System/Library/Frameworks/Accelerate.framework/Versions/A/Frameworks/vecLib.framework/Versions/A/libLAPACK.dylib
0x00000001a7a6c000 	/System/Library/Frameworks/Accelerate.framework/Versions/A/Frameworks/vecLib.framework/Versions/A/libLinearAlgebra.dylib
0x00000001a85d2000 	/System/Library/Frameworks/Accelerate.framework/Versions/A/Frameworks/vecLib.framework/Versions/A/libSparseBLAS.dylib
0x00000001a86b8000 	/System/Library/Frameworks/Accelerate.framework/Versions/A/Frameworks/vecLib.framework/Versions/A/libQuadrature.dylib
0x00000001a6f70000 	/System/Library/Frameworks/Accelerate.framework/Versions/A/Frameworks/vecLib.framework/Versions/A/libBNNS.dylib
0x000000019e3c0000 	/System/Library/Frameworks/Accelerate.framework/Versions/A/Frameworks/vecLib.framework/Versions/A/libSparse.dylib
0x00000001a6f68000 	/System/Library/PrivateFrameworks/LinguisticData.framework/Versions/A/LinguisticData
0x000000019e378000 	/System/Library/PrivateFrameworks/Lexicon.framework/Versions/A/Lexicon
0x00000001a8c98000 	/usr/lib/libChineseTokenizer.dylib
0x000000019eb26000 	/System/Library/PrivateFrameworks/LanguageModeling.framework/Versions/A/LanguageModeling
0x00000001a8595000 	/System/Library/PrivateFrameworks/AppleSauce.framework/Versions/A/AppleSauce
0x00000001a7602000 	/System/Library/PrivateFrameworks/CoreEmoji.framework/Versions/A/CoreEmoji
0x00000001a8483000 	/usr/lib/libcmph.dylib
0x00000001a4d00000 	/System/Library/Frameworks/OpenDirectory.framework/Versions/A/Frameworks/CFOpenDirectory.framework/Versions/A/CFOpenDirectory
0x00000001a4cf0000 	/System/Library/Frameworks/OpenDirectory.framework/Versions/A/OpenDirectory
0x00000001a8bf4000 	/System/Library/PrivateFrameworks/APFS.framework/Versions/A/APFS
0x00000001a7923000 	/System/Library/Frameworks/SecurityFoundation.framework/Versions/A/SecurityFoundation
0x00000001a8c6a000 	/usr/lib/libutil.dylib
0x00000001a0263000 	/System/Library/PrivateFrameworks/CoreServicesStore.framework/Versions/A/CoreServicesStore
0x00000001a8c6e000 	/usr/lib/libxslt.1.dylib
0x00000001a79b7000 	/System/Library/PrivateFrameworks/BackgroundTaskManagement.framework/Versions/A/BackgroundTaskManagement
0x00000001a9f0c000 	/System/Library/Frameworks/ImageIO.framework/Versions/A/Resources/libRadiance.dylib
0x00000001a9f15000 	/System/Library/Frameworks/ImageIO.framework/Versions/A/Resources/libJPEG.dylib
0x00000001a9e66000 	/System/Library/Frameworks/ImageIO.framework/Versions/A/Resources/libPng.dylib
0x00000001a9e88000 	/System/Library/Frameworks/ImageIO.framework/Versions/A/Resources/libTIFF.dylib
0x00000001a9f70000 	/System/Library/Frameworks/ImageIO.framework/Versions/A/Resources/libGIF.dylib
0x00000001a989e000 	/System/Library/Frameworks/ImageIO.framework/Versions/A/Resources/libJP2.dylib
0x00000001a8fc0000 	/usr/lib/libexpat.1.dylib
0x00000001a9859000 	/System/Library/PrivateFrameworks/AppleJPEG.framework/Versions/A/AppleJPEG
0x00000001a637c000 	/System/Library/PrivateFrameworks/FontServices.framework/libFontParser.dylib
0x00000001a3ff4000 	/System/Library/PrivateFrameworks/RunningBoardServices.framework/Versions/A/RunningBoardServices
0x00000001b48a7000 	/System/Library/PrivateFrameworks/IOSurfaceAccelerator.framework/Versions/A/IOSurfaceAccelerator
0x00000001a998a000 	/System/Library/PrivateFrameworks/WatchdogClient.framework/Versions/A/WatchdogClient
0x000000019ec26000 	/System/Library/Frameworks/CoreDisplay.framework/Versions/A/CoreDisplay
0x00000001a6266000 	/System/Library/Frameworks/CoreMedia.framework/Versions/A/CoreMedia
0x00000001a60f1000 	/System/Library/PrivateFrameworks/IOAccelerator.framework/Versions/A/IOAccelerator
0x00000001a4e90000 	/System/Library/Frameworks/CoreVideo.framework/Versions/A/CoreVideo
0x00000001a85e5000 	/System/Library/Frameworks/MetalPerformanceShaders.framework/Versions/A/MetalPerformanceShaders
0x00000001a99c9000 	/System/Library/Frameworks/VideoToolbox.framework/Versions/A/VideoToolbox
0x00000001a3f38000 	/System/Library/PrivateFrameworks/BaseBoard.framework/Versions/A/BaseBoard
0x00000001a3cc6000 	/System/Library/PrivateFrameworks/ProtocolBuffer.framework/Versions/A/ProtocolBuffer
0x00000001a9f07000 	/System/Library/PrivateFrameworks/GPUWrangler.framework/Versions/A/GPUWrangler
0x00000001a9ee7000 	/System/Library/PrivateFrameworks/IOPresentment.framework/Versions/A/IOPresentment
0x00000001a9f0f000 	/System/Library/PrivateFrameworks/DSExternalDisplay.framework/Versions/A/DSExternalDisplay
0x00000001fef56000 	/System/Library/Frameworks/OpenGL.framework/Versions/A/Libraries/libCoreFSCache.dylib
0x0000000209e20000 	/System/Library/PrivateFrameworks/GPUCompiler.framework/Versions/31001/Libraries/libGPUCompilerUtils.dylib
0x00000001a9f75000 	/System/Library/PrivateFrameworks/CMCaptureCore.framework/Versions/A/CMCaptureCore
0x00000001a9571000 	/System/Library/PrivateFrameworks/AppServerSupport.framework/Versions/A/AppServerSupport
0x00000001ab7fb000 	/System/Library/PrivateFrameworks/perfdata.framework/Versions/A/perfdata
0x000000019ed46000 	/System/Library/PrivateFrameworks/AudioToolboxCore.framework/Versions/A/AudioToolboxCore
0x00000001a623f000 	/System/Library/PrivateFrameworks/caulk.framework/Versions/A/caulk
0x00000001ab0f0000 	/usr/lib/libAudioStatistics.dylib
0x00000001bd10c000 	/System/Library/PrivateFrameworks/SystemPolicy.framework/Versions/A/SystemPolicy
0x00000001ab35c000 	/usr/lib/libSMC.dylib
0x00000001b40ae000 	/System/Library/Frameworks/CoreMIDI.framework/Versions/A/CoreMIDI
0x00000001a9e34000 	/usr/lib/libAudioToolboxUtility.dylib
0x00000001b926f000 	/System/Library/PrivateFrameworks/OSAServicesClient.framework/Versions/A/OSAServicesClient
0x00000001ab808000 	/usr/lib/libperfcheck.dylib
0x00000001bdc2b000 	/usr/lib/libmis.dylib
0x00000001fefb8000 	/System/Library/Frameworks/OpenGL.framework/Versions/A/Libraries/libGLU.dylib
0x00000001fef77000 	/System/Library/Frameworks/OpenGL.framework/Versions/A/Libraries/libGFXShared.dylib
0x00000001ff164000 	/System/Library/Frameworks/OpenGL.framework/Versions/A/Libraries/libGL.dylib
0x00000001fef80000 	/System/Library/Frameworks/OpenGL.framework/Versions/A/Libraries/libGLImage.dylib
0x00000001fef74000 	/System/Library/Frameworks/OpenGL.framework/Versions/A/Libraries/libCVMSPluginSupport.dylib
0x00000001fef5d000 	/System/Library/Frameworks/OpenGL.framework/Versions/A/Libraries/libCoreVMClient.dylib
0x00000001a6df1000 	/System/Library/Frameworks/MetalPerformanceShaders.framework/Versions/A/Frameworks/MPSCore.framework/Versions/A/MPSCore
0x00000001a7f92000 	/System/Library/Frameworks/MetalPerformanceShaders.framework/Versions/A/Frameworks/MPSImage.framework/Versions/A/MPSImage
0x00000001a7a81000 	/System/Library/Frameworks/MetalPerformanceShaders.framework/Versions/A/Frameworks/MPSNeuralNetwork.framework/Versions/A/MPSNeuralNetwork
0x00000001a7eba000 	/System/Library/Frameworks/MetalPerformanceShaders.framework/Versions/A/Frameworks/MPSMatrix.framework/Versions/A/MPSMatrix
0x00000001a7c93000 	/System/Library/Frameworks/MetalPerformanceShaders.framework/Versions/A/Frameworks/MPSRayIntersector.framework/Versions/A/MPSRayIntersector
0x00000001a7eeb000 	/System/Library/Frameworks/MetalPerformanceShaders.framework/Versions/A/Frameworks/MPSNDArray.framework/Versions/A/MPSNDArray
0x0000000201a5f000 	/System/Library/Frameworks/MetalPerformanceShaders.framework/Versions/A/Frameworks/MPSFunctions.framework/Versions/A/MPSFunctions
0x000000019dfd8000 	/System/Library/PrivateFrameworks/MetalTools.framework/Versions/A/MetalTools
0x00000001a6e6f000 	/System/Library/PrivateFrameworks/AggregateDictionary.framework/Versions/A/AggregateDictionary
0x00000001a8da5000 	/usr/lib/libIOReport.dylib
0x00000001b30c7000 	/System/Library/PrivateFrameworks/ASEProcessing.framework/Versions/A/ASEProcessing
0x00000001a911a000 	/System/Library/PrivateFrameworks/FaceCore.framework/Versions/A/FaceCore
0x00000001a910c000 	/System/Library/PrivateFrameworks/GraphVisualizer.framework/Versions/A/GraphVisualizer
0x0000000209d37000 	/System/Library/PrivateFrameworks/FontServices.framework/Versions/A/FontServices
0x00000001a952d000 	/System/Library/PrivateFrameworks/OTSVG.framework/Versions/A/OTSVG
0x00000001a4a59000 	/System/Library/Frameworks/ApplicationServices.framework/Versions/A/Frameworks/ATS.framework/Versions/A/Resources/libFontRegistry.dylib
0x00000001a957a000 	/System/Library/PrivateFrameworks/FontServices.framework/libhvf.dylib
0x0000000209d38000 	/System/Library/PrivateFrameworks/FontServices.framework/libXTFontStaticRegistryData.dylib
0x00000001ff305000 	/System/Library/Frameworks/OpenCL.framework/Versions/A/OpenCL
0x00000001a8f74000 	/System/Library/PrivateFrameworks/AppleVA.framework/Versions/A/AppleVA
0x00000001ab118000 	/System/Library/Frameworks/ApplicationServices.framework/Versions/A/Frameworks/ATS.framework/Versions/A/ATS
0x00000001a3483000 	/System/Library/Frameworks/ApplicationServices.framework/Versions/A/Frameworks/HIServices.framework/Versions/A/HIServices
0x00000001a9f7f000 	/System/Library/Frameworks/ApplicationServices.framework/Versions/A/Frameworks/PrintCore.framework/Versions/A/PrintCore
0x00000001ab4af000 	/System/Library/Frameworks/ApplicationServices.framework/Versions/A/Frameworks/QD.framework/Versions/A/QD
0x00000001ab4a7000 	/System/Library/Frameworks/ApplicationServices.framework/Versions/A/Frameworks/ColorSyncLegacy.framework/Versions/A/ColorSyncLegacy
0x00000001ab104000 	/System/Library/Frameworks/ApplicationServices.framework/Versions/A/Frameworks/SpeechSynthesis.framework/Versions/A/SpeechSynthesis
0x00000001a9f40000 	/System/Library/Frameworks/ApplicationServices.framework/Versions/A/Frameworks/ATSUI.framework/Versions/A/ATSUI
0x00000001ab43c000 	/usr/lib/libcups.2.dylib
0x00000001ab816000 	/System/Library/Frameworks/Kerberos.framework/Versions/A/Kerberos
0x00000001ab827000 	/System/Library/Frameworks/GSS.framework/Versions/A/GSS
0x00000001ab188000 	/usr/lib/libresolv.9.dylib
0x00000001a9589000 	/System/Library/PrivateFrameworks/Heimdal.framework/Versions/A/Heimdal
0x00000001b22fd000 	/System/Library/Frameworks/Kerberos.framework/Versions/A/Libraries/libHeimdalProxy.dylib
0x00000001a40d3000 	/System/Library/Frameworks/Network.framework/Versions/A/Network
0x00000001a8fdb000 	/usr/lib/libheimdal-asn1.dylib
0x00000001ab877000 	/System/Library/PrivateFrameworks/CommonAuth.framework/Versions/A/CommonAuth
0x00000001ab07e000 	/System/Library/PrivateFrameworks/AudioSession.framework/Versions/A/AudioSession
0x00000001a906d000 	/System/Library/PrivateFrameworks/MediaExperience.framework/Versions/A/MediaExperience
0x00000001aaf03000 	/System/Library/PrivateFrameworks/AudioSession.framework/libSessionUtility.dylib
0x00000001ab4bb000 	/System/Library/PrivateFrameworks/AudioResourceArbitration.framework/Versions/A/AudioResourceArbitration
0x00000001af67e000 	/System/Library/PrivateFrameworks/PowerLog.framework/Versions/A/PowerLog
0x00000001a8fe5000 	/System/Library/PrivateFrameworks/IconFoundation.framework/Versions/A/IconFoundation
0x00000001ae3c7000 	/System/Library/PrivateFrameworks/SpeechRecognitionCore.framework/Versions/A/SpeechRecognitionCore
0x00000001056d4000 	/Users/zijiandong/Library/Java/JavaVirtualMachines/openjdk-19.0.2/Contents/Home/lib/server/libjvm.dylib
0x00000001046c8000 	/Users/zijiandong/Library/Java/JavaVirtualMachines/openjdk-19.0.2/Contents/Home/lib/libjimage.dylib
0x00000001046f4000 	/Users/zijiandong/Library/Java/JavaVirtualMachines/openjdk-19.0.2/Contents/Home/lib/libinstrument.dylib
0x0000000104740000 	/Users/zijiandong/Library/Java/JavaVirtualMachines/openjdk-19.0.2/Contents/Home/lib/libjava.dylib
0x00000001051f4000 	/Users/zijiandong/Library/Java/JavaVirtualMachines/openjdk-19.0.2/Contents/Home/lib/libnio.dylib
0x0000000105214000 	/Users/zijiandong/Library/Java/JavaVirtualMachines/openjdk-19.0.2/Contents/Home/lib/libnet.dylib
0x0000000105234000 	/Users/zijiandong/Library/Java/JavaVirtualMachines/openjdk-19.0.2/Contents/Home/lib/libzip.dylib
0x0000000104728000 	/Users/zijiandong/.openjfx/cache/17.0.1/libprism_es2.dylib
0x00000001a0226000 	/System/Library/PrivateFrameworks/CoreServicesInternal.framework/Versions/A/CoreServicesInternal
0x00000001ff16e000 	/System/Library/Frameworks/OpenGL.framework/Versions/A/Resources/GLEngine.bundle/GLEngine
0x00000001feff6000 	/System/Library/Frameworks/OpenGL.framework/Versions/A/Libraries/libGLProgrammability.dylib
0x0000000105450000 	/System/Library/Extensions/AppleMetalOpenGLRenderer.bundle/Contents/MacOS/AppleMetalOpenGLRenderer
0x00000001ff2dd000 	/System/Library/Frameworks/OpenGL.framework/Versions/A/Resources/GLRendererFloat.bundle/GLRendererFloat
0x00000001e4208000 	/System/Library/Extensions/AGXMetalG13X.bundle/Contents/MacOS/AGXMetalG13X
0x00000001bdc47000 	/System/Library/PrivateFrameworks/GPURawCounter.framework/Versions/A/GPURawCounter
0x00000001b83d8000 	/System/Library/PrivateFrameworks/IOGPU.framework/Versions/A/IOGPU
0x000000012aa00000 	/Users/zijiandong/.openjfx/cache/17.0.1/libglass.dylib
0x00000001af8d6000 	/System/Library/Frameworks/FileProvider.framework/Versions/A/FileProvider
0x00000001a3ea0000 	/System/Library/Frameworks/Accounts.framework/Versions/A/Accounts
0x00000001afa5a000 	/System/Library/PrivateFrameworks/GenerationalStorage.framework/Versions/A/GenerationalStorage
0x00000001b061d000 	/System/Library/PrivateFrameworks/CoreSymbolication.framework/Versions/A/CoreSymbolication
0x00000001af672000 	/System/Library/PrivateFrameworks/SymptomDiagnosticReporter.framework/Versions/A/SymptomDiagnosticReporter
0x00000001a1517000 	/System/Library/PrivateFrameworks/DesktopServicesPriv.framework/Versions/A/DesktopServicesPriv
0x00000001a0388000 	/usr/lib/libsandbox.1.dylib
0x00000001a4f1e000 	/System/Library/PrivateFrameworks/UserManagement.framework/Versions/A/UserManagement
0x00000001b05da000 	/System/Library/PrivateFrameworks/DebugSymbols.framework/Versions/A/DebugSymbols
0x00000001ab49a000 	/System/Library/PrivateFrameworks/NetAuth.framework/Versions/A/NetAuth
0x00000001ac3b8000 	/System/Library/PrivateFrameworks/Sharing.framework/Versions/A/Sharing
0x00000001a4eee000 	/System/Library/PrivateFrameworks/login.framework/Versions/A/Frameworks/loginsupport.framework/Versions/A/loginsupport
0x00000001b1811000 	/System/Library/PrivateFrameworks/Apple80211.framework/Versions/A/Apple80211
0x00000001a8076000 	/System/Library/PrivateFrameworks/AuthKit.framework/Versions/A/AuthKit
0x00000001a76fe000 	/System/Library/PrivateFrameworks/CoreUtils.framework/Versions/A/CoreUtils
0x00000001a7621000 	/System/Library/Frameworks/CoreWLAN.framework/Versions/A/CoreWLAN
0x00000001ac528000 	/System/Library/Frameworks/IOBluetooth.framework/Versions/A/IOBluetooth
0x00000001b1871000 	/System/Library/PrivateFrameworks/CoreWiFi.framework/Versions/A/CoreWiFi
0x00000001b01ba000 	/System/Library/PrivateFrameworks/FrontBoardServices.framework/Versions/A/FrontBoardServices
0x00000001b0252000 	/System/Library/PrivateFrameworks/BoardServices.framework/Versions/A/BoardServices
0x00000001a7911000 	/System/Library/PrivateFrameworks/AssertionServices.framework/Versions/A/AssertionServices
0x00000001b19ee000 	/System/Library/PrivateFrameworks/BackBoardServices.framework/Versions/A/BackBoardServices
0x00000001ab90e000 	/System/Library/PrivateFrameworks/CorePhoneNumbers.framework/Versions/A/CorePhoneNumbers
0x00000001ab1b5000 	/System/Library/PrivateFrameworks/MultiverseSupport.framework/Versions/A/MultiverseSupport
0x00000001b1c70000 	/System/Library/PrivateFrameworks/RemoteServiceDiscovery.framework/Versions/A/RemoteServiceDiscovery
0x00000001af7a2000 	/System/Library/PrivateFrameworks/DiskManagement.framework/Versions/A/DiskManagement
0x00000001af6a5000 	/System/Library/PrivateFrameworks/AppleIDAuthSupport.framework/Versions/A/AppleIDAuthSupport
0x000000020429c000 	/System/Library/PrivateFrameworks/AAAFoundation.framework/Versions/A/AAAFoundation
0x00000001ab8ed000 	/System/Library/PrivateFrameworks/KeychainCircle.framework/Versions/A/KeychainCircle
0x00000001b1c80000 	/System/Library/PrivateFrameworks/RemoteXPC.framework/Versions/A/RemoteXPC
0x00000001af76e000 	/System/Library/PrivateFrameworks/MediaKit.framework/Versions/A/MediaKit
0x00000001af6b2000 	/System/Library/Frameworks/DiscRecording.framework/Versions/A/DiscRecording
0x00000001a8ef0000 	/usr/lib/libCoreStorage.dylib
0x00000001b1cec000 	/usr/lib/libcsfde.dylib
0x00000001ac5fd000 	/System/Library/PrivateFrameworks/ProtectedCloudStorage.framework/Versions/A/ProtectedCloudStorage
0x00000001b1ce4000 	/System/Library/PrivateFrameworks/EFILogin.framework/Versions/A/EFILogin
0x00000001afa81000 	/System/Library/PrivateFrameworks/OctagonTrust.framework/Versions/A/OctagonTrust
0x0000000208ebe000 	/System/Library/PrivateFrameworks/CoreUtilsExtras.framework/Versions/A/CoreUtilsExtras
0x00000001af5d7000 	/System/Library/Frameworks/CoreBluetooth.framework/Versions/A/CoreBluetooth
0x00000001b2382000 	/System/Library/Frameworks/AudioUnit.framework/Versions/A/AudioUnit
0x00000001a8ee8000 	/usr/lib/libMatch.1.dylib
0x00000001c212f000 	/System/Library/Frameworks/Accelerate.framework/Versions/A/Frameworks/vImage.framework/Versions/A/Libraries/libCGInterfaces.dylib
0x000000012d274000 	/usr/lib/libobjc-trampolines.dylib
0x00000001a4be8000 	/System/Library/PrivateFrameworks/ViewBridge.framework/Versions/A/ViewBridge


VM Arguments:
jvm_args: -javaagent:/Applications/IntelliJ IDEA.app/Contents/lib/idea_rt.jar=56663:/Applications/IntelliJ IDEA.app/Contents/bin -Dfile.encoding=UTF-8 --module-path=/Users/zijiandong/.m2/repository/org/openjfx/javafx-controls/17.0.1/javafx-controls-17.0.1-mac-aarch64.jar:/Users/zijiandong/.m2/repository/org/openjfx/javafx-base/17.0.1/javafx-base-17.0.1-mac-aarch64.jar:/Users/zijiandong/.m2/repository/org/openjfx/javafx-graphics/17.0.1/javafx-graphics-17.0.1-mac-aarch64.jar:/Users/zijiandong/.m2/repository/org/openjfx/javafx-fxml/17.0.1/javafx-fxml-17.0.1-mac-aarch64.jar:/Users/zijiandong/Documents/GitHub/Project_2.2_02/target/classes -Djdk.module.main=chatbot.project22 
java_command: chatbot.project22/chatbot.project22.GUI.seYamlAddScene
java_class_path (initial): /Users/zijiandong/.m2/repository/org/openjfx/javafx-controls/17.0.1/javafx-controls-17.0.1.jar:/Users/zijiandong/.m2/repository/org/openjfx/javafx-graphics/17.0.1/javafx-graphics-17.0.1.jar:/Users/zijiandong/.m2/repository/org/openjfx/javafx-base/17.0.1/javafx-base-17.0.1.jar:/Users/zijiandong/.m2/repository/org/openjfx/javafx-fxml/17.0.1/javafx-fxml-17.0.1.jar
Launcher Type: SUN_STANDARD

[Global flags]
     intx CICompilerCount                          = 4                                         {product} {ergonomic}
     uint ConcGCThreads                            = 2                                         {product} {ergonomic}
     uint G1ConcRefinementThreads                  = 8                                         {product} {ergonomic}
   size_t G1HeapRegionSize                         = 2097152                                   {product} {ergonomic}
    uintx GCDrainStackTargetSize                   = 64                                        {product} {ergonomic}
   size_t InitialHeapSize                          = 268435456                                 {product} {ergonomic}
   size_t MarkStackSize                            = 4194304                                   {product} {ergonomic}
   size_t MaxHeapSize                              = 4294967296                                {product} {ergonomic}
   size_t MaxNewSize                               = 2575302656                                {product} {ergonomic}
   size_t MinHeapDeltaBytes                        = 2097152                                   {product} {ergonomic}
   size_t MinHeapSize                              = 8388608                                   {product} {ergonomic}
    uintx NonNMethodCodeHeapSize                   = 5839564                                {pd product} {ergonomic}
    uintx NonProfiledCodeHeapSize                  = 122909338                              {pd product} {ergonomic}
    uintx ProfiledCodeHeapSize                     = 122909338                              {pd product} {ergonomic}
    uintx ReservedCodeCacheSize                    = 251658240                              {pd product} {ergonomic}
     bool SegmentedCodeCache                       = true                                      {product} {ergonomic}
   size_t SoftMaxHeapSize                          = 4294967296                             {manageable} {ergonomic}
     bool UseCompressedClassPointers               = true                           {product lp64_product} {ergonomic}
     bool UseCompressedOops                        = true                           {product lp64_product} {ergonomic}
     bool UseG1GC                                  = true                                      {product} {ergonomic}
     bool UseNUMA                                  = false                                     {product} {ergonomic}
     bool UseNUMAInterleaving                      = false                                     {product} {ergonomic}

Logging:
Log output configuration:
 #0: stdout all=warning uptime,level,tags foldmultilines=false
 #1: stderr all=off uptime,level,tags foldmultilines=false

Environment Variables:
PATH=/Users/zijiandong/opt/anaconda3/bin:/Users/zijiandong/opt/anaconda3/condabin:/Library/Frameworks/Python.framework/Versions/3.10/bin:/usr/local/bin:/usr/bin:/bin:/usr/sbin:/sbin:/Library/TeX/texbin
SHELL=/bin/zsh
LC_CTYPE=en_NL.UTF-8
TMPDIR=/var/folders/p8/jv7nrndx0473b80b8rp2rn8m0000gn/T/

Active Locale:
LC_ALL=C
LC_COLLATE=C
LC_CTYPE=C
LC_MESSAGES=C
LC_MONETARY=C
LC_NUMERIC=C
LC_TIME=C

Signal Handlers:
   SIGSEGV: _ZL13crash_handleriP9__siginfoPv in libjvm.dylib, mask=11100110000111110111111111111111, flags=SA_RESTART|SA_SIGINFO
    SIGBUS: _ZL13crash_handleriP9__siginfoPv in libjvm.dylib, mask=11100110000111110111111111111111, flags=SA_RESTART|SA_SIGINFO
    SIGFPE: _ZL13crash_handleriP9__siginfoPv in libjvm.dylib, mask=11100110000111110111111111111111, flags=SA_RESTART|SA_SIGINFO
   SIGPIPE: _ZL17javaSignalHandleriP9__siginfoPv in libjvm.dylib, mask=11100110000111110111111111111111, flags=SA_RESTART|SA_SIGINFO
   SIGXFSZ: _ZL17javaSignalHandleriP9__siginfoPv in libjvm.dylib, mask=11100110000111110111111111111111, flags=SA_RESTART|SA_SIGINFO
    SIGILL: _ZL13crash_handleriP9__siginfoPv in libjvm.dylib, mask=11100110000111110111111111111111, flags=SA_RESTART|SA_SIGINFO
   SIGUSR2: _ZL10SR_handleriP9__siginfoP17__darwin_ucontext in libjvm.dylib, mask=00100000000000000000000000000000, flags=SA_RESTART|SA_SIGINFO
    SIGHUP: _ZL11UserHandleriPvS_ in libjvm.dylib, mask=11100110000111110111111111111111, flags=SA_RESTART|SA_SIGINFO
    SIGINT: _ZL11UserHandleriPvS_ in libjvm.dylib, mask=11100110000111110111111111111111, flags=SA_RESTART|SA_SIGINFO
   SIGTERM: _ZL11UserHandleriPvS_ in libjvm.dylib, mask=11100110000111110111111111111111, flags=SA_RESTART|SA_SIGINFO
   SIGQUIT: _ZL11UserHandleriPvS_ in libjvm.dylib, mask=11100110000111110111111111111111, flags=SA_RESTART|SA_SIGINFO
   SIGTRAP: _ZL13crash_handleriP9__siginfoPv in libjvm.dylib, mask=11100110000111110111111111111111, flags=SA_RESTART|SA_SIGINFO


---------------  S Y S T E M  ---------------

OS:
uname: Darwin 21.6.0 Darwin Kernel Version 21.6.0: Mon Aug 22 20:19:52 PDT 2022; root:xnu-8020.140.49~2/RELEASE_ARM64_T6000 arm64
OS uptime: 17 days 23:36 hours
rlimit (soft/hard): STACK 8176k/65520k , CORE 0k/infinity , NPROC 2666/4000 , NOFILE 10240/infinity , AS infinity/infinity , CPU infinity/infinity , DATA infinity/infinity , FSIZE infinity/infinity , MEMLOCK infinity/infinity , RSS infinity/infinity
load average: 4.97 3.45 2.29

CPU: total 8 (initial active 8) 0x61:0x0:0x1b588bb3:0, fp, simd, aes, pmull, crc32, lse

Memory: 16k page, physical 16777216k(295520k free), swap 2097152k(1332224k free)

vm_info: OpenJDK 64-Bit Server VM (19.0.2+7-44) for bsd-aarch64 JRE (19.0.2+7-44), built on 2022-11-30T18:02:09Z by "mach5one" with clang Apple LLVM 12.0.0 (clang-1200.0.32.29)

END.
